ULTRAPNG PIPELINE V7.0 — RUN REPORT
============================================================
Date       : 2026-03-30 01:40 IST
Batch      : 10 -> 310
Generated  : 300
Deleted    : 0
Approved   : 300
Transparent: 300
Uploaded   : 300
Posts      : 300
Duration   : 4.7h
Status     : SUCCESS
============================================================

FULL LOG
============================================================
[20:57:11] Manual drop: no PNG files found
[20:57:11] Loading prompts...
[20:57:12] Loaded 6840 prompts
[20:57:12] Building skip-set from REPO2 JSON files...
[20:57:14]   Skip-set (REPO2): 10 already-done filenames
[20:57:15]   Skip-set (ultradata): 802 already-generated filenames
[20:57:15]   Combined skip-set: 802 filenames total

[20:57:15] Batch: 10 → 310 (300 prompts, 300 fresh)

[20:57:15] ========================================================
[20:57:15] PHASE 1: FLUX.2-Klein-4B — Image Generation
[20:57:15]   Loading from HuggingFace: black-forest-labs/FLUX.2-klein-4B
[20:57:15] ========================================================
[20:57:52]   Loading: black-forest-labs/FLUX.2-klein-4B
[20:57:52]   (First run: downloads ~8GB — ~5 min)
[20:58:52] FLUX.2 loaded | Batch: 300 | Skip: 802

[21:00:05]   [1/300] OK admissions_open_11.png | ADMISSIONS & ENROLLMENT | ETA 363min
[21:00:52]   [2/300] OK admissions_open_12.png | ADMISSIONS & ENROLLMENT | ETA 298min
[21:01:39]   [3/300] OK admissions_open_13.png | ADMISSIONS & ENROLLMENT | ETA 276min
[21:02:25]   [4/300] OK admissions_open_14.png | ADMISSIONS & ENROLLMENT | ETA 262min
[21:03:13]   [5/300] OK admissions_open_15.png | ADMISSIONS & ENROLLMENT | ETA 257min
[21:03:59]   [6/300] OK admissions_open_16.png | ADMISSIONS & ENROLLMENT | ETA 251min
[21:04:45]   [7/300] OK admissions_open_17.png | ADMISSIONS & ENROLLMENT | ETA 246min
[21:05:31]   [8/300] OK admissions_open_18.png | ADMISSIONS & ENROLLMENT | ETA 243min
[21:06:17]   [9/300] OK admissions_open_19.png | ADMISSIONS & ENROLLMENT | ETA 240min
[21:07:04]   [10/300] OK admissions_open_20.png | ADMISSIONS & ENROLLMENT | ETA 238min
[21:07:48]   [11/300] OK enrollment_open_01.png | ADMISSIONS & ENROLLMENT | ETA 235min
[21:08:34]   [12/300] OK enrollment_open_02.png | ADMISSIONS & ENROLLMENT | ETA 233min
[21:09:19]   [13/300] OK enrollment_open_03.png | ADMISSIONS & ENROLLMENT | ETA 231min
[21:10:05]   [14/300] OK enrollment_open_04.png | ADMISSIONS & ENROLLMENT | ETA 229min
[21:10:51]   [15/300] OK enrollment_open_05.png | ADMISSIONS & ENROLLMENT | ETA 228min
[21:11:37]   [16/300] OK enrollment_open_06.png | ADMISSIONS & ENROLLMENT | ETA 226min
[21:12:22]   [17/300] OK enrollment_open_07.png | ADMISSIONS & ENROLLMENT | ETA 225min
[21:13:07]   [18/300] OK enrollment_open_08.png | ADMISSIONS & ENROLLMENT | ETA 223min
[21:13:52]   [19/300] OK enrollment_open_09.png | ADMISSIONS & ENROLLMENT | ETA 222min
[21:14:37]   [20/300] OK enrollment_open_10.png | ADMISSIONS & ENROLLMENT | ETA 220min
[21:15:23]   [21/300] OK enrollment_open_11.png | ADMISSIONS & ENROLLMENT | ETA 220min
[21:16:09]   [22/300] OK enrollment_open_12.png | ADMISSIONS & ENROLLMENT | ETA 218min
[21:16:57]   [23/300] OK enrollment_open_13.png | ADMISSIONS & ENROLLMENT | ETA 218min
[21:17:42]   [24/300] OK enrollment_open_14.png | ADMISSIONS & ENROLLMENT | ETA 217min
[21:18:27]   [25/300] OK enrollment_open_15.png | ADMISSIONS & ENROLLMENT | ETA 215min
[21:19:13]   [26/300] OK enrollment_open_16.png | ADMISSIONS & ENROLLMENT | ETA 214min
[21:19:59]   [27/300] OK enrollment_open_17.png | ADMISSIONS & ENROLLMENT | ETA 213min
[21:20:44]   [28/300] OK enrollment_open_18.png | ADMISSIONS & ENROLLMENT | ETA 212min
[21:21:29]   [29/300] OK enrollment_open_19.png | ADMISSIONS & ENROLLMENT | ETA 211min
[21:22:14]   [30/300] OK enrollment_open_20.png | ADMISSIONS & ENROLLMENT | ETA 210min
[21:23:00]   [31/300] OK registration_open_01.png | ADMISSIONS & ENROLLMENT | ETA 209min
[21:23:46]   [32/300] OK registration_open_02.png | ADMISSIONS & ENROLLMENT | ETA 209min
[21:24:31]   [33/300] OK registration_open_03.png | ADMISSIONS & ENROLLMENT | ETA 208min
[21:25:18]   [34/300] OK registration_open_04.png | ADMISSIONS & ENROLLMENT | ETA 207min
[21:26:04]   [35/300] OK registration_open_05.png | ADMISSIONS & ENROLLMENT | ETA 206min
[21:26:49]   [36/300] OK registration_open_06.png | ADMISSIONS & ENROLLMENT | ETA 205min
[21:27:34]   [37/300] OK registration_open_07.png | ADMISSIONS & ENROLLMENT | ETA 204min
[21:28:18]   [38/300] OK registration_open_08.png | ADMISSIONS & ENROLLMENT | ETA 203min
[21:29:03]   [39/300] OK registration_open_09.png | ADMISSIONS & ENROLLMENT | ETA 202min
[21:29:47]   [40/300] OK registration_open_10.png | ADMISSIONS & ENROLLMENT | ETA 201min
[21:30:32]   [41/300] OK registration_open_11.png | ADMISSIONS & ENROLLMENT | ETA 200min
[21:31:17]   [42/300] OK registration_open_12.png | ADMISSIONS & ENROLLMENT | ETA 199min
[21:32:03]   [43/300] OK registration_open_13.png | ADMISSIONS & ENROLLMENT | ETA 198min
[21:32:47]   [44/300] OK registration_open_14.png | ADMISSIONS & ENROLLMENT | ETA 197min
[21:33:31]   [45/300] OK registration_open_15.png | ADMISSIONS & ENROLLMENT | ETA 196min
[21:34:16]   [46/300] OK registration_open_16.png | ADMISSIONS & ENROLLMENT | ETA 195min
[21:35:00]   [47/300] OK registration_open_17.png | ADMISSIONS & ENROLLMENT | ETA 195min
[21:35:46]   [48/300] OK registration_open_18.png | ADMISSIONS & ENROLLMENT | ETA 194min
[21:36:31]   [49/300] OK registration_open_19.png | ADMISSIONS & ENROLLMENT | ETA 193min
[21:37:15]   [50/300] OK registration_open_20.png | ADMISSIONS & ENROLLMENT | ETA 192min
[21:37:59]   [51/300] OK apply_now_01.png | ADMISSIONS & ENROLLMENT | ETA 191min
[21:38:44]   [52/300] OK apply_now_02.png | ADMISSIONS & ENROLLMENT | ETA 190min
[21:39:30]   [53/300] OK apply_now_03.png | ADMISSIONS & ENROLLMENT | ETA 189min
[21:40:14]   [54/300] OK apply_now_04.png | ADMISSIONS & ENROLLMENT | ETA 188min
[21:41:00]   [55/300] OK apply_now_05.png | ADMISSIONS & ENROLLMENT | ETA 188min
[21:41:44]   [56/300] OK apply_now_06.png | ADMISSIONS & ENROLLMENT | ETA 187min
[21:42:29]   [57/300] OK apply_now_07.png | ADMISSIONS & ENROLLMENT | ETA 186min
[21:43:13]   [58/300] OK apply_now_08.png | ADMISSIONS & ENROLLMENT | ETA 185min
[21:43:58]   [59/300] OK apply_now_09.png | ADMISSIONS & ENROLLMENT | ETA 184min
[21:44:43]   [60/300] OK apply_now_10.png | ADMISSIONS & ENROLLMENT | ETA 183min
[21:45:28]   [61/300] OK apply_now_11.png | ADMISSIONS & ENROLLMENT | ETA 183min
[21:46:13]   [62/300] OK apply_now_12.png | ADMISSIONS & ENROLLMENT | ETA 182min
[21:46:58]   [63/300] OK apply_now_13.png | ADMISSIONS & ENROLLMENT | ETA 181min
[21:47:43]   [64/300] OK apply_now_14.png | ADMISSIONS & ENROLLMENT | ETA 180min
[21:48:30]   [65/300] OK apply_now_15.png | ADMISSIONS & ENROLLMENT | ETA 179min
[21:49:16]   [66/300] OK apply_now_16.png | ADMISSIONS & ENROLLMENT | ETA 179min
[21:50:01]   [67/300] OK apply_now_17.png | ADMISSIONS & ENROLLMENT | ETA 178min
[21:50:46]   [68/300] OK apply_now_18.png | ADMISSIONS & ENROLLMENT | ETA 177min
[21:51:31]   [69/300] OK apply_now_19.png | ADMISSIONS & ENROLLMENT | ETA 176min
[21:52:15]   [70/300] OK apply_now_20.png | ADMISSIONS & ENROLLMENT | ETA 175min
[21:53:00]   [71/300] OK enroll_now_01.png | ADMISSIONS & ENROLLMENT | ETA 175min
[21:53:45]   [72/300] OK enroll_now_02.png | ADMISSIONS & ENROLLMENT | ETA 174min
[21:54:31]   [73/300] OK enroll_now_03.png | ADMISSIONS & ENROLLMENT | ETA 173min
[21:55:16]   [74/300] OK enroll_now_04.png | ADMISSIONS & ENROLLMENT | ETA 172min
[21:56:01]   [75/300] OK enroll_now_05.png | ADMISSIONS & ENROLLMENT | ETA 171min
[21:56:48]   [76/300] OK enroll_now_06.png | ADMISSIONS & ENROLLMENT | ETA 171min
[21:57:34]   [77/300] OK enroll_now_07.png | ADMISSIONS & ENROLLMENT | ETA 170min
[21:58:19]   [78/300] OK enroll_now_08.png | ADMISSIONS & ENROLLMENT | ETA 169min
[21:59:04]   [79/300] OK enroll_now_09.png | ADMISSIONS & ENROLLMENT | ETA 168min
[21:59:49]   [80/300] OK enroll_now_10.png | ADMISSIONS & ENROLLMENT | ETA 168min
[22:00:34]   [81/300] OK enroll_now_11.png | ADMISSIONS & ENROLLMENT | ETA 167min
[22:01:19]   [82/300] OK enroll_now_12.png | ADMISSIONS & ENROLLMENT | ETA 166min
[22:02:06]   [83/300] OK enroll_now_13.png | ADMISSIONS & ENROLLMENT | ETA 165min
[22:02:51]   [84/300] OK enroll_now_14.png | ADMISSIONS & ENROLLMENT | ETA 165min
[22:03:36]   [85/300] OK enroll_now_15.png | ADMISSIONS & ENROLLMENT | ETA 164min
[22:04:21]   [86/300] OK enroll_now_16.png | ADMISSIONS & ENROLLMENT | ETA 163min
[22:05:07]   [87/300] OK enroll_now_17.png | ADMISSIONS & ENROLLMENT | ETA 162min
[22:05:53]   [88/300] OK enroll_now_18.png | ADMISSIONS & ENROLLMENT | ETA 161min
[22:06:38]   [89/300] OK enroll_now_19.png | ADMISSIONS & ENROLLMENT | ETA 161min
[22:07:23]   [90/300] OK enroll_now_20.png | ADMISSIONS & ENROLLMENT | ETA 160min
[22:08:08]   [91/300] OK register_now_01.png | ADMISSIONS & ENROLLMENT | ETA 159min
[22:08:54]   [92/300] OK register_now_02.png | ADMISSIONS & ENROLLMENT | ETA 158min
[22:09:39]   [93/300] OK register_now_03.png | ADMISSIONS & ENROLLMENT | ETA 158min
[22:10:25]   [94/300] OK register_now_04.png | ADMISSIONS & ENROLLMENT | ETA 157min
[22:11:11]   [95/300] OK register_now_05.png | ADMISSIONS & ENROLLMENT | ETA 156min
[22:11:57]   [96/300] OK register_now_06.png | ADMISSIONS & ENROLLMENT | ETA 155min
[22:12:43]   [97/300] OK register_now_07.png | ADMISSIONS & ENROLLMENT | ETA 155min
[22:13:27]   [98/300] OK register_now_08.png | ADMISSIONS & ENROLLMENT | ETA 154min
[22:14:14]   [99/300] OK register_now_09.png | ADMISSIONS & ENROLLMENT | ETA 153min
[22:14:58]   [100/300] OK register_now_10.png | ADMISSIONS & ENROLLMENT | ETA 152min
[22:15:43]   [101/300] OK register_now_11.png | ADMISSIONS & ENROLLMENT | ETA 151min
[22:16:28]   [102/300] OK register_now_12.png | ADMISSIONS & ENROLLMENT | ETA 151min
[22:17:14]   [103/300] OK register_now_13.png | ADMISSIONS & ENROLLMENT | ETA 150min
[22:17:59]   [104/300] OK register_now_14.png | ADMISSIONS & ENROLLMENT | ETA 149min
[22:18:45]   [105/300] OK register_now_15.png | ADMISSIONS & ENROLLMENT | ETA 148min
[22:19:30]   [106/300] OK register_now_16.png | ADMISSIONS & ENROLLMENT | ETA 148min
[22:20:15]   [107/300] OK register_now_17.png | ADMISSIONS & ENROLLMENT | ETA 147min
[22:21:00]   [108/300] OK register_now_18.png | ADMISSIONS & ENROLLMENT | ETA 146min
[22:21:45]   [109/300] OK register_now_19.png | ADMISSIONS & ENROLLMENT | ETA 145min
[22:22:31]   [110/300] OK register_now_20.png | ADMISSIONS & ENROLLMENT | ETA 144min
[22:23:16]   [111/300] OK join_now_01.png | ADMISSIONS & ENROLLMENT | ETA 144min
[22:24:02]   [112/300] OK join_now_02.png | ADMISSIONS & ENROLLMENT | ETA 143min
[22:24:46]   [113/300] OK join_now_03.png | ADMISSIONS & ENROLLMENT | ETA 142min
[22:25:32]   [114/300] OK join_now_04.png | ADMISSIONS & ENROLLMENT | ETA 141min
[22:26:17]   [115/300] OK join_now_05.png | ADMISSIONS & ENROLLMENT | ETA 141min
[22:27:01]   [116/300] OK join_now_06.png | ADMISSIONS & ENROLLMENT | ETA 140min
[22:27:46]   [117/300] OK join_now_07.png | ADMISSIONS & ENROLLMENT | ETA 139min
[22:28:30]   [118/300] OK join_now_08.png | ADMISSIONS & ENROLLMENT | ETA 138min
[22:29:15]   [119/300] OK join_now_09.png | ADMISSIONS & ENROLLMENT | ETA 137min
[22:30:00]   [120/300] OK join_now_10.png | ADMISSIONS & ENROLLMENT | ETA 137min
[22:30:44]   [121/300] OK join_now_11.png | ADMISSIONS & ENROLLMENT | ETA 136min
[22:31:30]   [122/300] OK join_now_12.png | ADMISSIONS & ENROLLMENT | ETA 135min
[22:32:15]   [123/300] OK join_now_13.png | ADMISSIONS & ENROLLMENT | ETA 134min
[22:32:59]   [124/300] OK join_now_14.png | ADMISSIONS & ENROLLMENT | ETA 134min
[22:33:45]   [125/300] OK join_now_15.png | ADMISSIONS & ENROLLMENT | ETA 133min
[22:34:30]   [126/300] OK join_now_16.png | ADMISSIONS & ENROLLMENT | ETA 132min
[22:35:15]   [127/300] OK join_now_17.png | ADMISSIONS & ENROLLMENT | ETA 131min
[22:36:00]   [128/300] OK join_now_18.png | ADMISSIONS & ENROLLMENT | ETA 131min
[22:36:45]   [129/300] OK join_now_19.png | ADMISSIONS & ENROLLMENT | ETA 130min
[22:37:30]   [130/300] OK join_now_20.png | ADMISSIONS & ENROLLMENT | ETA 129min
[22:38:16]   [131/300] OK sign_up_now_01.png | ADMISSIONS & ENROLLMENT | ETA 128min
[22:39:01]   [132/300] OK sign_up_now_02.png | ADMISSIONS & ENROLLMENT | ETA 127min
[22:39:46]   [133/300] OK sign_up_now_03.png | ADMISSIONS & ENROLLMENT | ETA 127min
[22:40:31]   [134/300] OK sign_up_now_04.png | ADMISSIONS & ENROLLMENT | ETA 126min
[22:41:18]   [135/300] OK sign_up_now_05.png | ADMISSIONS & ENROLLMENT | ETA 125min
[22:42:02]   [136/300] OK sign_up_now_06.png | ADMISSIONS & ENROLLMENT | ETA 124min
[22:42:47]   [137/300] OK sign_up_now_07.png | ADMISSIONS & ENROLLMENT | ETA 124min
[22:43:31]   [138/300] OK sign_up_now_08.png | ADMISSIONS & ENROLLMENT | ETA 123min
[22:44:16]   [139/300] OK sign_up_now_09.png | ADMISSIONS & ENROLLMENT | ETA 122min
[22:45:01]   [140/300] OK sign_up_now_10.png | ADMISSIONS & ENROLLMENT | ETA 121min
[22:45:45]   [141/300] OK sign_up_now_11.png | ADMISSIONS & ENROLLMENT | ETA 121min
[22:46:30]   [142/300] OK sign_up_now_12.png | ADMISSIONS & ENROLLMENT | ETA 120min
[22:47:15]   [143/300] OK sign_up_now_13.png | ADMISSIONS & ENROLLMENT | ETA 119min
[22:48:01]   [144/300] OK sign_up_now_14.png | ADMISSIONS & ENROLLMENT | ETA 118min
[22:48:46]   [145/300] OK sign_up_now_15.png | ADMISSIONS & ENROLLMENT | ETA 117min
[22:49:32]   [146/300] OK sign_up_now_16.png | ADMISSIONS & ENROLLMENT | ETA 117min
[22:50:16]   [147/300] OK sign_up_now_17.png | ADMISSIONS & ENROLLMENT | ETA 116min
[22:51:02]   [148/300] OK sign_up_now_18.png | ADMISSIONS & ENROLLMENT | ETA 115min
[22:51:47]   [149/300] OK sign_up_now_19.png | ADMISSIONS & ENROLLMENT | ETA 114min
[22:52:33]   [150/300] OK sign_up_now_20.png | ADMISSIONS & ENROLLMENT | ETA 114min
[22:53:19]   [151/300] OK applications_invited_01.png | ADMISSIONS & ENROLLMENT | ETA 113min
[22:54:04]   [152/300] OK applications_invited_02.png | ADMISSIONS & ENROLLMENT | ETA 112min
[22:54:49]   [153/300] OK applications_invited_03.png | ADMISSIONS & ENROLLMENT | ETA 111min
[22:55:34]   [154/300] OK applications_invited_04.png | ADMISSIONS & ENROLLMENT | ETA 111min
[22:56:18]   [155/300] OK applications_invited_05.png | ADMISSIONS & ENROLLMENT | ETA 110min
[22:57:03]   [156/300] OK applications_invited_06.png | ADMISSIONS & ENROLLMENT | ETA 109min
[22:57:49]   [157/300] OK applications_invited_07.png | ADMISSIONS & ENROLLMENT | ETA 108min
[22:58:35]   [158/300] OK applications_invited_08.png | ADMISSIONS & ENROLLMENT | ETA 108min
[22:59:19]   [159/300] OK applications_invited_09.png | ADMISSIONS & ENROLLMENT | ETA 107min
[23:00:04]   [160/300] OK applications_invited_10.png | ADMISSIONS & ENROLLMENT | ETA 106min
[23:00:50]   [161/300] OK applications_invited_11.png | ADMISSIONS & ENROLLMENT | ETA 105min
[23:01:35]   [162/300] OK applications_invited_12.png | ADMISSIONS & ENROLLMENT | ETA 105min
[23:02:19]   [163/300] OK applications_invited_13.png | ADMISSIONS & ENROLLMENT | ETA 104min
[23:03:04]   [164/300] OK applications_invited_14.png | ADMISSIONS & ENROLLMENT | ETA 103min
[23:03:49]   [165/300] OK applications_invited_15.png | ADMISSIONS & ENROLLMENT | ETA 102min
[23:04:34]   [166/300] OK applications_invited_16.png | ADMISSIONS & ENROLLMENT | ETA 101min
[23:05:20]   [167/300] OK applications_invited_17.png | ADMISSIONS & ENROLLMENT | ETA 101min
[23:06:06]   [168/300] OK applications_invited_18.png | ADMISSIONS & ENROLLMENT | ETA 100min
[23:06:50]   [169/300] OK applications_invited_19.png | ADMISSIONS & ENROLLMENT | ETA 99min
[23:07:36]   [170/300] OK applications_invited_20.png | ADMISSIONS & ENROLLMENT | ETA 98min
[23:08:21]   [171/300] OK seats_available_01.png | ADMISSIONS & ENROLLMENT | ETA 98min
[23:09:06]   [172/300] OK seats_available_02.png | ADMISSIONS & ENROLLMENT | ETA 97min
[23:09:51]   [173/300] OK seats_available_03.png | ADMISSIONS & ENROLLMENT | ETA 96min
[23:10:35]   [174/300] OK seats_available_04.png | ADMISSIONS & ENROLLMENT | ETA 95min
[23:11:21]   [175/300] OK seats_available_05.png | ADMISSIONS & ENROLLMENT | ETA 95min
[23:12:06]   [176/300] OK seats_available_06.png | ADMISSIONS & ENROLLMENT | ETA 94min
[23:12:51]   [177/300] OK seats_available_07.png | ADMISSIONS & ENROLLMENT | ETA 93min
[23:13:38]   [178/300] OK seats_available_08.png | ADMISSIONS & ENROLLMENT | ETA 92min
[23:14:22]   [179/300] OK seats_available_09.png | ADMISSIONS & ENROLLMENT | ETA 92min
[23:15:07]   [180/300] OK seats_available_10.png | ADMISSIONS & ENROLLMENT | ETA 91min
[23:15:52]   [181/300] OK seats_available_11.png | ADMISSIONS & ENROLLMENT | ETA 90min
[23:16:39]   [182/300] OK seats_available_12.png | ADMISSIONS & ENROLLMENT | ETA 89min
[23:17:24]   [183/300] OK seats_available_13.png | ADMISSIONS & ENROLLMENT | ETA 89min
[23:18:09]   [184/300] OK seats_available_14.png | ADMISSIONS & ENROLLMENT | ETA 88min
[23:18:54]   [185/300] OK seats_available_15.png | ADMISSIONS & ENROLLMENT | ETA 87min
[23:19:40]   [186/300] OK seats_available_16.png | ADMISSIONS & ENROLLMENT | ETA 86min
[23:20:26]   [187/300] OK seats_available_17.png | ADMISSIONS & ENROLLMENT | ETA 86min
[23:21:11]   [188/300] OK seats_available_18.png | ADMISSIONS & ENROLLMENT | ETA 85min
[23:21:56]   [189/300] OK seats_available_19.png | ADMISSIONS & ENROLLMENT | ETA 84min
[23:22:41]   [190/300] OK seats_available_20.png | ADMISSIONS & ENROLLMENT | ETA 83min
[23:23:25]   [191/300] OK limited_seats_01.png | ADMISSIONS & ENROLLMENT | ETA 82min
[23:24:10]   [192/300] OK limited_seats_02.png | ADMISSIONS & ENROLLMENT | ETA 82min
[23:24:55]   [193/300] OK limited_seats_03.png | ADMISSIONS & ENROLLMENT | ETA 81min
[23:25:40]   [194/300] OK limited_seats_04.png | ADMISSIONS & ENROLLMENT | ETA 80min
[23:26:24]   [195/300] OK limited_seats_05.png | ADMISSIONS & ENROLLMENT | ETA 79min
[23:27:11]   [196/300] OK limited_seats_06.png | ADMISSIONS & ENROLLMENT | ETA 79min
[23:27:57]   [197/300] OK limited_seats_07.png | ADMISSIONS & ENROLLMENT | ETA 78min
[23:28:43]   [198/300] OK limited_seats_08.png | ADMISSIONS & ENROLLMENT | ETA 77min
[23:29:28]   [199/300] OK limited_seats_09.png | ADMISSIONS & ENROLLMENT | ETA 76min
[23:30:13]   [200/300] OK limited_seats_10.png | ADMISSIONS & ENROLLMENT | ETA 76min
[23:30:59]   [201/300] OK limited_seats_11.png | ADMISSIONS & ENROLLMENT | ETA 75min
[23:31:45]   [202/300] OK limited_seats_12.png | ADMISSIONS & ENROLLMENT | ETA 74min
[23:32:30]   [203/300] OK limited_seats_13.png | ADMISSIONS & ENROLLMENT | ETA 73min
[23:33:15]   [204/300] OK limited_seats_14.png | ADMISSIONS & ENROLLMENT | ETA 73min
[23:34:00]   [205/300] OK limited_seats_15.png | ADMISSIONS & ENROLLMENT | ETA 72min
[23:34:45]   [206/300] OK limited_seats_16.png | ADMISSIONS & ENROLLMENT | ETA 71min
[23:35:31]   [207/300] OK limited_seats_17.png | ADMISSIONS & ENROLLMENT | ETA 70min
[23:36:15]   [208/300] OK limited_seats_18.png | ADMISSIONS & ENROLLMENT | ETA 70min
[23:37:00]   [209/300] OK limited_seats_19.png | ADMISSIONS & ENROLLMENT | ETA 69min
[23:37:45]   [210/300] OK limited_seats_20.png | ADMISSIONS & ENROLLMENT | ETA 68min
[23:38:30]   [211/300] OK open_for_admissions_01.png | ADMISSIONS & ENROLLMENT | ETA 67min
[23:39:15]   [212/300] OK open_for_admissions_02.png | ADMISSIONS & ENROLLMENT | ETA 67min
[23:40:00]   [213/300] OK open_for_admissions_03.png | ADMISSIONS & ENROLLMENT | ETA 66min
[23:40:44]   [214/300] OK open_for_admissions_04.png | ADMISSIONS & ENROLLMENT | ETA 65min
[23:41:29]   [215/300] OK open_for_admissions_05.png | ADMISSIONS & ENROLLMENT | ETA 64min
[23:42:14]   [216/300] OK open_for_admissions_06.png | ADMISSIONS & ENROLLMENT | ETA 64min
[23:42:59]   [217/300] OK open_for_admissions_07.png | ADMISSIONS & ENROLLMENT | ETA 63min
[23:43:44]   [218/300] OK open_for_admissions_08.png | ADMISSIONS & ENROLLMENT | ETA 62min
[23:44:28]   [219/300] OK open_for_admissions_09.png | ADMISSIONS & ENROLLMENT | ETA 61min
[23:45:13]   [220/300] OK open_for_admissions_10.png | ADMISSIONS & ENROLLMENT | ETA 60min
[23:45:57]   [221/300] OK open_for_admissions_11.png | ADMISSIONS & ENROLLMENT | ETA 60min
[23:46:42]   [222/300] OK open_for_admissions_12.png | ADMISSIONS & ENROLLMENT | ETA 59min
[23:47:26]   [223/300] OK open_for_admissions_13.png | ADMISSIONS & ENROLLMENT | ETA 58min
[23:48:12]   [224/300] OK open_for_admissions_14.png | ADMISSIONS & ENROLLMENT | ETA 57min
[23:48:57]   [225/300] OK open_for_admissions_15.png | ADMISSIONS & ENROLLMENT | ETA 57min
[23:49:42]   [226/300] OK open_for_admissions_16.png | ADMISSIONS & ENROLLMENT | ETA 56min
[23:50:27]   [227/300] OK open_for_admissions_17.png | ADMISSIONS & ENROLLMENT | ETA 55min
[23:51:11]   [228/300] OK open_for_admissions_18.png | ADMISSIONS & ENROLLMENT | ETA 54min
[23:51:56]   [229/300] OK open_for_admissions_19.png | ADMISSIONS & ENROLLMENT | ETA 54min
[23:52:41]   [230/300] OK open_for_admissions_20.png | ADMISSIONS & ENROLLMENT | ETA 53min
[23:53:26]   [231/300] OK now_accepting_applications_01.png | ADMISSIONS & ENROLLMENT | ETA 52min
[23:54:11]   [232/300] OK now_accepting_applications_02.png | ADMISSIONS & ENROLLMENT | ETA 51min
[23:54:55]   [233/300] OK now_accepting_applications_03.png | ADMISSIONS & ENROLLMENT | ETA 51min
[23:55:42]   [234/300] OK now_accepting_applications_04.png | ADMISSIONS & ENROLLMENT | ETA 50min
[23:56:28]   [235/300] OK now_accepting_applications_05.png | ADMISSIONS & ENROLLMENT | ETA 49min
[23:57:13]   [236/300] OK now_accepting_applications_06.png | ADMISSIONS & ENROLLMENT | ETA 48min
[23:57:58]   [237/300] OK now_accepting_applications_07.png | ADMISSIONS & ENROLLMENT | ETA 48min
[23:58:42]   [238/300] OK now_accepting_applications_08.png | ADMISSIONS & ENROLLMENT | ETA 47min
[23:59:27]   [239/300] OK now_accepting_applications_09.png | ADMISSIONS & ENROLLMENT | ETA 46min
[00:00:12]   [240/300] OK now_accepting_applications_10.png | ADMISSIONS & ENROLLMENT | ETA 45min
[00:00:57]   [241/300] OK now_accepting_applications_11.png | ADMISSIONS & ENROLLMENT | ETA 45min
[00:01:43]   [242/300] OK now_accepting_applications_12.png | ADMISSIONS & ENROLLMENT | ETA 44min
[00:02:27]   [243/300] OK now_accepting_applications_13.png | ADMISSIONS & ENROLLMENT | ETA 43min
[00:03:14]   [244/300] OK now_accepting_applications_14.png | ADMISSIONS & ENROLLMENT | ETA 42min
[00:03:58]   [245/300] OK now_accepting_applications_15.png | ADMISSIONS & ENROLLMENT | ETA 42min
[00:04:43]   [246/300] OK now_accepting_applications_16.png | ADMISSIONS & ENROLLMENT | ETA 41min
[00:05:28]   [247/300] OK now_accepting_applications_17.png | ADMISSIONS & ENROLLMENT | ETA 40min
[00:06:12]   [248/300] OK now_accepting_applications_18.png | ADMISSIONS & ENROLLMENT | ETA 39min
[00:06:57]   [249/300] OK now_accepting_applications_19.png | ADMISSIONS & ENROLLMENT | ETA 39min
[00:07:41]   [250/300] OK now_accepting_applications_20.png | ADMISSIONS & ENROLLMENT | ETA 38min
[00:08:27]   [251/300] OK enrollment_begins_01.png | ADMISSIONS & ENROLLMENT | ETA 37min
[00:09:12]   [252/300] OK enrollment_begins_02.png | ADMISSIONS & ENROLLMENT | ETA 36min
[00:09:58]   [253/300] OK enrollment_begins_03.png | ADMISSIONS & ENROLLMENT | ETA 35min
[00:10:44]   [254/300] OK enrollment_begins_04.png | ADMISSIONS & ENROLLMENT | ETA 35min
[00:11:30]   [255/300] OK enrollment_begins_05.png | ADMISSIONS & ENROLLMENT | ETA 34min
[00:12:15]   [256/300] OK enrollment_begins_06.png | ADMISSIONS & ENROLLMENT | ETA 33min
[00:12:59]   [257/300] OK enrollment_begins_07.png | ADMISSIONS & ENROLLMENT | ETA 32min
[00:13:44]   [258/300] OK enrollment_begins_08.png | ADMISSIONS & ENROLLMENT | ETA 32min
[00:14:28]   [259/300] OK enrollment_begins_09.png | ADMISSIONS & ENROLLMENT | ETA 31min
[00:15:13]   [260/300] OK enrollment_begins_10.png | ADMISSIONS & ENROLLMENT | ETA 30min
[00:15:58]   [261/300] OK enrollment_begins_11.png | ADMISSIONS & ENROLLMENT | ETA 29min
[00:16:43]   [262/300] OK enrollment_begins_12.png | ADMISSIONS & ENROLLMENT | ETA 29min
[00:17:27]   [263/300] OK enrollment_begins_13.png | ADMISSIONS & ENROLLMENT | ETA 28min
[00:18:12]   [264/300] OK enrollment_begins_14.png | ADMISSIONS & ENROLLMENT | ETA 27min
[00:18:58]   [265/300] OK enrollment_begins_15.png | ADMISSIONS & ENROLLMENT | ETA 26min
[00:19:43]   [266/300] OK enrollment_begins_16.png | ADMISSIONS & ENROLLMENT | ETA 26min
[00:20:28]   [267/300] OK enrollment_begins_17.png | ADMISSIONS & ENROLLMENT | ETA 25min
[00:21:15]   [268/300] OK enrollment_begins_18.png | ADMISSIONS & ENROLLMENT | ETA 24min
[00:22:00]   [269/300] OK enrollment_begins_19.png | ADMISSIONS & ENROLLMENT | ETA 23min
[00:22:45]   [270/300] OK enrollment_begins_20.png | ADMISSIONS & ENROLLMENT | ETA 23min
[00:23:32]   [271/300] OK early_admission_01.png | ADMISSIONS & ENROLLMENT | ETA 22min
[00:24:17]   [272/300] OK early_admission_02.png | ADMISSIONS & ENROLLMENT | ETA 21min
[00:25:02]   [273/300] OK early_admission_03.png | ADMISSIONS & ENROLLMENT | ETA 20min
[00:25:48]   [274/300] OK early_admission_04.png | ADMISSIONS & ENROLLMENT | ETA 20min
[00:26:33]   [275/300] OK early_admission_05.png | ADMISSIONS & ENROLLMENT | ETA 19min
[00:27:18]   [276/300] OK early_admission_06.png | ADMISSIONS & ENROLLMENT | ETA 18min
[00:28:03]   [277/300] OK early_admission_07.png | ADMISSIONS & ENROLLMENT | ETA 17min
[00:28:48]   [278/300] OK early_admission_08.png | ADMISSIONS & ENROLLMENT | ETA 17min
[00:29:34]   [279/300] OK early_admission_09.png | ADMISSIONS & ENROLLMENT | ETA 16min
[00:30:18]   [280/300] OK early_admission_10.png | ADMISSIONS & ENROLLMENT | ETA 15min
[00:31:03]   [281/300] OK early_admission_11.png | ADMISSIONS & ENROLLMENT | ETA 14min
[00:31:48]   [282/300] OK early_admission_12.png | ADMISSIONS & ENROLLMENT | ETA 14min
[00:32:33]   [283/300] OK early_admission_13.png | ADMISSIONS & ENROLLMENT | ETA 13min
[00:33:18]   [284/300] OK early_admission_14.png | ADMISSIONS & ENROLLMENT | ETA 12min
[00:34:02]   [285/300] OK early_admission_15.png | ADMISSIONS & ENROLLMENT | ETA 11min
[00:34:50]   [286/300] OK early_admission_16.png | ADMISSIONS & ENROLLMENT | ETA 11min
[00:35:36]   [287/300] OK early_admission_17.png | ADMISSIONS & ENROLLMENT | ETA 10min
[00:36:21]   [288/300] OK early_admission_18.png | ADMISSIONS & ENROLLMENT | ETA 9min
[00:37:06]   [289/300] OK early_admission_19.png | ADMISSIONS & ENROLLMENT | ETA 8min
[00:37:52]   [290/300] OK early_admission_20.png | ADMISSIONS & ENROLLMENT | ETA 8min
[00:38:37]   [291/300] OK important_notice_01.png | ANNOUNCEMENTS | ETA 7min
[00:39:22]   [292/300] OK important_notice_02.png | ANNOUNCEMENTS | ETA 6min
[00:40:07]   [293/300] OK important_notice_03.png | ANNOUNCEMENTS | ETA 5min
[00:40:52]   [294/300] OK important_notice_04.png | ANNOUNCEMENTS | ETA 5min
[00:41:37]   [295/300] OK important_notice_05.png | ANNOUNCEMENTS | ETA 4min
[00:42:22]   [296/300] OK important_notice_06.png | ANNOUNCEMENTS | ETA 3min
[00:43:07]   [297/300] OK important_notice_07.png | ANNOUNCEMENTS | ETA 2min
[00:43:52]   [298/300] OK important_notice_08.png | ANNOUNCEMENTS | ETA 2min
[00:44:37]   [299/300] OK important_notice_09.png | ANNOUNCEMENTS | ETA 1min
[00:45:22]   [300/300] OK important_notice_10.png | ANNOUNCEMENTS | ETA 0min
[00:45:22] 
  Deleting FLUX.2 -> freeing VRAM + disk cache...
[00:45:23]   GPU used: 0.0GB
[00:45:23]   Deleted FLUX cache: models--black-forest-labs--FLUX.2-klein-4B
[00:45:23]   HF cache after cleanup: 0.0GB
[00:45:23]   Checkpoint saved: phase1_generated (300 items)
[00:45:23] PHASE 1 DONE — Generated: 300 | Skipped: 0

[00:45:23] ========================================================
[00:45:23] PHASE 2: (SKIPPED) Filter + SEO removed from Section 1 workflow
[00:45:23] ========================================================
[00:45:24] ========================================================
[00:45:24] PHASE 3: BiRefNet_HR — 2048x2048 FP16 — Background Removal (GPU)
[00:45:24]   Loading from HuggingFace: ZhengPeng7/BiRefNet_HR
[00:45:24] ========================================================
[00:45:33]   BiRefNet_HR loaded on CUDA | FP16 | 2048x2048

[00:46:50]   BG done: 20/300 | 0.26/s
[00:48:18]   BG done: 40/300 | 0.24/s
[00:49:30]   BG done: 60/300 | 0.25/s
[00:50:48]   BG done: 80/300 | 0.25/s
[00:52:10]   BG done: 100/300 | 0.25/s
[00:53:26]   BG done: 120/300 | 0.25/s
[00:54:41]   BG done: 140/300 | 0.26/s
[00:55:58]   BG done: 160/300 | 0.26/s
[00:57:14]   BG done: 180/300 | 0.26/s
[00:58:32]   BG done: 200/300 | 0.26/s
[00:59:45]   BG done: 220/300 | 0.26/s
[01:01:00]   BG done: 240/300 | 0.26/s
[01:02:17]   BG done: 260/300 | 0.26/s
[01:03:35]   BG done: 280/300 | 0.26/s
[01:04:49]   BG done: 300/300 | 0.26/s
[01:04:49] 
  Deleting RMBG-2.0 → freeing VRAM + disk cache...
[01:04:50]   GPU used: 0.0GB
[01:04:50]   Deleted BiRefNet cache: models--ZhengPeng7--BiRefNet_HR
[01:04:50]   Deleted approved/ images (transparent/ copies kept)
[01:04:50]   HF cache after cleanup: 0.0GB
[01:04:50]   Checkpoint saved: phase3_transparent (300 items)
[01:04:50] PHASE 3 DONE — Transparent PNGs: 300

[01:04:50] ========================================================
[01:04:50] PHASE 4: Google Drive Upload + URL Capture (PNG + WEBP only)
[01:04:50] ========================================================
[01:04:51] Drive ready. Uploading 300 images...

[01:04:53]   Drive folder 'ADMISSIONS & ENROLLMENT/general': 10 existing PNGs
[01:05:01]   Drive folder 'ADMISSIONS & ENROLLMENT/general': 11 existing PNGs
[01:05:09]   Drive folder 'ADMISSIONS & ENROLLMENT/general': 12 existing PNGs
[01:05:17]   Drive folder 'ADMISSIONS & ENROLLMENT/general': 13 existing PNGs
[01:05:24]   Drive folder 'ADMISSIONS & ENROLLMENT/general': 14 existing PNGs
[01:05:31]   Drive folder 'ADMISSIONS & ENROLLMENT/general': 15 existing PNGs
[01:05:38]   Drive folder 'ADMISSIONS & ENROLLMENT/general': 16 existing PNGs
[01:05:46]   Drive folder 'ADMISSIONS & ENROLLMENT/general': 17 existing PNGs
[01:05:53]   Drive folder 'ADMISSIONS & ENROLLMENT/general': 18 existing PNGs
[01:06:00]   Drive folder 'ADMISSIONS & ENROLLMENT/general': 19 existing PNGs
[01:06:05]   Uploaded: 10/300 | skip=0 | 0.13/s
[01:06:07]   Drive folder 'ADMISSIONS & ENROLLMENT/general': 20 existing PNGs
[01:06:14]   Drive folder 'ADMISSIONS & ENROLLMENT/general': 21 existing PNGs
[01:06:20]   Drive folder 'ADMISSIONS & ENROLLMENT/general': 22 existing PNGs
[01:06:28]   Drive folder 'ADMISSIONS & ENROLLMENT/general': 23 existing PNGs
[01:06:35]   Drive folder 'ADMISSIONS & ENROLLMENT/general': 24 existing PNGs
[01:06:42]   Drive folder 'ADMISSIONS & ENROLLMENT/general': 25 existing PNGs
[01:06:49]   Drive folder 'ADMISSIONS & ENROLLMENT/general': 26 existing PNGs
[01:06:56]   Drive folder 'ADMISSIONS & ENROLLMENT/general': 27 existing PNGs
[01:07:03]   Drive folder 'ADMISSIONS & ENROLLMENT/general': 28 existing PNGs
[01:07:09]   Drive folder 'ADMISSIONS & ENROLLMENT/general': 29 existing PNGs
[01:07:15]   Uploaded: 20/300 | skip=0 | 0.14/s
[01:07:16]   Drive folder 'ADMISSIONS & ENROLLMENT/general': 30 existing PNGs
[01:07:23]   Drive folder 'ADMISSIONS & ENROLLMENT/general': 31 existing PNGs
[01:07:30]   Drive folder 'ADMISSIONS & ENROLLMENT/general': 32 existing PNGs
[01:07:37]   Drive folder 'ADMISSIONS & ENROLLMENT/general': 33 existing PNGs
[01:07:43]   Drive folder 'ADMISSIONS & ENROLLMENT/general': 34 existing PNGs
[01:07:50]   Drive folder 'ADMISSIONS & ENROLLMENT/general': 35 existing PNGs
[01:07:57]   Drive folder 'ADMISSIONS & ENROLLMENT/general': 36 existing PNGs
[01:08:04]   Drive folder 'ADMISSIONS & ENROLLMENT/general': 37 existing PNGs
[01:08:11]   Drive folder 'ADMISSIONS & ENROLLMENT/general': 38 existing PNGs
[01:08:17]   Drive folder 'ADMISSIONS & ENROLLMENT/general': 39 existing PNGs
[01:08:23]   Uploaded: 30/300 | skip=0 | 0.14/s
[01:08:24]   Drive folder 'ADMISSIONS & ENROLLMENT/general': 40 existing PNGs
[01:08:31]   Drive folder 'ADMISSIONS & ENROLLMENT/general': 41 existing PNGs
[01:08:37]   Drive folder 'ADMISSIONS & ENROLLMENT/general': 42 existing PNGs
[01:08:44]   Drive folder 'ADMISSIONS & ENROLLMENT/general': 43 existing PNGs
[01:08:51]   Drive folder 'ADMISSIONS & ENROLLMENT/general': 44 existing PNGs
[01:08:57]   Drive folder 'ADMISSIONS & ENROLLMENT/general': 45 existing PNGs
[01:09:05]   Drive folder 'ADMISSIONS & ENROLLMENT/general': 46 existing PNGs
[01:09:11]   Drive folder 'ADMISSIONS & ENROLLMENT/general': 47 existing PNGs
[01:09:18]   Drive folder 'ADMISSIONS & ENROLLMENT/general': 48 existing PNGs
[01:09:25]   Drive folder 'ADMISSIONS & ENROLLMENT/general': 49 existing PNGs
[01:09:30]   Uploaded: 40/300 | skip=0 | 0.14/s
[01:09:32]   Drive folder 'ADMISSIONS & ENROLLMENT/general': 50 existing PNGs
[01:09:39]   Drive folder 'ADMISSIONS & ENROLLMENT/general': 51 existing PNGs
[01:09:46]   Drive folder 'ADMISSIONS & ENROLLMENT/general': 52 existing PNGs
[01:09:53]   Drive folder 'ADMISSIONS & ENROLLMENT/general': 53 existing PNGs
[01:09:59]   Drive folder 'ADMISSIONS & ENROLLMENT/general': 54 existing PNGs
[01:10:06]   Drive folder 'ADMISSIONS & ENROLLMENT/general': 55 existing PNGs
[01:10:13]   Drive folder 'ADMISSIONS & ENROLLMENT/general': 56 existing PNGs
[01:10:19]   Drive folder 'ADMISSIONS & ENROLLMENT/general': 57 existing PNGs
[01:10:26]   Drive folder 'ADMISSIONS & ENROLLMENT/general': 58 existing PNGs
[01:10:33]   Drive folder 'ADMISSIONS & ENROLLMENT/general': 59 existing PNGs
[01:10:38]   Uploaded: 50/300 | skip=0 | 0.14/s
[01:10:40]   Drive folder 'ADMISSIONS & ENROLLMENT/general': 60 existing PNGs
[01:10:47]   Drive folder 'ADMISSIONS & ENROLLMENT/general': 61 existing PNGs
[01:10:53]   Drive folder 'ADMISSIONS & ENROLLMENT/general': 62 existing PNGs
[01:11:00]   Drive folder 'ADMISSIONS & ENROLLMENT/general': 63 existing PNGs
[01:11:07]   Drive folder 'ADMISSIONS & ENROLLMENT/general': 64 existing PNGs
[01:11:14]   Drive folder 'ADMISSIONS & ENROLLMENT/general': 65 existing PNGs
[01:11:20]   Drive folder 'ADMISSIONS & ENROLLMENT/general': 66 existing PNGs
[01:11:27]   Drive folder 'ADMISSIONS & ENROLLMENT/general': 67 existing PNGs
[01:11:34]   Drive folder 'ADMISSIONS & ENROLLMENT/general': 68 existing PNGs
[01:11:40]   Drive folder 'ADMISSIONS & ENROLLMENT/general': 69 existing PNGs
[01:11:46]   Uploaded: 60/300 | skip=0 | 0.14/s
[01:11:47]   Drive folder 'ADMISSIONS & ENROLLMENT/general': 70 existing PNGs
[01:11:54]   Drive folder 'ADMISSIONS & ENROLLMENT/general': 71 existing PNGs
[01:12:01]   Drive folder 'ADMISSIONS & ENROLLMENT/general': 72 existing PNGs
[01:12:08]   Drive folder 'ADMISSIONS & ENROLLMENT/general': 73 existing PNGs
[01:12:15]   Drive folder 'ADMISSIONS & ENROLLMENT/general': 74 existing PNGs
[01:12:22]   Drive folder 'ADMISSIONS & ENROLLMENT/general': 75 existing PNGs
[01:12:29]   Drive folder 'ADMISSIONS & ENROLLMENT/general': 76 existing PNGs
[01:12:36]   Drive folder 'ADMISSIONS & ENROLLMENT/general': 77 existing PNGs
[01:12:43]   Drive folder 'ADMISSIONS & ENROLLMENT/general': 78 existing PNGs
[01:12:50]   Drive folder 'ADMISSIONS & ENROLLMENT/general': 79 existing PNGs
[01:12:56]   Uploaded: 70/300 | skip=0 | 0.14/s
[01:12:57]   Drive folder 'ADMISSIONS & ENROLLMENT/general': 80 existing PNGs
[01:13:04]   Drive folder 'ADMISSIONS & ENROLLMENT/general': 81 existing PNGs
[01:13:11]   Drive folder 'ADMISSIONS & ENROLLMENT/general': 82 existing PNGs
[01:13:18]   Drive folder 'ADMISSIONS & ENROLLMENT/general': 83 existing PNGs
[01:13:25]   Drive folder 'ADMISSIONS & ENROLLMENT/general': 84 existing PNGs
[01:13:32]   Drive folder 'ADMISSIONS & ENROLLMENT/general': 85 existing PNGs
[01:13:39]   Drive folder 'ADMISSIONS & ENROLLMENT/general': 86 existing PNGs
[01:13:47]   Drive folder 'ADMISSIONS & ENROLLMENT/general': 87 existing PNGs
[01:13:54]   Drive folder 'ADMISSIONS & ENROLLMENT/general': 88 existing PNGs
[01:14:01]   Drive folder 'ADMISSIONS & ENROLLMENT/general': 89 existing PNGs
[01:14:07]   Uploaded: 80/300 | skip=0 | 0.14/s
[01:14:08]   Drive folder 'ADMISSIONS & ENROLLMENT/general': 90 existing PNGs
[01:14:15]   Drive folder 'ADMISSIONS & ENROLLMENT/general': 91 existing PNGs
[01:14:21]   Drive folder 'ADMISSIONS & ENROLLMENT/general': 92 existing PNGs
[01:14:28]   Drive folder 'ADMISSIONS & ENROLLMENT/general': 93 existing PNGs
[01:14:35]   Drive folder 'ADMISSIONS & ENROLLMENT/general': 94 existing PNGs
[01:14:42]   Drive folder 'ADMISSIONS & ENROLLMENT/general': 95 existing PNGs
[01:14:49]   Drive folder 'ADMISSIONS & ENROLLMENT/general': 96 existing PNGs
[01:14:56]   Drive folder 'ADMISSIONS & ENROLLMENT/general': 97 existing PNGs
[01:15:03]   Drive folder 'ADMISSIONS & ENROLLMENT/general': 98 existing PNGs
[01:15:10]   Drive folder 'ADMISSIONS & ENROLLMENT/general': 99 existing PNGs
[01:15:15]   Uploaded: 90/300 | skip=0 | 0.14/s
[01:15:17]   Drive folder 'ADMISSIONS & ENROLLMENT/general': 100 existing PNGs
[01:15:24]   Drive folder 'ADMISSIONS & ENROLLMENT/general': 101 existing PNGs
[01:15:31]   Drive folder 'ADMISSIONS & ENROLLMENT/general': 102 existing PNGs
[01:15:38]   Drive folder 'ADMISSIONS & ENROLLMENT/general': 103 existing PNGs
[01:15:45]   Drive folder 'ADMISSIONS & ENROLLMENT/general': 104 existing PNGs
[01:15:52]   Drive folder 'ADMISSIONS & ENROLLMENT/general': 105 existing PNGs
[01:15:59]   Drive folder 'ADMISSIONS & ENROLLMENT/general': 106 existing PNGs
[01:16:06]   Drive folder 'ADMISSIONS & ENROLLMENT/general': 107 existing PNGs
[01:16:13]   Drive folder 'ADMISSIONS & ENROLLMENT/general': 108 existing PNGs
[01:16:19]   Drive folder 'ADMISSIONS & ENROLLMENT/general': 109 existing PNGs
[01:16:25]   Uploaded: 100/300 | skip=0 | 0.14/s
[01:16:27]   Drive folder 'ADMISSIONS & ENROLLMENT/general': 110 existing PNGs
[01:16:33]   Drive folder 'ADMISSIONS & ENROLLMENT/general': 111 existing PNGs
[01:16:40]   Drive folder 'ADMISSIONS & ENROLLMENT/general': 112 existing PNGs
[01:16:47]   Drive folder 'ADMISSIONS & ENROLLMENT/general': 113 existing PNGs
[01:16:54]   Drive folder 'ADMISSIONS & ENROLLMENT/general': 114 existing PNGs
[01:17:01]   Drive folder 'ADMISSIONS & ENROLLMENT/general': 115 existing PNGs
[01:17:08]   Drive folder 'ADMISSIONS & ENROLLMENT/general': 116 existing PNGs
[01:17:15]   Drive folder 'ADMISSIONS & ENROLLMENT/general': 117 existing PNGs
[01:17:23]   Drive folder 'ADMISSIONS & ENROLLMENT/general': 118 existing PNGs
[01:17:30]   Drive folder 'ADMISSIONS & ENROLLMENT/general': 119 existing PNGs
[01:17:35]   Uploaded: 110/300 | skip=0 | 0.14/s
[01:17:37]   Drive folder 'ADMISSIONS & ENROLLMENT/general': 120 existing PNGs
[01:17:44]   Drive folder 'ADMISSIONS & ENROLLMENT/general': 121 existing PNGs
[01:17:51]   Drive folder 'ADMISSIONS & ENROLLMENT/general': 122 existing PNGs
[01:17:58]   Drive folder 'ADMISSIONS & ENROLLMENT/general': 123 existing PNGs
[01:18:05]   Drive folder 'ADMISSIONS & ENROLLMENT/general': 124 existing PNGs
[01:18:12]   Drive folder 'ADMISSIONS & ENROLLMENT/general': 125 existing PNGs
[01:18:19]   Drive folder 'ADMISSIONS & ENROLLMENT/general': 126 existing PNGs
[01:18:26]   Drive folder 'ADMISSIONS & ENROLLMENT/general': 127 existing PNGs
[01:18:33]   Drive folder 'ADMISSIONS & ENROLLMENT/general': 128 existing PNGs
[01:18:40]   Drive folder 'ADMISSIONS & ENROLLMENT/general': 129 existing PNGs
[01:18:46]   Uploaded: 120/300 | skip=0 | 0.14/s
[01:18:47]   Drive folder 'ADMISSIONS & ENROLLMENT/general': 130 existing PNGs
[01:18:55]   Drive folder 'ADMISSIONS & ENROLLMENT/general': 131 existing PNGs
[01:19:02]   Drive folder 'ADMISSIONS & ENROLLMENT/general': 132 existing PNGs
[01:19:09]   Drive folder 'ADMISSIONS & ENROLLMENT/general': 133 existing PNGs
[01:19:16]   Drive folder 'ADMISSIONS & ENROLLMENT/general': 134 existing PNGs
[01:19:23]   Drive folder 'ADMISSIONS & ENROLLMENT/general': 135 existing PNGs
[01:19:30]   Drive folder 'ADMISSIONS & ENROLLMENT/general': 136 existing PNGs
[01:19:37]   Drive folder 'ADMISSIONS & ENROLLMENT/general': 137 existing PNGs
[01:19:44]   Drive folder 'ADMISSIONS & ENROLLMENT/general': 138 existing PNGs
[01:19:51]   Drive folder 'ADMISSIONS & ENROLLMENT/general': 139 existing PNGs
[01:19:57]   Uploaded: 130/300 | skip=0 | 0.14/s
[01:19:58]   Drive folder 'ADMISSIONS & ENROLLMENT/general': 140 existing PNGs
[01:20:05]   Drive folder 'ADMISSIONS & ENROLLMENT/general': 141 existing PNGs
[01:20:13]   Drive folder 'ADMISSIONS & ENROLLMENT/general': 142 existing PNGs
[01:20:20]   Drive folder 'ADMISSIONS & ENROLLMENT/general': 143 existing PNGs
[01:20:27]   Drive folder 'ADMISSIONS & ENROLLMENT/general': 144 existing PNGs
[01:20:34]   Drive folder 'ADMISSIONS & ENROLLMENT/general': 145 existing PNGs
[01:20:41]   Drive folder 'ADMISSIONS & ENROLLMENT/general': 146 existing PNGs
[01:20:48]   Drive folder 'ADMISSIONS & ENROLLMENT/general': 147 existing PNGs
[01:20:55]   Drive folder 'ADMISSIONS & ENROLLMENT/general': 148 existing PNGs
[01:21:02]   Drive folder 'ADMISSIONS & ENROLLMENT/general': 149 existing PNGs
[01:21:07]   Uploaded: 140/300 | skip=0 | 0.14/s
[01:21:09]   Drive folder 'ADMISSIONS & ENROLLMENT/general': 150 existing PNGs
[01:21:16]   Drive folder 'ADMISSIONS & ENROLLMENT/general': 151 existing PNGs
[01:21:23]   Drive folder 'ADMISSIONS & ENROLLMENT/general': 152 existing PNGs
[01:21:30]   Drive folder 'ADMISSIONS & ENROLLMENT/general': 153 existing PNGs
[01:21:37]   Drive folder 'ADMISSIONS & ENROLLMENT/general': 154 existing PNGs
[01:21:43]   Drive folder 'ADMISSIONS & ENROLLMENT/general': 155 existing PNGs
[01:21:50]   Drive folder 'ADMISSIONS & ENROLLMENT/general': 156 existing PNGs
[01:21:58]   Drive folder 'ADMISSIONS & ENROLLMENT/general': 157 existing PNGs
[01:22:05]   Drive folder 'ADMISSIONS & ENROLLMENT/general': 158 existing PNGs
[01:22:12]   Drive folder 'ADMISSIONS & ENROLLMENT/general': 159 existing PNGs
[01:22:18]   Uploaded: 150/300 | skip=0 | 0.14/s
[01:22:19]   Drive folder 'ADMISSIONS & ENROLLMENT/general': 160 existing PNGs
[01:22:26]   Drive folder 'ADMISSIONS & ENROLLMENT/general': 161 existing PNGs
[01:22:33]   Drive folder 'ADMISSIONS & ENROLLMENT/general': 162 existing PNGs
[01:22:40]   Drive folder 'ADMISSIONS & ENROLLMENT/general': 163 existing PNGs
[01:22:48]   Drive folder 'ADMISSIONS & ENROLLMENT/general': 164 existing PNGs
[01:22:55]   Drive folder 'ADMISSIONS & ENROLLMENT/general': 165 existing PNGs
[01:23:01]   Drive folder 'ADMISSIONS & ENROLLMENT/general': 166 existing PNGs
[01:23:08]   Drive folder 'ADMISSIONS & ENROLLMENT/general': 167 existing PNGs
[01:23:15]   Drive folder 'ADMISSIONS & ENROLLMENT/general': 168 existing PNGs
[01:23:22]   Drive folder 'ADMISSIONS & ENROLLMENT/general': 169 existing PNGs
[01:23:28]   Uploaded: 160/300 | skip=0 | 0.14/s
[01:23:30]   Drive folder 'ADMISSIONS & ENROLLMENT/general': 170 existing PNGs
[01:23:37]   Drive folder 'ADMISSIONS & ENROLLMENT/general': 171 existing PNGs
[01:23:44]   Drive folder 'ADMISSIONS & ENROLLMENT/general': 172 existing PNGs
[01:23:51]   Drive folder 'ADMISSIONS & ENROLLMENT/general': 173 existing PNGs
[01:23:58]   Drive folder 'ADMISSIONS & ENROLLMENT/general': 174 existing PNGs
[01:24:05]   Drive folder 'ADMISSIONS & ENROLLMENT/general': 175 existing PNGs
[01:24:13]   Drive folder 'ADMISSIONS & ENROLLMENT/general': 176 existing PNGs
[01:24:20]   Drive folder 'ADMISSIONS & ENROLLMENT/general': 177 existing PNGs
[01:24:27]   Drive folder 'ADMISSIONS & ENROLLMENT/general': 178 existing PNGs
[01:24:34]   Drive folder 'ADMISSIONS & ENROLLMENT/general': 179 existing PNGs
[01:24:39]   Uploaded: 170/300 | skip=0 | 0.14/s
[01:24:41]   Drive folder 'ADMISSIONS & ENROLLMENT/general': 180 existing PNGs
[01:24:49]   Drive folder 'ADMISSIONS & ENROLLMENT/general': 181 existing PNGs
[01:24:56]   Drive folder 'ADMISSIONS & ENROLLMENT/general': 182 existing PNGs
[01:25:03]   Drive folder 'ADMISSIONS & ENROLLMENT/general': 183 existing PNGs
[01:25:10]   Drive folder 'ADMISSIONS & ENROLLMENT/general': 184 existing PNGs
[01:25:17]   Drive folder 'ADMISSIONS & ENROLLMENT/general': 185 existing PNGs
[01:25:24]   Drive folder 'ADMISSIONS & ENROLLMENT/general': 186 existing PNGs
[01:25:32]   Drive folder 'ADMISSIONS & ENROLLMENT/general': 187 existing PNGs
[01:25:39]   Drive folder 'ADMISSIONS & ENROLLMENT/general': 188 existing PNGs
[01:25:46]   Drive folder 'ADMISSIONS & ENROLLMENT/general': 189 existing PNGs
[01:25:52]   Uploaded: 180/300 | skip=0 | 0.14/s
[01:25:53]   Drive folder 'ADMISSIONS & ENROLLMENT/general': 190 existing PNGs
[01:26:00]   Drive folder 'ADMISSIONS & ENROLLMENT/general': 191 existing PNGs
[01:26:07]   Drive folder 'ADMISSIONS & ENROLLMENT/general': 192 existing PNGs
[01:26:14]   Drive folder 'ADMISSIONS & ENROLLMENT/general': 193 existing PNGs
[01:26:22]   Drive folder 'ADMISSIONS & ENROLLMENT/general': 194 existing PNGs
[01:26:29]   Drive folder 'ADMISSIONS & ENROLLMENT/general': 195 existing PNGs
[01:26:36]   Drive folder 'ADMISSIONS & ENROLLMENT/general': 196 existing PNGs
[01:26:44]   Drive folder 'ADMISSIONS & ENROLLMENT/general': 197 existing PNGs
[01:26:51]   Drive folder 'ADMISSIONS & ENROLLMENT/general': 198 existing PNGs
[01:26:59]   Drive folder 'ADMISSIONS & ENROLLMENT/general': 199 existing PNGs
[01:27:04]   Uploaded: 190/300 | skip=0 | 0.14/s
[01:27:06]   Drive folder 'ADMISSIONS & ENROLLMENT/general': 200 existing PNGs
[01:27:13]   Drive folder 'ADMISSIONS & ENROLLMENT/general': 201 existing PNGs
[01:27:20]   Drive folder 'ADMISSIONS & ENROLLMENT/general': 202 existing PNGs
[01:27:27]   Drive folder 'ADMISSIONS & ENROLLMENT/general': 203 existing PNGs
[01:27:35]   Drive folder 'ADMISSIONS & ENROLLMENT/general': 204 existing PNGs
[01:27:42]   Drive folder 'ADMISSIONS & ENROLLMENT/general': 205 existing PNGs
[01:27:49]   Drive folder 'ADMISSIONS & ENROLLMENT/general': 206 existing PNGs
[01:27:56]   Drive folder 'ADMISSIONS & ENROLLMENT/general': 207 existing PNGs
[01:28:03]   Drive folder 'ADMISSIONS & ENROLLMENT/general': 208 existing PNGs
[01:28:10]   Drive folder 'ADMISSIONS & ENROLLMENT/general': 209 existing PNGs
[01:28:15]   Uploaded: 200/300 | skip=0 | 0.14/s
[01:28:17]   Drive folder 'ADMISSIONS & ENROLLMENT/general': 210 existing PNGs
[01:28:24]   Drive folder 'ADMISSIONS & ENROLLMENT/general': 211 existing PNGs
[01:28:31]   Drive folder 'ADMISSIONS & ENROLLMENT/general': 212 existing PNGs
[01:28:38]   Drive folder 'ADMISSIONS & ENROLLMENT/general': 213 existing PNGs
[01:28:45]   Drive folder 'ADMISSIONS & ENROLLMENT/general': 214 existing PNGs
[01:28:53]   Drive folder 'ADMISSIONS & ENROLLMENT/general': 215 existing PNGs
[01:29:00]   Drive folder 'ADMISSIONS & ENROLLMENT/general': 216 existing PNGs
[01:29:07]   Drive folder 'ADMISSIONS & ENROLLMENT/general': 217 existing PNGs
[01:29:15]   Drive folder 'ADMISSIONS & ENROLLMENT/general': 218 existing PNGs
[01:29:22]   Drive folder 'ADMISSIONS & ENROLLMENT/general': 219 existing PNGs
[01:29:27]   Uploaded: 210/300 | skip=0 | 0.14/s
[01:29:29]   Drive folder 'ADMISSIONS & ENROLLMENT/general': 220 existing PNGs
[01:29:36]   Drive folder 'ADMISSIONS & ENROLLMENT/general': 221 existing PNGs
[01:29:43]   Drive folder 'ADMISSIONS & ENROLLMENT/general': 222 existing PNGs
[01:29:51]   Drive folder 'ADMISSIONS & ENROLLMENT/general': 223 existing PNGs
[01:29:58]   Drive folder 'ADMISSIONS & ENROLLMENT/general': 224 existing PNGs
[01:30:06]   Drive folder 'ADMISSIONS & ENROLLMENT/general': 225 existing PNGs
[01:30:13]   Drive folder 'ADMISSIONS & ENROLLMENT/general': 226 existing PNGs
[01:30:20]   Drive folder 'ADMISSIONS & ENROLLMENT/general': 227 existing PNGs
[01:30:27]   Drive folder 'ADMISSIONS & ENROLLMENT/general': 228 existing PNGs
[01:30:34]   Drive folder 'ADMISSIONS & ENROLLMENT/general': 229 existing PNGs
[01:30:40]   Uploaded: 220/300 | skip=0 | 0.14/s
[01:30:42]   Drive folder 'ADMISSIONS & ENROLLMENT/general': 230 existing PNGs
[01:30:48]   Drive folder 'ADMISSIONS & ENROLLMENT/general': 231 existing PNGs
[01:30:56]   Drive folder 'ADMISSIONS & ENROLLMENT/general': 232 existing PNGs
[01:31:03]   Drive folder 'ADMISSIONS & ENROLLMENT/general': 233 existing PNGs
[01:31:11]   Drive folder 'ADMISSIONS & ENROLLMENT/general': 234 existing PNGs
[01:31:18]   Drive folder 'ADMISSIONS & ENROLLMENT/general': 235 existing PNGs
[01:31:25]   Drive folder 'ADMISSIONS & ENROLLMENT/general': 236 existing PNGs
[01:31:33]   Drive folder 'ADMISSIONS & ENROLLMENT/general': 237 existing PNGs
[01:31:40]   Drive folder 'ADMISSIONS & ENROLLMENT/general': 238 existing PNGs
[01:31:48]   Drive folder 'ADMISSIONS & ENROLLMENT/general': 239 existing PNGs
[01:31:53]   Uploaded: 230/300 | skip=0 | 0.14/s
[01:31:55]   Drive folder 'ADMISSIONS & ENROLLMENT/general': 240 existing PNGs
[01:32:02]   Drive folder 'ADMISSIONS & ENROLLMENT/general': 241 existing PNGs
[01:32:10]   Drive folder 'ADMISSIONS & ENROLLMENT/general': 242 existing PNGs
[01:32:16]   Drive folder 'ADMISSIONS & ENROLLMENT/general': 243 existing PNGs
[01:32:24]   Drive folder 'ADMISSIONS & ENROLLMENT/general': 244 existing PNGs
[01:32:31]   Drive folder 'ADMISSIONS & ENROLLMENT/general': 245 existing PNGs
[01:32:38]   Drive folder 'ADMISSIONS & ENROLLMENT/general': 246 existing PNGs
[01:32:45]   Drive folder 'ADMISSIONS & ENROLLMENT/general': 247 existing PNGs
[01:32:52]   Drive folder 'ADMISSIONS & ENROLLMENT/general': 248 existing PNGs
[01:32:59]   Drive folder 'ADMISSIONS & ENROLLMENT/general': 249 existing PNGs
[01:33:04]   Uploaded: 240/300 | skip=0 | 0.14/s
[01:33:06]   Drive folder 'ADMISSIONS & ENROLLMENT/general': 250 existing PNGs
[01:33:14]   Drive folder 'ADMISSIONS & ENROLLMENT/general': 251 existing PNGs
[01:33:20]   Drive folder 'ADMISSIONS & ENROLLMENT/general': 252 existing PNGs
[01:33:27]   Drive folder 'ADMISSIONS & ENROLLMENT/general': 253 existing PNGs
[01:33:34]   Drive folder 'ADMISSIONS & ENROLLMENT/general': 254 existing PNGs
[01:33:42]   Drive folder 'ADMISSIONS & ENROLLMENT/general': 255 existing PNGs
[01:33:49]   Drive folder 'ADMISSIONS & ENROLLMENT/general': 256 existing PNGs
[01:33:57]   Drive folder 'ADMISSIONS & ENROLLMENT/general': 257 existing PNGs
[01:34:04]   Drive folder 'ADMISSIONS & ENROLLMENT/general': 258 existing PNGs
[01:34:12]   Drive folder 'ADMISSIONS & ENROLLMENT/general': 259 existing PNGs
[01:34:17]   Uploaded: 250/300 | skip=0 | 0.14/s
[01:34:19]   Drive folder 'ADMISSIONS & ENROLLMENT/general': 260 existing PNGs
[01:34:27]   Drive folder 'ADMISSIONS & ENROLLMENT/general': 261 existing PNGs
[01:34:35]   Drive folder 'ADMISSIONS & ENROLLMENT/general': 262 existing PNGs
[01:34:43]   Drive folder 'ADMISSIONS & ENROLLMENT/general': 263 existing PNGs
[01:34:51]   Drive folder 'ADMISSIONS & ENROLLMENT/general': 264 existing PNGs
[01:34:58]   Drive folder 'ADMISSIONS & ENROLLMENT/general': 265 existing PNGs
[01:35:05]   Drive folder 'ADMISSIONS & ENROLLMENT/general': 266 existing PNGs
[01:35:12]   Drive folder 'ADMISSIONS & ENROLLMENT/general': 267 existing PNGs
[01:35:20]   Drive folder 'ADMISSIONS & ENROLLMENT/general': 268 existing PNGs
[01:35:28]   Drive folder 'ADMISSIONS & ENROLLMENT/general': 269 existing PNGs
[01:35:34]   Uploaded: 260/300 | skip=0 | 0.14/s
[01:35:36]   Drive folder 'ADMISSIONS & ENROLLMENT/general': 270 existing PNGs
[01:35:43]   Drive folder 'ADMISSIONS & ENROLLMENT/general': 271 existing PNGs
[01:35:51]   Drive folder 'ADMISSIONS & ENROLLMENT/general': 272 existing PNGs
[01:35:59]   Drive folder 'ADMISSIONS & ENROLLMENT/general': 273 existing PNGs
[01:36:06]   Drive folder 'ADMISSIONS & ENROLLMENT/general': 274 existing PNGs
[01:36:13]   Drive folder 'ADMISSIONS & ENROLLMENT/general': 275 existing PNGs
[01:36:21]   Drive folder 'ADMISSIONS & ENROLLMENT/general': 276 existing PNGs
[01:36:28]   Drive folder 'ADMISSIONS & ENROLLMENT/general': 277 existing PNGs
[01:36:35]   Drive folder 'ADMISSIONS & ENROLLMENT/general': 278 existing PNGs
[01:36:42]   Drive folder 'ADMISSIONS & ENROLLMENT/general': 279 existing PNGs
[01:36:48]   Uploaded: 270/300 | skip=0 | 0.14/s
[01:36:50]   Drive folder 'ADMISSIONS & ENROLLMENT/general': 280 existing PNGs
[01:36:57]   Drive folder 'ADMISSIONS & ENROLLMENT/general': 281 existing PNGs
[01:37:04]   Drive folder 'ADMISSIONS & ENROLLMENT/general': 282 existing PNGs
[01:37:12]   Drive folder 'ADMISSIONS & ENROLLMENT/general': 283 existing PNGs
[01:37:19]   Drive folder 'ADMISSIONS & ENROLLMENT/general': 284 existing PNGs
[01:37:26]   Drive folder 'ADMISSIONS & ENROLLMENT/general': 285 existing PNGs
[01:37:33]   Drive folder 'ADMISSIONS & ENROLLMENT/general': 286 existing PNGs
[01:37:40]   Drive folder 'ADMISSIONS & ENROLLMENT/general': 287 existing PNGs
[01:37:47]   Drive folder 'ADMISSIONS & ENROLLMENT/general': 288 existing PNGs
[01:37:54]   Drive folder 'ADMISSIONS & ENROLLMENT/general': 289 existing PNGs
[01:38:00]   Uploaded: 280/300 | skip=0 | 0.14/s
[01:38:01]   Drive folder 'ADMISSIONS & ENROLLMENT/general': 290 existing PNGs
[01:38:09]   Drive folder 'ADMISSIONS & ENROLLMENT/general': 291 existing PNGs
[01:38:15]   Drive folder 'ADMISSIONS & ENROLLMENT/general': 292 existing PNGs
[01:38:23]   Drive folder 'ADMISSIONS & ENROLLMENT/general': 293 existing PNGs
[01:38:30]   Drive folder 'ADMISSIONS & ENROLLMENT/general': 294 existing PNGs
[01:38:37]   Drive folder 'ADMISSIONS & ENROLLMENT/general': 295 existing PNGs
[01:38:45]   Drive folder 'ADMISSIONS & ENROLLMENT/general': 296 existing PNGs
[01:38:52]   Drive folder 'ADMISSIONS & ENROLLMENT/general': 297 existing PNGs
[01:38:59]   Drive folder 'ADMISSIONS & ENROLLMENT/general': 298 existing PNGs
[01:39:06]   Drive folder 'ADMISSIONS & ENROLLMENT/general': 299 existing PNGs
[01:39:12]   Uploaded: 290/300 | skip=0 | 0.14/s
[01:39:16]   Drive folder 'ANNOUNCEMENTS/general': 0 existing PNGs
[01:39:23]   Drive folder 'ANNOUNCEMENTS/general': 1 existing PNGs
[01:39:29]   Drive folder 'ANNOUNCEMENTS/general': 2 existing PNGs
[01:39:37]   Drive folder 'ANNOUNCEMENTS/general': 3 existing PNGs
[01:39:43]   Drive folder 'ANNOUNCEMENTS/general': 4 existing PNGs
[01:39:50]   Drive folder 'ANNOUNCEMENTS/general': 5 existing PNGs
[01:39:57]   Drive folder 'ANNOUNCEMENTS/general': 6 existing PNGs
[01:40:03]   Drive folder 'ANNOUNCEMENTS/general': 7 existing PNGs
[01:40:11]   Drive folder 'ANNOUNCEMENTS/general': 8 existing PNGs
[01:40:18]   Drive folder 'ANNOUNCEMENTS/general': 9 existing PNGs
[01:40:23]   Uploaded: 300/300 | skip=0 | 0.14/s
[01:40:23]   Checkpoint saved: phase4_uploaded (300 items)
[01:40:23] PHASE 4 DONE — Uploaded: 300 | Drive-skipped: 0 | 36min
[01:40:23]   Deleted transparent/ images (uploaded to Drive)
[01:40:23] 
[01:40:25] ultradata.xlsx pushed: +300 rows
[01:40:25]   effective_end.txt written: 310 (batch_tracker will be set to this)
[01:40:25] ========================================================
[01:40:25] PHASE 6: Saving run logs to REPO1/logs/
[01:40:25] ========================================================