ULTRAPNG PIPELINE V6.0 — RUN REPORT
============================================================
Date       : 2026-03-28 20:56 IST
Batch      : 305 -> 605
Generated  : 0
Deleted    : 0
Approved   : 0
Transparent: 0
Uploaded   : 0
Posts      : 0
Duration   : ?
Status     : running
============================================================

FULL LOG
============================================================
[20:54:47] Manual drop: no PNG files found
[20:54:47] Loading prompts...
[20:54:47] Loaded 7972 prompts
[20:54:47] Batch: 300 prompts

[20:54:47] Building skip-set from REPO2 JSON files...
[20:54:49]   Skip-set (REPO2): 10 already-done filenames
[20:54:50]   Skip-set (ultradata): 787 already-generated filenames
[20:54:50]   Combined skip-set: 787 filenames total

[20:54:50] ========================================================
[20:54:50] PHASE 1: FLUX.2-Klein-4B — Image Generation
[20:54:50]   Loading from HuggingFace: black-forest-labs/FLUX.2-klein-4B
[20:54:50] ========================================================
[20:55:13]   Loading: black-forest-labs/FLUX.2-klein-4B
[20:55:13]   (First run: downloads ~8GB — ~5 min)
[20:56:09] FLUX.2 loaded | Batch: 300 | Skip: 787

[20:56:09]   SKIP [1/300] img_004125.png
[20:56:09]   SKIP [2/300] img_004163.png
[20:56:09]   SKIP [3/300] img_004208.png
[20:56:09]   SKIP [50/300] img_006045.png
[20:56:09]   SKIP [100/300] img_007833.png
[20:56:09]   SKIP [150/300] img_002273.png
[20:56:09]   SKIP [200/300] img_004765.png
[20:56:09]   SKIP [250/300] img_000325.png
[20:56:09]   SKIP [300/300] img_001295.png
[20:56:09] 
  Deleting FLUX.2 -> freeing VRAM + disk cache...
[20:56:09]   GPU used: 0.0GB
[20:56:11]   Deleted FLUX cache: models--black-forest-labs--FLUX.2-klein-4B
[20:56:11]   HF cache after cleanup: 0.0GB
[20:56:11]   Checkpoint saved: phase1_generated (0 items)
[20:56:11] PHASE 1 DONE — Generated: 0 | Skipped: 300

[20:56:11] No new images generated.
[20:56:11] ========================================================
[20:56:11] PHASE 6: Saving run logs to REPO1/logs/
[20:56:11] ========================================================