ULTRAPNG PIPELINE V6.0 — RUN REPORT
============================================================
Date       : 2026-03-25 21:23 IST
Batch      : 0 -> 5
Generated  : 5
Deleted    : 0
Approved   : 5
Transparent: 5
Uploaded   : 5
Posts      : 5
Duration   : 0.1h
Status     : SUCCESS
============================================================

FULL LOG
============================================================
[21:16:45] Manual drop: no PNG files found
[21:16:45] Loading prompts...
[21:16:46] Loaded 8132 prompts
[21:16:46] Batch: 5 prompts

[21:16:46] Building skip-set from REPO2 JSON files...
[21:16:46]   Skip-set: REPO2 empty — starting fresh
[21:16:46]   Skip-set (ultradata): ultradata.xlsx not found — starting fresh
[21:16:46]   Combined skip-set: 0 filenames total

[21:16:46] ========================================================
[21:16:46] PHASE 1: FLUX.2-Klein-4B — Image Generation
[21:16:46]   Loading from HuggingFace: black-forest-labs/FLUX.2-klein-4B
[21:16:46] ========================================================
[21:17:17]   Loading: black-forest-labs/FLUX.2-klein-4B
[21:17:17]   (First run: downloads ~8GB — ~5 min)
[21:18:16] FLUX.2 loaded | Batch: 5 | Skip: 0

[21:19:40]   [1/5] OK img_000000.png | fish_seafood | ETA 6min
[21:20:28]   [2/5] OK img_000056.png | fish_seafood | ETA 3min
[21:21:16]   [3/5] OK img_000090.png | fish_seafood | ETA 2min
[21:22:04]   [4/5] OK img_000106.png | fish_seafood | ETA 1min
[21:22:51]   [5/5] OK img_000121.png | fish_seafood | ETA 0min
[21:22:51] 
  Deleting FLUX.2 -> freeing VRAM + disk cache...
[21:22:53]   GPU used: 0.0GB
[21:22:54]   Deleted FLUX cache: models--black-forest-labs--FLUX.2-klein-4B
[21:22:54]   HF cache after cleanup: 0.0GB
[21:22:54]   Checkpoint saved: phase1_generated (5 items)
[21:22:54] PHASE 1 DONE — Generated: 5 | Skipped: 0

[21:22:54] ========================================================
[21:22:54] PHASE 2: (SKIPPED) Filter + SEO removed from Section 1 workflow
[21:22:54] ========================================================
[21:22:54] ========================================================
[21:22:54] PHASE 3: BiRefNet_HR — 2048x2048 FP16 — Background Removal (GPU)
[21:22:54]   Loading from HuggingFace: ZhengPeng7/BiRefNet_HR
[21:22:54] ========================================================
[21:23:05]   BiRefNet_HR loaded on CUDA | FP16 | 2048x2048

[21:23:17] 
  Deleting RMBG-2.0 → freeing VRAM + disk cache...
[21:23:17]   GPU used: 0.0GB
[21:23:17]   Deleted BiRefNet cache: models--ZhengPeng7--BiRefNet_HR
[21:23:17]   Deleted approved/ images (transparent/ copies kept)
[21:23:17]   HF cache after cleanup: 0.0GB
[21:23:17]   Checkpoint saved: phase3_transparent (5 items)
[21:23:17] PHASE 3 DONE — Transparent PNGs: 5

[21:23:17] ========================================================
[21:23:17] PHASE 4: Google Drive Upload + URL Capture (PNG + WEBP only)
[21:23:17] ========================================================
[21:23:18] Drive ready. Uploading 5 images...

[21:23:47]   Checkpoint saved: phase4_uploaded (5 items)
[21:23:47] PHASE 4 DONE — Uploaded: 5 in 0min
[21:23:47]   Deleted transparent/ images (uploaded to Drive)
[21:23:47] 
[21:23:49] ultradata.xlsx pushed: +5 rows
[21:23:49] ========================================================
[21:23:49] PHASE 6: Saving run logs to REPO1/logs/
[21:23:49] ========================================================