ULTRAPNG PIPELINE V7.0 — RUN REPORT
============================================================
Date       : 2026-03-29 18:59 IST
Batch      : 0 -> 10
Generated  : 10
Deleted    : 0
Approved   : 10
Transparent: 10
Uploaded   : 10
Posts      : 10
Duration   : 0.2h
Status     : SUCCESS
============================================================

FULL LOG
============================================================
[18:47:45] Manual drop: no PNG files found
[18:47:45] Loading prompts...
[18:47:45] Loaded 6840 prompts
[18:47:45] Building skip-set from REPO2 JSON files...
[18:47:47]   Skip-set (REPO2): 10 already-done filenames
[18:47:49]   Skip-set (ultradata): 792 already-generated filenames
[18:47:49]   Combined skip-set: 792 filenames total

[18:47:49] Batch: 0 → 10 (10 prompts, 10 fresh)

[18:47:49] ========================================================
[18:47:49] PHASE 1: FLUX.2-Klein-4B — Image Generation
[18:47:49]   Loading from HuggingFace: black-forest-labs/FLUX.2-klein-4B
[18:47:49] ========================================================
[18:48:25]   Loading: black-forest-labs/FLUX.2-klein-4B
[18:48:25]   (First run: downloads ~8GB — ~5 min)
[18:49:20] FLUX.2 loaded | Batch: 10 | Skip: 792

[18:50:27]   [1/10] OK admissions_open_01.png | ADMISSIONS & ENROLLMENT | ETA 10min
[18:51:14]   [2/10] OK admissions_open_02.png | ADMISSIONS & ENROLLMENT | ETA 8min
[18:52:02]   [3/10] OK admissions_open_03.png | ADMISSIONS & ENROLLMENT | ETA 6min
[18:52:49]   [4/10] OK admissions_open_04.png | ADMISSIONS & ENROLLMENT | ETA 5min
[18:53:34]   [5/10] OK admissions_open_05.png | ADMISSIONS & ENROLLMENT | ETA 4min
[18:54:20]   [6/10] OK admissions_open_06.png | ADMISSIONS & ENROLLMENT | ETA 3min
[18:55:07]   [7/10] OK admissions_open_07.png | ADMISSIONS & ENROLLMENT | ETA 2min
[18:55:55]   [8/10] OK admissions_open_08.png | ADMISSIONS & ENROLLMENT | ETA 2min
[18:56:41]   [9/10] OK admissions_open_09.png | ADMISSIONS & ENROLLMENT | ETA 1min
[18:57:26]   [10/10] OK admissions_open_10.png | ADMISSIONS & ENROLLMENT | ETA 0min
[18:57:26] 
  Deleting FLUX.2 -> freeing VRAM + disk cache...
[18:57:27]   GPU used: 0.0GB
[18:57:28]   Deleted FLUX cache: models--black-forest-labs--FLUX.2-klein-4B
[18:57:28]   HF cache after cleanup: 0.0GB
[18:57:28]   Checkpoint saved: phase1_generated (10 items)
[18:57:28] PHASE 1 DONE — Generated: 10 | Skipped: 0

[18:57:28] ========================================================
[18:57:28] PHASE 2: (SKIPPED) Filter + SEO removed from Section 1 workflow
[18:57:28] ========================================================
[18:57:28] ========================================================
[18:57:28] PHASE 3: BiRefNet_HR — 2048x2048 FP16 — Background Removal (GPU)
[18:57:28]   Loading from HuggingFace: ZhengPeng7/BiRefNet_HR
[18:57:28] ========================================================
[18:57:37]   BiRefNet_HR loaded on CUDA | FP16 | 2048x2048

[18:58:18] 
  Deleting RMBG-2.0 → freeing VRAM + disk cache...
[18:58:18]   GPU used: 0.0GB
[18:58:18]   Deleted BiRefNet cache: models--ZhengPeng7--BiRefNet_HR
[18:58:18]   Deleted approved/ images (transparent/ copies kept)
[18:58:18]   HF cache after cleanup: 0.0GB
[18:58:18]   Checkpoint saved: phase3_transparent (10 items)
[18:58:18] PHASE 3 DONE — Transparent PNGs: 10

[18:58:18] ========================================================
[18:58:18] PHASE 4: Google Drive Upload + URL Capture (PNG + WEBP only)
[18:58:18] ========================================================
[18:58:19] Drive ready. Uploading 10 images...

[18:58:24]   Drive folder 'ADMISSIONS & ENROLLMENT/general': 0 existing PNGs
[18:58:32]   Drive folder 'ADMISSIONS & ENROLLMENT/general': 1 existing PNGs
[18:58:41]   Drive folder 'ADMISSIONS & ENROLLMENT/general': 2 existing PNGs
[18:58:48]   Drive folder 'ADMISSIONS & ENROLLMENT/general': 3 existing PNGs
[18:58:56]   Drive folder 'ADMISSIONS & ENROLLMENT/general': 4 existing PNGs
[18:59:04]   Drive folder 'ADMISSIONS & ENROLLMENT/general': 5 existing PNGs
[18:59:11]   Drive folder 'ADMISSIONS & ENROLLMENT/general': 6 existing PNGs
[18:59:19]   Drive folder 'ADMISSIONS & ENROLLMENT/general': 7 existing PNGs
[18:59:26]   Drive folder 'ADMISSIONS & ENROLLMENT/general': 8 existing PNGs
[18:59:34]   Drive folder 'ADMISSIONS & ENROLLMENT/general': 9 existing PNGs
[18:59:40]   Uploaded: 10/10 | skip=0 | 0.12/s
[18:59:40]   Checkpoint saved: phase4_uploaded (10 items)
[18:59:40] PHASE 4 DONE — Uploaded: 10 | Drive-skipped: 0 | 1min
[18:59:40]   Deleted transparent/ images (uploaded to Drive)
[18:59:40] 
[18:59:42] ultradata.xlsx pushed: +10 rows
[18:59:42]   effective_end.txt written: 10 (batch_tracker will be set to this)
[18:59:42] ========================================================
[18:59:42] PHASE 6: Saving run logs to REPO1/logs/
[18:59:42] ========================================================