ULTRAPNG V8.0 — RUN REPORT
============================================================
Date: 2026-03-23 19:19
Batch: 0->7
status: FAILED: Pipeline <class 'diffusers.pipelines.flux.pipeline_flux.FluxPipeline'> expected 
generated: 0
deleted: 0
approved: 0
transparent: 0
uploaded: 0
posts: 0
duration: 0.0h
============================================================

FULL LOG
============================================================
[19:17:44] Loading prompts...
[19:17:45] Loaded 8132 prompts
[19:17:45] Batch: 7 prompts

[19:17:45] Building skip-set...
[19:17:46]   Skip-set: 4 filenames
[19:17:46] ========================================================
[19:17:46] PHASE 1: FLUX.2-Klein-4B — black-forest-labs/FLUX.2-klein-4B
[19:17:46] ========================================================
[19:19:27] FATAL: Pipeline <class 'diffusers.pipelines.flux.pipeline_flux.FluxPipeline'> expected ['feature_extractor', 'image_encoder', 'scheduler', 'text_encoder', 'text_encoder_2', 'tokenizer', 'tokenizer_2', 'transformer', 'vae'], but only {'scheduler', 'vae', 'tokenizer', 'transformer', 'text_encoder'} were passed.
[19:19:27] ========================================================
[19:19:27] PHASE 6: Save logs