ULTRAPNG PIPELINE V7.0 — RUN REPORT
============================================================
Date       : 2026-03-29 17:09 IST
Batch      : 0 -> 10
Generated  : 0
Deleted    : 0
Approved   : 0
Transparent: 0
Uploaded   : 0
Posts      : 0
Duration   : ?
Status     : running
============================================================

FULL LOG
============================================================
[17:07:23] Manual drop: no PNG files found
[17:07:23] Loading prompts...
[17:07:24] Loaded 7972 prompts
[17:07:24] Batch: 10 prompts

[17:07:24] Building skip-set from REPO2 JSON files...
[17:07:26]   Skip-set (REPO2): 10 already-done filenames
[17:07:27]   Skip-set (ultradata): 792 already-generated filenames
[17:07:27]   Combined skip-set: 792 filenames total

[17:07:27] ========================================================
[17:07:27] PHASE 1: FLUX.2-Klein-4B — Image Generation
[17:07:27]   Loading from HuggingFace: black-forest-labs/FLUX.2-klein-4B
[17:07:27] ========================================================
[17:07:50]   Loading: black-forest-labs/FLUX.2-klein-4B
[17:07:50]   (First run: downloads ~8GB — ~5 min)
[17:08:44] FLUX.2 loaded | Batch: 10 | Skip: 792

[17:08:44]   SKIP [1/10] img_004767.png
[17:08:44]   SKIP [2/10] img_002865.png
[17:08:44]   SKIP [3/10] img_005019.png
[17:08:44] 
  Deleting FLUX.2 -> freeing VRAM + disk cache...
[17:08:45]   GPU used: 0.0GB
[17:08:47]   Deleted FLUX cache: models--black-forest-labs--FLUX.2-klein-4B
[17:08:47]   HF cache after cleanup: 0.0GB
[17:08:47]   Checkpoint saved: phase1_generated (0 items)
[17:08:47] PHASE 1 DONE — Generated: 0 | Skipped: 10

[17:08:47] No new images generated.
[17:08:47] ========================================================
[17:08:47] PHASE 6: Saving run logs to REPO1/logs/
[17:08:47] ========================================================