ULTRAPNG PIPELINE V6.0 — RUN REPORT
============================================================
Date       : 2026-03-27 08:15 IST
Batch      : 5 -> 805
Generated  : 800
Deleted    : 0
Approved   : 800
Transparent: 800
Uploaded   : 800
Posts      : 800
Duration   : 11.3h
Status     : SUCCESS
============================================================

FULL LOG
============================================================
[20:57:49] Manual drop: no PNG files found
[20:57:49] Loading prompts...
[20:57:50] Loaded 7972 prompts
[20:57:50] Batch: 800 prompts

[20:57:50] Building skip-set from REPO2 JSON files...
[20:57:50]   Skip-set (REPO2): 10 already-done filenames
[20:57:51]   Skip-set (ultradata): 10 already-generated filenames
[20:57:51]   Combined skip-set: 10 filenames total

[20:57:51] ========================================================
[20:57:51] PHASE 1: FLUX.2-Klein-4B — Image Generation
[20:57:51]   Loading from HuggingFace: black-forest-labs/FLUX.2-klein-4B
[20:57:51] ========================================================
[20:58:19]   Loading: black-forest-labs/FLUX.2-klein-4B
[20:58:19]   (First run: downloads ~8GB — ~5 min)
[20:59:22] FLUX.2 loaded | Batch: 800 | Skip: 10

[21:00:36]   [1/800] OK img_003341.png | animals | ETA 988min
[21:01:24]   [2/800] OK img_001389.png | animals | ETA 812min
[21:02:11]   [3/800] OK img_001401.png | animals | ETA 749min
[21:02:57]   [4/800] OK img_000620.png | animals | ETA 716min
[21:03:44]   [5/800] OK img_001064.png | animals | ETA 694min
[21:04:30]   [6/800] OK img_003063.png | animals | ETA 679min
[21:05:16]   [7/800] OK img_000558.png | animals | ETA 669min
[21:06:02]   [8/800] OK img_003466.png | animals | ETA 661min
[21:06:48]   [9/800] OK img_003465.png | animals | ETA 654min
[21:07:34]   [10/800] OK img_001697.png | animals | ETA 648min
[21:08:20]   [11/800] OK img_001287.png | animals | ETA 643min
[21:09:06]   [12/800] OK img_003635.png | animals | ETA 639min
[21:09:51]   [13/800] OK img_002006.png | animals | ETA 635min
[21:10:37]   [14/800] OK img_004089.png | animals | ETA 632min
[21:11:22]   [15/800] OK img_004463.png | animals | ETA 628min
[21:12:08]   [16/800] OK img_002409.png | animals | ETA 625min
[21:12:53]   [17/800] OK img_000947.png | animals | ETA 623min
[21:13:38]   [18/800] OK img_002710.png | animals | ETA 620min
[21:14:23]   [19/800] OK img_003468.png | animals | ETA 618min
[21:15:08]   [20/800] OK img_004196.png | animals | ETA 615min
[21:15:53]   [21/800] OK img_003496.png | animals | ETA 613min
[21:16:37]   [22/800] OK img_004852.png | animals | ETA 610min
[21:17:23]   [23/800] OK img_003292.png | animals | ETA 609min
[21:18:07]   [24/800] OK img_001927.png | animals | ETA 607min
[21:18:52]   [25/800] OK img_002350.png | animals | ETA 605min
[21:19:36]   [26/800] OK img_000491.png | animals | ETA 603min
[21:20:21]   [27/800] OK img_003552.png | animals | ETA 601min
[21:21:05]   [28/800] OK img_004525.png | animals | ETA 599min
[21:21:50]   [29/800] OK img_001643.png | animals | ETA 597min
[21:22:34]   [30/800] OK img_000659.png | animals | ETA 596min
[21:23:18]   [31/800] OK img_001874.png | animals | ETA 594min
[21:24:02]   [32/800] OK img_002322.png | animals | ETA 592min
[21:24:46]   [33/800] OK img_000188.png | animals | ETA 590min
[21:25:30]   [34/800] OK img_005042.png | animals | ETA 589min
[21:26:13]   [35/800] OK img_002594.png | animals | ETA 587min
[21:26:57]   [36/800] OK img_001525.png | animals | ETA 586min
[21:27:41]   [37/800] OK img_003668.png | animals | ETA 584min
[21:28:25]   [38/800] OK img_000075.png | animals | ETA 583min
[21:29:08]   [39/800] OK img_001484.png | animals | ETA 581min
[21:29:52]   [40/800] OK img_003860.png | animals | ETA 580min
[21:30:36]   [41/800] OK img_003629.png | animals | ETA 578min
[21:31:19]   [42/800] OK img_003681.png | animals | ETA 577min
[21:32:03]   [43/800] OK img_002947.png | animals | ETA 575min
[21:32:47]   [44/800] OK img_003547.png | animals | ETA 574min
[21:33:30]   [45/800] OK img_002668.png | animals | ETA 573min
[21:34:14]   [46/800] OK img_002465.png | animals | ETA 572min
[21:34:58]   [47/800] OK img_000105.png | animals | ETA 570min
[21:35:41]   [48/800] OK img_001744.png | animals | ETA 569min
[21:36:25]   [49/800] OK img_001060.png | animals | ETA 568min
[21:37:09]   [50/800] OK img_001445.png | animals | ETA 567min
[21:37:52]   [51/800] OK img_000089.png | animals | ETA 566min
[21:38:36]   [52/800] OK img_001804.png | animals | ETA 564min
[21:39:19]   [53/800] OK img_002588.png | animals | ETA 563min
[21:40:03]   [54/800] OK img_002649.png | animals | ETA 562min
[21:40:47]   [55/800] OK img_005035.png | animals | ETA 561min
[21:41:31]   [56/800] OK img_003938.png | animals | ETA 560min
[21:42:14]   [57/800] OK img_003074.png | animals | ETA 559min
[21:42:58]   [58/800] OK img_000673.png | animals | ETA 558min
[21:43:42]   [59/800] OK img_002576.png | animals | ETA 557min
[21:44:25]   [60/800] OK img_004895.png | animals | ETA 556min
[21:45:09]   [61/800] OK img_002821.png | animals | ETA 555min
[21:45:52]   [62/800] OK img_002774.png | animals | ETA 554min
[21:46:36]   [63/800] OK img_003077.png | animals | ETA 553min
[21:47:20]   [64/800] OK img_003086.png | animals | ETA 552min
[21:48:03]   [65/800] OK img_000503.png | animals | ETA 551min
[21:48:47]   [66/800] OK img_000701.png | animals | ETA 550min
[21:49:31]   [67/800] OK img_000337.png | animals | ETA 549min
[21:50:15]   [68/800] OK img_002755.png | animals | ETA 548min
[21:50:58]   [69/800] OK img_000590.png | animals | ETA 547min
[21:51:42]   [70/800] OK img_001271.png | animals | ETA 546min
[21:52:26]   [71/800] OK img_003227.png | animals | ETA 545min
[21:53:09]   [72/800] OK img_000174.png | animals | ETA 544min
[21:53:53]   [73/800] OK img_001788.png | animals | ETA 543min
[21:54:36]   [74/800] OK img_000290.png | animals | ETA 542min
[21:55:20]   [75/800] OK img_000831.png | animals | ETA 541min
[21:56:04]   [76/800] OK img_001576.png | animals | ETA 540min
[21:56:47]   [77/800] OK img_004853.png | animals | ETA 539min
[21:57:31]   [78/800] OK img_001426.png | animals | ETA 538min
[21:58:15]   [79/800] OK img_000430.png | animals | ETA 537min
[21:58:58]   [80/800] OK img_005071.png | animals | ETA 536min
[21:59:42]   [81/800] OK img_000437.png | animals | ETA 536min
[22:00:25]   [82/800] OK img_000243.png | animals | ETA 535min
[22:01:09]   [83/800] OK img_004211.png | animals | ETA 534min
[22:01:53]   [84/800] OK img_002612.png | animals | ETA 533min
[22:02:36]   [85/800] OK img_004368.png | animals | ETA 532min
[22:03:20]   [86/800] OK img_001638.png | animals | ETA 531min
[22:04:03]   [87/800] OK img_001959.png | animals | ETA 530min
[22:04:47]   [88/800] OK img_004881.png | animals | ETA 529min
[22:05:30]   [89/800] OK img_003027.png | animals | ETA 528min
[22:06:14]   [90/800] OK img_004538.png | animals | ETA 528min
[22:06:57]   [91/800] OK img_004757.png | animals | ETA 527min
[22:07:41]   [92/800] OK img_001719.png | animals | ETA 526min
[22:08:24]   [93/800] OK img_004941.png | animals | ETA 525min
[22:09:08]   [94/800] OK img_002681.png | animals | ETA 524min
[22:09:51]   [95/800] OK img_000566.png | animals | ETA 523min
[22:10:35]   [96/800] OK img_001541.png | animals | ETA 522min
[22:11:18]   [97/800] OK img_002317.png | animals | ETA 521min
[22:12:02]   [98/800] OK img_000911.png | animals | ETA 521min
[22:12:45]   [99/800] OK img_003578.png | animals | ETA 520min
[22:13:29]   [100/800] OK img_002299.png | animals | ETA 519min
[22:14:12]   [101/800] OK img_000363.png | animals | ETA 518min
[22:14:55]   [102/800] OK img_003493.png | animals | ETA 517min
[22:15:39]   [103/800] OK img_003573.png | animals | ETA 516min
[22:16:23]   [104/800] OK img_002438.png | animals | ETA 515min
[22:17:06]   [105/800] OK img_003060.png | animals | ETA 515min
[22:17:50]   [106/800] OK img_003776.png | animals | ETA 514min
[22:18:33]   [107/800] OK img_003165.png | animals | ETA 513min
[22:19:17]   [108/800] OK img_003379.png | animals | ETA 512min
[22:20:00]   [109/800] OK img_000400.png | animals | ETA 511min
[22:20:43]   [110/800] OK img_001726.png | animals | ETA 510min
[22:21:27]   [111/800] OK img_004487.png | animals | ETA 510min
[22:22:10]   [112/800] OK img_003393.png | animals | ETA 509min
[22:22:54]   [113/800] OK img_001299.png | animals | ETA 508min
[22:23:38]   [114/800] OK img_004494.png | animals | ETA 507min
[22:24:21]   [115/800] OK img_001047.png | animals | ETA 506min
[22:25:05]   [116/800] OK img_003922.png | animals | ETA 505min
[22:25:48]   [117/800] OK img_004319.png | animals | ETA 505min
[22:26:32]   [118/800] OK img_000452.png | animals | ETA 504min
[22:27:15]   [119/800] OK img_002626.png | animals | ETA 503min
[22:27:58]   [120/800] OK img_003169.png | animals | ETA 502min
[22:28:42]   [121/800] OK img_001538.png | animals | ETA 501min
[22:29:25]   [122/800] OK img_000572.png | animals | ETA 500min
[22:30:08]   [123/800] OK img_000880.png | animals | ETA 500min
[22:30:52]   [124/800] OK img_003607.png | animals | ETA 499min
[22:31:36]   [125/800] OK img_001314.png | animals | ETA 498min
[22:32:19]   [126/800] OK img_000568.png | animals | ETA 497min
[22:33:03]   [127/800] OK img_000725.png | animals | ETA 496min
[22:33:46]   [128/800] OK img_000453.png | animals | ETA 496min
[22:34:30]   [129/800] OK img_003267.png | animals | ETA 495min
[22:35:13]   [130/800] OK img_004142.png | animals | ETA 494min
[22:35:56]   [131/800] OK img_000883.png | animals | ETA 493min
[22:36:40]   [132/800] OK img_001575.png | animals | ETA 492min
[22:37:23]   [133/800] OK img_000968.png | animals | ETA 492min
[22:38:07]   [134/800] OK img_000564.png | animals | ETA 491min
[22:38:50]   [135/800] OK img_000912.png | animals | ETA 490min
[22:39:34]   [136/800] OK img_000473.png | animals | ETA 489min
[22:40:17]   [137/800] OK img_003577.png | animals | ETA 488min
[22:41:00]   [138/800] OK img_003216.png | animals | ETA 488min
[22:41:44]   [139/800] OK img_004028.png | animals | ETA 487min
[22:42:27]   [140/800] OK img_003072.png | animals | ETA 486min
[22:43:11]   [141/800] OK img_002492.png | animals | ETA 485min
[22:43:54]   [142/800] OK img_004330.png | animals | ETA 484min
[22:44:38]   [143/800] OK img_004275.png | animals | ETA 484min
[22:45:22]   [144/800] OK img_000186.png | animals | ETA 483min
[22:46:05]   [145/800] OK img_000149.png | animals | ETA 482min
[22:46:49]   [146/800] OK img_003712.png | animals | ETA 481min
[22:47:32]   [147/800] OK img_001073.png | animals | ETA 481min
[22:48:15]   [148/800] OK img_000602.png | animals | ETA 480min
[22:48:59]   [149/800] OK img_004754.png | animals | ETA 479min
[22:49:42]   [150/800] OK img_000811.png | animals | ETA 478min
[22:50:26]   [151/800] OK img_003970.png | animals | ETA 477min
[22:51:09]   [152/800] OK img_003563.png | animals | ETA 477min
[22:51:53]   [153/800] OK img_003864.png | animals | ETA 476min
[22:52:36]   [154/800] OK img_003487.png | animals | ETA 475min
[22:53:20]   [155/800] OK img_000034.png | animals | ETA 474min
[22:54:03]   [156/800] OK img_000042.png | animals | ETA 473min
[22:54:47]   [157/800] OK img_001702.png | animals | ETA 473min
[22:55:30]   [158/800] OK img_000698.png | animals | ETA 472min
[22:56:13]   [159/800] OK img_004618.png | animals | ETA 471min
[22:56:57]   [160/800] OK img_000398.png | animals | ETA 470min
[22:57:40]   [161/800] OK img_002188.png | animals | ETA 470min
[22:58:24]   [162/800] OK img_003503.png | animals | ETA 469min
[22:59:07]   [163/800] OK img_003507.png | animals | ETA 468min
[22:59:51]   [164/800] OK img_003868.png | animals | ETA 467min
[23:00:34]   [165/800] OK img_004515.png | animals | ETA 466min
[23:01:17]   [166/800] OK img_001867.png | animals | ETA 466min
[23:02:01]   [167/800] OK img_004925.png | animals | ETA 465min
[23:02:44]   [168/800] OK img_003538.png | animals | ETA 464min
[23:03:28]   [169/800] OK img_003222.png | animals | ETA 463min
[23:04:11]   [170/800] OK img_001905.png | animals | ETA 463min
[23:04:55]   [171/800] OK img_002192.png | animals | ETA 462min
[23:05:38]   [172/800] OK img_004455.png | animals | ETA 461min
[23:06:21]   [173/800] OK img_000547.png | animals | ETA 460min
[23:07:04]   [174/800] OK img_002559.png | animals | ETA 459min
[23:07:47]   [175/800] OK img_003323.png | animals | ETA 459min
[23:08:31]   [176/800] OK img_001962.png | animals | ETA 458min
[23:09:14]   [177/800] OK img_001848.png | animals | ETA 457min
[23:09:58]   [178/800] OK img_004948.png | animals | ETA 456min
[23:10:41]   [179/800] OK img_003925.png | animals | ETA 456min
[23:11:25]   [180/800] OK img_002912.png | animals | ETA 455min
[23:12:08]   [181/800] OK img_004425.png | animals | ETA 454min
[23:12:52]   [182/800] OK img_003526.png | animals | ETA 453min
[23:13:35]   [183/800] OK img_001486.png | animals | ETA 453min
[23:14:18]   [184/800] OK img_000009.png | ayurvedic_herbal | ETA 452min
[23:15:01]   [185/800] OK img_000042.png | ayurvedic_herbal | ETA 451min
[23:15:45]   [186/800] OK img_000064.png | ayurvedic_herbal | ETA 450min
[23:16:29]   [187/800] OK img_000098.png | ayurvedic_herbal | ETA 449min
[23:17:12]   [188/800] OK img_000133.png | ayurvedic_herbal | ETA 449min
[23:17:56]   [189/800] OK img_000196.png | ayurvedic_herbal | ETA 448min
[23:18:39]   [190/800] OK img_000267.png | ayurvedic_herbal | ETA 447min
[23:19:23]   [191/800] OK img_000346.png | ayurvedic_herbal | ETA 446min
[23:20:07]   [192/800] OK img_000402.png | ayurvedic_herbal | ETA 446min
[23:20:50]   [193/800] OK img_000458.png | ayurvedic_herbal | ETA 445min
[23:21:34]   [194/800] OK img_000530.png | ayurvedic_herbal | ETA 444min
[23:22:18]   [195/800] OK img_000595.png | ayurvedic_herbal | ETA 443min
[23:23:01]   [196/800] OK img_000601.png | ayurvedic_herbal | ETA 443min
[23:23:45]   [197/800] OK img_000619.png | ayurvedic_herbal | ETA 442min
[23:24:28]   [198/800] OK img_000634.png | ayurvedic_herbal | ETA 441min
[23:25:12]   [199/800] OK img_000703.png | ayurvedic_herbal | ETA 440min
[23:25:55]   [200/800] OK img_000835.png | ayurvedic_herbal | ETA 440min
[23:26:39]   [201/800] OK img_000891.png | ayurvedic_herbal | ETA 439min
[23:27:22]   [202/800] OK img_000896.png | ayurvedic_herbal | ETA 438min
[23:28:06]   [203/800] OK img_000927.png | ayurvedic_herbal | ETA 437min
[23:28:49]   [204/800] OK img_000939.png | ayurvedic_herbal | ETA 437min
[23:29:33]   [205/800] OK img_001007.png | ayurvedic_herbal | ETA 436min
[23:30:16]   [206/800] OK img_001022.png | ayurvedic_herbal | ETA 435min
[23:31:00]   [207/800] OK img_001047.png | ayurvedic_herbal | ETA 434min
[23:31:43]   [208/800] OK img_001142.png | ayurvedic_herbal | ETA 434min
[23:32:27]   [209/800] OK img_001158.png | ayurvedic_herbal | ETA 433min
[23:33:10]   [210/800] OK img_001160.png | ayurvedic_herbal | ETA 432min
[23:33:54]   [211/800] OK img_001171.png | ayurvedic_herbal | ETA 431min
[23:34:37]   [212/800] OK img_001238.png | ayurvedic_herbal | ETA 431min
[23:35:21]   [213/800] OK img_001252.png | ayurvedic_herbal | ETA 430min
[23:36:04]   [214/800] OK img_001359.png | ayurvedic_herbal | ETA 429min
[23:36:48]   [215/800] OK img_001425.png | ayurvedic_herbal | ETA 428min
[23:37:31]   [216/800] OK img_001443.png | ayurvedic_herbal | ETA 428min
[23:38:15]   [217/800] OK img_001447.png | ayurvedic_herbal | ETA 427min
[23:38:58]   [218/800] OK img_001476.png | ayurvedic_herbal | ETA 426min
[23:39:42]   [219/800] OK img_001508.png | ayurvedic_herbal | ETA 425min
[23:40:25]   [220/800] OK img_001526.png | ayurvedic_herbal | ETA 425min
[23:41:09]   [221/800] OK img_001534.png | ayurvedic_herbal | ETA 424min
[23:41:52]   [222/800] OK img_001555.png | ayurvedic_herbal | ETA 423min
[23:42:36]   [223/800] OK img_001594.png | ayurvedic_herbal | ETA 422min
[23:43:20]   [224/800] OK img_001707.png | ayurvedic_herbal | ETA 422min
[23:44:03]   [225/800] OK img_001733.png | ayurvedic_herbal | ETA 421min
[23:44:47]   [226/800] OK img_001736.png | ayurvedic_herbal | ETA 420min
[23:45:30]   [227/800] OK img_001769.png | ayurvedic_herbal | ETA 419min
[23:46:14]   [228/800] OK img_001781.png | ayurvedic_herbal | ETA 419min
[23:46:58]   [229/800] OK img_001788.png | ayurvedic_herbal | ETA 418min
[23:47:41]   [230/800] OK img_001809.png | ayurvedic_herbal | ETA 417min
[23:48:25]   [231/800] OK img_001909.png | ayurvedic_herbal | ETA 416min
[23:49:08]   [232/800] OK img_001918.png | ayurvedic_herbal | ETA 416min
[23:49:52]   [233/800] OK img_001923.png | ayurvedic_herbal | ETA 415min
[23:50:35]   [234/800] OK img_001948.png | ayurvedic_herbal | ETA 414min
[23:51:19]   [235/800] OK img_001960.png | ayurvedic_herbal | ETA 413min
[23:52:02]   [236/800] OK img_001967.png | ayurvedic_herbal | ETA 413min
[23:52:46]   [237/800] OK img_001974.png | ayurvedic_herbal | ETA 412min
[23:53:30]   [238/800] OK img_002023.png | ayurvedic_herbal | ETA 411min
[23:54:13]   [239/800] OK img_002035.png | ayurvedic_herbal | ETA 410min
[23:54:57]   [240/800] OK img_002084.png | ayurvedic_herbal | ETA 410min
[23:55:40]   [241/800] OK img_002126.png | ayurvedic_herbal | ETA 409min
[23:56:24]   [242/800] OK img_002236.png | ayurvedic_herbal | ETA 408min
[23:57:07]   [243/800] OK img_002275.png | ayurvedic_herbal | ETA 407min
[23:57:51]   [244/800] OK img_002331.png | ayurvedic_herbal | ETA 407min
[23:58:34]   [245/800] OK img_002332.png | ayurvedic_herbal | ETA 406min
[23:59:17]   [246/800] OK img_002372.png | ayurvedic_herbal | ETA 405min
[00:00:01]   [247/800] OK img_002376.png | ayurvedic_herbal | ETA 404min
[00:00:44]   [248/800] OK img_002419.png | ayurvedic_herbal | ETA 404min
[00:01:27]   [249/800] OK img_002452.png | ayurvedic_herbal | ETA 403min
[00:02:11]   [250/800] OK img_002453.png | ayurvedic_herbal | ETA 402min
[00:02:54]   [251/800] OK img_002535.png | ayurvedic_herbal | ETA 401min
[00:03:38]   [252/800] OK img_002540.png | ayurvedic_herbal | ETA 401min
[00:04:21]   [253/800] OK img_002568.png | ayurvedic_herbal | ETA 400min
[00:05:05]   [254/800] OK img_002579.png | ayurvedic_herbal | ETA 399min
[00:05:49]   [255/800] OK img_002601.png | ayurvedic_herbal | ETA 398min
[00:06:32]   [256/800] OK img_002605.png | ayurvedic_herbal | ETA 398min
[00:07:16]   [257/800] OK img_002611.png | ayurvedic_herbal | ETA 397min
[00:07:59]   [258/800] OK img_002662.png | ayurvedic_herbal | ETA 396min
[00:08:43]   [259/800] OK img_002722.png | ayurvedic_herbal | ETA 396min
[00:09:26]   [260/800] OK img_002737.png | ayurvedic_herbal | ETA 395min
[00:10:09]   [261/800] OK img_002742.png | ayurvedic_herbal | ETA 394min
[00:10:52]   [262/800] OK img_002798.png | ayurvedic_herbal | ETA 393min
[00:11:36]   [263/800] OK img_002799.png | ayurvedic_herbal | ETA 393min
[00:12:19]   [264/800] OK img_002813.png | ayurvedic_herbal | ETA 392min
[00:13:03]   [265/800] OK img_002874.png | ayurvedic_herbal | ETA 391min
[00:13:46]   [266/800] OK img_002919.png | ayurvedic_herbal | ETA 390min
[00:14:30]   [267/800] OK img_002931.png | ayurvedic_herbal | ETA 390min
[00:15:14]   [268/800] OK img_002955.png | ayurvedic_herbal | ETA 389min
[00:15:57]   [269/800] OK img_002973.png | ayurvedic_herbal | ETA 388min
[00:16:41]   [270/800] OK img_003021.png | ayurvedic_herbal | ETA 387min
[00:17:24]   [271/800] OK img_003097.png | ayurvedic_herbal | ETA 387min
[00:18:08]   [272/800] OK img_003129.png | ayurvedic_herbal | ETA 386min
[00:18:52]   [273/800] OK img_003163.png | ayurvedic_herbal | ETA 385min
[00:19:35]   [274/800] OK img_003183.png | ayurvedic_herbal | ETA 384min
[00:20:19]   [275/800] OK img_003202.png | ayurvedic_herbal | ETA 384min
[00:21:02]   [276/800] OK img_003235.png | ayurvedic_herbal | ETA 383min
[00:21:46]   [277/800] OK img_003252.png | ayurvedic_herbal | ETA 382min
[00:22:29]   [278/800] OK img_003285.png | ayurvedic_herbal | ETA 381min
[00:23:13]   [279/800] OK img_003286.png | ayurvedic_herbal | ETA 381min
[00:23:56]   [280/800] OK img_003318.png | ayurvedic_herbal | ETA 380min
[00:24:40]   [281/800] OK img_003348.png | ayurvedic_herbal | ETA 379min
[00:25:23]   [282/800] OK img_003353.png | ayurvedic_herbal | ETA 378min
[00:26:07]   [283/800] OK img_003364.png | ayurvedic_herbal | ETA 378min
[00:26:50]   [284/800] OK img_003426.png | ayurvedic_herbal | ETA 377min
[00:27:34]   [285/800] OK img_003443.png | ayurvedic_herbal | ETA 376min
[00:28:18]   [286/800] OK img_003558.png | ayurvedic_herbal | ETA 375min
[00:29:01]   [287/800] OK img_003572.png | ayurvedic_herbal | ETA 375min
[00:29:45]   [288/800] OK img_003680.png | ayurvedic_herbal | ETA 374min
[00:30:28]   [289/800] OK img_003765.png | ayurvedic_herbal | ETA 373min
[00:31:12]   [290/800] OK img_003778.png | ayurvedic_herbal | ETA 373min
[00:31:56]   [291/800] OK img_003846.png | ayurvedic_herbal | ETA 372min
[00:32:39]   [292/800] OK img_003861.png | ayurvedic_herbal | ETA 371min
[00:33:23]   [293/800] OK img_003863.png | ayurvedic_herbal | ETA 370min
[00:34:07]   [294/800] OK img_003897.png | ayurvedic_herbal | ETA 370min
[00:34:50]   [295/800] OK img_003966.png | ayurvedic_herbal | ETA 369min
[00:35:34]   [296/800] OK img_003977.png | ayurvedic_herbal | ETA 368min
[00:36:17]   [297/800] OK img_003985.png | ayurvedic_herbal | ETA 367min
[00:37:01]   [298/800] OK img_004001.png | ayurvedic_herbal | ETA 367min
[00:37:45]   [299/800] OK img_004049.png | ayurvedic_herbal | ETA 366min
[00:38:29]   [300/800] OK img_004102.png | ayurvedic_herbal | ETA 365min
[00:39:13]   [301/800] OK img_004125.png | ayurvedic_herbal | ETA 364min
[00:39:56]   [302/800] OK img_004163.png | ayurvedic_herbal | ETA 364min
[00:40:40]   [303/800] OK img_004208.png | ayurvedic_herbal | ETA 363min
[00:41:24]   [304/800] OK img_004238.png | ayurvedic_herbal | ETA 362min
[00:42:07]   [305/800] OK img_004304.png | ayurvedic_herbal | ETA 362min
[00:42:51]   [306/800] OK img_004319.png | ayurvedic_herbal | ETA 361min
[00:43:34]   [307/800] OK img_004332.png | ayurvedic_herbal | ETA 360min
[00:44:18]   [308/800] OK img_004371.png | ayurvedic_herbal | ETA 359min
[00:45:01]   [309/800] OK img_004375.png | ayurvedic_herbal | ETA 359min
[00:45:45]   [310/800] OK img_004404.png | ayurvedic_herbal | ETA 358min
[00:46:29]   [311/800] OK img_004406.png | ayurvedic_herbal | ETA 357min
[00:47:12]   [312/800] OK img_004410.png | ayurvedic_herbal | ETA 356min
[00:47:56]   [313/800] OK img_004437.png | ayurvedic_herbal | ETA 356min
[00:48:40]   [314/800] OK img_004471.png | ayurvedic_herbal | ETA 355min
[00:49:24]   [315/800] OK img_004493.png | ayurvedic_herbal | ETA 354min
[00:50:07]   [316/800] OK img_004510.png | ayurvedic_herbal | ETA 353min
[00:50:51]   [317/800] OK img_004524.png | ayurvedic_herbal | ETA 353min
[00:51:35]   [318/800] OK img_004536.png | ayurvedic_herbal | ETA 352min
[00:52:19]   [319/800] OK img_004542.png | ayurvedic_herbal | ETA 351min
[00:53:03]   [320/800] OK img_004600.png | ayurvedic_herbal | ETA 351min
[00:53:46]   [321/800] OK img_004616.png | ayurvedic_herbal | ETA 350min
[00:54:30]   [322/800] OK img_004627.png | ayurvedic_herbal | ETA 349min
[00:55:13]   [323/800] OK img_004645.png | ayurvedic_herbal | ETA 348min
[00:55:57]   [324/800] OK img_004658.png | ayurvedic_herbal | ETA 348min
[00:56:40]   [325/800] OK img_004696.png | ayurvedic_herbal | ETA 347min
[00:57:24]   [326/800] OK img_004727.png | ayurvedic_herbal | ETA 346min
[00:58:07]   [327/800] OK img_004731.png | ayurvedic_herbal | ETA 345min
[00:58:51]   [328/800] OK img_004814.png | ayurvedic_herbal | ETA 345min
[00:59:34]   [329/800] OK img_004898.png | ayurvedic_herbal | ETA 344min
[01:00:18]   [330/800] OK img_004923.png | ayurvedic_herbal | ETA 343min
[01:01:01]   [331/800] OK img_005017.png | ayurvedic_herbal | ETA 342min
[01:01:45]   [332/800] OK img_005043.png | ayurvedic_herbal | ETA 342min
[01:02:28]   [333/800] OK img_005083.png | ayurvedic_herbal | ETA 341min
[01:03:12]   [334/800] OK img_005260.png | ayurvedic_herbal | ETA 340min
[01:03:56]   [335/800] OK img_005263.png | ayurvedic_herbal | ETA 339min
[01:04:39]   [336/800] OK img_005291.png | ayurvedic_herbal | ETA 339min
[01:05:23]   [337/800] OK img_005350.png | ayurvedic_herbal | ETA 338min
[01:06:06]   [338/800] OK img_005390.png | ayurvedic_herbal | ETA 337min
[01:06:50]   [339/800] OK img_005431.png | ayurvedic_herbal | ETA 337min
[01:07:33]   [340/800] OK img_005464.png | ayurvedic_herbal | ETA 336min
[01:08:17]   [341/800] OK img_005596.png | ayurvedic_herbal | ETA 335min
[01:09:01]   [342/800] OK img_005613.png | ayurvedic_herbal | ETA 334min
[01:09:44]   [343/800] OK img_005628.png | ayurvedic_herbal | ETA 334min
[01:10:28]   [344/800] OK img_005685.png | ayurvedic_herbal | ETA 333min
[01:11:11]   [345/800] OK img_005751.png | ayurvedic_herbal | ETA 332min
[01:11:55]   [346/800] OK img_005760.png | ayurvedic_herbal | ETA 331min
[01:12:38]   [347/800] OK img_005768.png | ayurvedic_herbal | ETA 331min
[01:13:22]   [348/800] OK img_005841.png | ayurvedic_herbal | ETA 330min
[01:14:06]   [349/800] OK img_005977.png | ayurvedic_herbal | ETA 329min
[01:14:49]   [350/800] OK img_006045.png | ayurvedic_herbal | ETA 328min
[01:15:33]   [351/800] OK img_006096.png | ayurvedic_herbal | ETA 328min
[01:16:17]   [352/800] OK img_006099.png | ayurvedic_herbal | ETA 327min
[01:17:01]   [353/800] OK img_006115.png | ayurvedic_herbal | ETA 326min
[01:17:45]   [354/800] OK img_006121.png | ayurvedic_herbal | ETA 326min
[01:18:28]   [355/800] OK img_006198.png | ayurvedic_herbal | ETA 325min
[01:19:12]   [356/800] OK img_006222.png | ayurvedic_herbal | ETA 324min
[01:19:56]   [357/800] OK img_006271.png | ayurvedic_herbal | ETA 323min
[01:20:40]   [358/800] OK img_006289.png | ayurvedic_herbal | ETA 323min
[01:21:24]   [359/800] OK img_006304.png | ayurvedic_herbal | ETA 322min
[01:22:08]   [360/800] OK img_006305.png | ayurvedic_herbal | ETA 321min
[01:22:52]   [361/800] OK img_006347.png | ayurvedic_herbal | ETA 320min
[01:23:35]   [362/800] OK img_006365.png | ayurvedic_herbal | ETA 320min
[01:24:19]   [363/800] OK img_006381.png | ayurvedic_herbal | ETA 319min
[01:25:03]   [364/800] OK img_006388.png | ayurvedic_herbal | ETA 318min
[01:25:47]   [365/800] OK img_006469.png | ayurvedic_herbal | ETA 318min
[01:26:31]   [366/800] OK img_006482.png | ayurvedic_herbal | ETA 317min
[01:27:14]   [367/800] OK img_006487.png | ayurvedic_herbal | ETA 316min
[01:27:58]   [368/800] OK img_006492.png | ayurvedic_herbal | ETA 315min
[01:28:42]   [369/800] OK img_006496.png | ayurvedic_herbal | ETA 315min
[01:29:26]   [370/800] OK img_006523.png | ayurvedic_herbal | ETA 314min
[01:30:10]   [371/800] OK img_006669.png | ayurvedic_herbal | ETA 313min
[01:30:53]   [372/800] OK img_006751.png | ayurvedic_herbal | ETA 312min
[01:31:37]   [373/800] OK img_006774.png | ayurvedic_herbal | ETA 312min
[01:32:21]   [374/800] OK img_006786.png | ayurvedic_herbal | ETA 311min
[01:33:05]   [375/800] OK img_006836.png | ayurvedic_herbal | ETA 310min
[01:33:49]   [376/800] OK img_006907.png | ayurvedic_herbal | ETA 309min
[01:34:32]   [377/800] OK img_007020.png | ayurvedic_herbal | ETA 309min
[01:35:16]   [378/800] OK img_007252.png | ayurvedic_herbal | ETA 308min
[01:36:00]   [379/800] OK img_007283.png | ayurvedic_herbal | ETA 307min
[01:36:44]   [380/800] OK img_007288.png | ayurvedic_herbal | ETA 307min
[01:37:27]   [381/800] OK img_007307.png | ayurvedic_herbal | ETA 306min
[01:38:11]   [382/800] OK img_007309.png | ayurvedic_herbal | ETA 305min
[01:38:55]   [383/800] OK img_007369.png | ayurvedic_herbal | ETA 304min
[01:39:39]   [384/800] OK img_007382.png | ayurvedic_herbal | ETA 304min
[01:40:23]   [385/800] OK img_007387.png | ayurvedic_herbal | ETA 303min
[01:41:07]   [386/800] OK img_007419.png | ayurvedic_herbal | ETA 302min
[01:41:51]   [387/800] OK img_007445.png | ayurvedic_herbal | ETA 301min
[01:42:35]   [388/800] OK img_007464.png | ayurvedic_herbal | ETA 301min
[01:43:19]   [389/800] OK img_007556.png | ayurvedic_herbal | ETA 300min
[01:44:03]   [390/800] OK img_007572.png | ayurvedic_herbal | ETA 299min
[01:44:47]   [391/800] OK img_007577.png | ayurvedic_herbal | ETA 299min
[01:45:31]   [392/800] OK img_007612.png | ayurvedic_herbal | ETA 298min
[01:46:15]   [393/800] OK img_007629.png | ayurvedic_herbal | ETA 297min
[01:46:59]   [394/800] OK img_007705.png | ayurvedic_herbal | ETA 296min
[01:47:43]   [395/800] OK img_007756.png | ayurvedic_herbal | ETA 296min
[01:48:27]   [396/800] OK img_007788.png | ayurvedic_herbal | ETA 295min
[01:49:11]   [397/800] OK img_007802.png | ayurvedic_herbal | ETA 294min
[01:49:55]   [398/800] OK img_007809.png | ayurvedic_herbal | ETA 293min
[01:50:39]   [399/800] OK img_007828.png | ayurvedic_herbal | ETA 293min
[01:51:23]   [400/800] OK img_007833.png | ayurvedic_herbal | ETA 292min
[01:52:06]   [401/800] OK img_007841.png | ayurvedic_herbal | ETA 291min
[01:52:50]   [402/800] OK img_007903.png | ayurvedic_herbal | ETA 291min
[01:53:34]   [403/800] OK img_007933.png | ayurvedic_herbal | ETA 290min
[01:54:18]   [404/800] OK img_007957.png | ayurvedic_herbal | ETA 289min
[01:55:02]   [405/800] OK img_008019.png | ayurvedic_herbal | ETA 288min
[01:55:46]   [406/800] OK img_008026.png | ayurvedic_herbal | ETA 288min
[01:56:30]   [407/800] OK img_008041.png | ayurvedic_herbal | ETA 287min
[01:57:14]   [408/800] OK img_000010.png | bakery_snacks | ETA 286min
[01:57:58]   [409/800] OK img_000050.png | bakery_snacks | ETA 285min
[01:58:42]   [410/800] OK img_000128.png | bakery_snacks | ETA 285min
[01:59:26]   [411/800] OK img_000137.png | bakery_snacks | ETA 284min
[02:00:10]   [412/800] OK img_000226.png | bakery_snacks | ETA 283min
[02:00:54]   [413/800] OK img_000259.png | bakery_snacks | ETA 283min
[02:01:37]   [414/800] OK img_000270.png | bakery_snacks | ETA 282min
[02:02:21]   [415/800] OK img_000298.png | bakery_snacks | ETA 281min
[02:03:05]   [416/800] OK img_000300.png | bakery_snacks | ETA 280min
[02:03:49]   [417/800] OK img_000304.png | bakery_snacks | ETA 280min
[02:04:33]   [418/800] OK img_000445.png | bakery_snacks | ETA 279min
[02:05:16]   [419/800] OK img_000474.png | bakery_snacks | ETA 278min
[02:06:00]   [420/800] OK img_000585.png | bakery_snacks | ETA 277min
[02:06:44]   [421/800] OK img_000590.png | bakery_snacks | ETA 277min
[02:07:28]   [422/800] OK img_000690.png | bakery_snacks | ETA 276min
[02:08:12]   [423/800] OK img_000694.png | bakery_snacks | ETA 275min
[02:08:56]   [424/800] OK img_000699.png | bakery_snacks | ETA 275min
[02:09:40]   [425/800] OK img_000732.png | bakery_snacks | ETA 274min
[02:10:23]   [426/800] OK img_000793.png | bakery_snacks | ETA 273min
[02:11:07]   [427/800] OK img_000796.png | bakery_snacks | ETA 272min
[02:11:51]   [428/800] OK img_000893.png | bakery_snacks | ETA 272min
[02:12:35]   [429/800] OK img_000907.png | bakery_snacks | ETA 271min
[02:13:19]   [430/800] OK img_000916.png | bakery_snacks | ETA 270min
[02:14:02]   [431/800] OK img_000950.png | bakery_snacks | ETA 269min
[02:14:46]   [432/800] OK img_001052.png | bakery_snacks | ETA 269min
[02:15:30]   [433/800] OK img_001077.png | bakery_snacks | ETA 268min
[02:16:14]   [434/800] OK img_001091.png | bakery_snacks | ETA 267min
[02:16:58]   [435/800] OK img_001118.png | bakery_snacks | ETA 266min
[02:17:42]   [436/800] OK img_001308.png | bakery_snacks | ETA 266min
[02:18:26]   [437/800] OK img_001465.png | bakery_snacks | ETA 265min
[02:19:10]   [438/800] OK img_001470.png | bakery_snacks | ETA 264min
[02:19:54]   [439/800] OK img_001482.png | bakery_snacks | ETA 264min
[02:20:38]   [440/800] OK img_001542.png | bakery_snacks | ETA 263min
[02:21:22]   [441/800] OK img_001603.png | bakery_snacks | ETA 262min
[02:22:06]   [442/800] OK img_001644.png | bakery_snacks | ETA 261min
[02:22:49]   [443/800] OK img_001693.png | bakery_snacks | ETA 261min
[02:23:33]   [444/800] OK img_001744.png | bakery_snacks | ETA 260min
[02:24:17]   [445/800] OK img_001761.png | bakery_snacks | ETA 259min
[02:25:01]   [446/800] OK img_001822.png | bakery_snacks | ETA 258min
[02:25:45]   [447/800] OK img_001870.png | bakery_snacks | ETA 258min
[02:26:29]   [448/800] OK img_001873.png | bakery_snacks | ETA 257min
[02:27:12]   [449/800] OK img_002237.png | bakery_snacks | ETA 256min
[02:27:56]   [450/800] OK img_002273.png | bakery_snacks | ETA 256min
[02:28:40]   [451/800] OK img_002310.png | bakery_snacks | ETA 255min
[02:29:24]   [452/800] OK img_002423.png | bakery_snacks | ETA 254min
[02:30:08]   [453/800] OK img_002499.png | bakery_snacks | ETA 253min
[02:30:52]   [454/800] OK img_002546.png | bakery_snacks | ETA 253min
[02:31:36]   [455/800] OK img_002655.png | bakery_snacks | ETA 252min
[02:32:19]   [456/800] OK img_002687.png | bakery_snacks | ETA 251min
[02:33:03]   [457/800] OK img_002711.png | bakery_snacks | ETA 250min
[02:33:47]   [458/800] OK img_002802.png | bakery_snacks | ETA 250min
[02:34:31]   [459/800] OK img_002825.png | bakery_snacks | ETA 249min
[02:35:14]   [460/800] OK img_002876.png | bakery_snacks | ETA 248min
[02:35:58]   [461/800] OK img_002890.png | bakery_snacks | ETA 248min
[02:36:42]   [462/800] OK img_002896.png | bakery_snacks | ETA 247min
[02:37:26]   [463/800] OK img_002915.png | bakery_snacks | ETA 246min
[02:38:10]   [464/800] OK img_002956.png | bakery_snacks | ETA 245min
[02:38:53]   [465/800] OK img_003006.png | bakery_snacks | ETA 245min
[02:39:37]   [466/800] OK img_003027.png | bakery_snacks | ETA 244min
[02:40:21]   [467/800] OK img_003037.png | bakery_snacks | ETA 243min
[02:41:05]   [468/800] OK img_003051.png | bakery_snacks | ETA 242min
[02:41:49]   [469/800] OK img_003133.png | bakery_snacks | ETA 242min
[02:42:33]   [470/800] OK img_003213.png | bakery_snacks | ETA 241min
[02:43:17]   [471/800] OK img_003322.png | bakery_snacks | ETA 240min
[02:44:01]   [472/800] OK img_003329.png | bakery_snacks | ETA 240min
[02:44:45]   [473/800] OK img_003339.png | bakery_snacks | ETA 239min
[02:45:28]   [474/800] OK img_003392.png | bakery_snacks | ETA 238min
[02:46:12]   [475/800] OK img_003468.png | bakery_snacks | ETA 237min
[02:46:56]   [476/800] OK img_003480.png | bakery_snacks | ETA 237min
[02:47:40]   [477/800] OK img_003505.png | bakery_snacks | ETA 236min
[02:48:24]   [478/800] OK img_003595.png | bakery_snacks | ETA 235min
[02:49:08]   [479/800] OK img_003662.png | bakery_snacks | ETA 234min
[02:49:51]   [480/800] OK img_003714.png | bakery_snacks | ETA 234min
[02:50:35]   [481/800] OK img_003727.png | bakery_snacks | ETA 233min
[02:51:19]   [482/800] OK img_003789.png | bakery_snacks | ETA 232min
[02:52:02]   [483/800] OK img_003836.png | bakery_snacks | ETA 231min
[02:52:46]   [484/800] OK img_003843.png | bakery_snacks | ETA 231min
[02:53:30]   [485/800] OK img_004073.png | bakery_snacks | ETA 230min
[02:54:13]   [486/800] OK img_004074.png | bakery_snacks | ETA 229min
[02:54:57]   [487/800] OK img_004103.png | bakery_snacks | ETA 229min
[02:55:41]   [488/800] OK img_004126.png | bakery_snacks | ETA 228min
[02:56:24]   [489/800] OK img_004165.png | bakery_snacks | ETA 227min
[02:57:09]   [490/800] OK img_004386.png | bakery_snacks | ETA 226min
[02:57:52]   [491/800] OK img_004433.png | bakery_snacks | ETA 226min
[02:58:36]   [492/800] OK img_004475.png | bakery_snacks | ETA 225min
[02:59:20]   [493/800] OK img_004532.png | bakery_snacks | ETA 224min
[03:00:04]   [494/800] OK img_004553.png | bakery_snacks | ETA 223min
[03:00:48]   [495/800] OK img_004611.png | bakery_snacks | ETA 223min
[03:01:31]   [496/800] OK img_004644.png | bakery_snacks | ETA 222min
[03:02:15]   [497/800] OK img_004705.png | bakery_snacks | ETA 221min
[03:02:59]   [498/800] OK img_004754.png | bakery_snacks | ETA 221min
[03:03:43]   [499/800] OK img_004762.png | bakery_snacks | ETA 220min
[03:04:26]   [500/800] OK img_004765.png | bakery_snacks | ETA 219min
[03:05:10]   [501/800] OK img_004800.png | bakery_snacks | ETA 218min
[03:05:54]   [502/800] OK img_004864.png | bakery_snacks | ETA 218min
[03:06:38]   [503/800] OK img_004955.png | bakery_snacks | ETA 217min
[03:07:22]   [504/800] OK img_005172.png | bakery_snacks | ETA 216min
[03:08:06]   [505/800] OK img_005227.png | bakery_snacks | ETA 215min
[03:08:49]   [506/800] OK img_005288.png | bakery_snacks | ETA 215min
[03:09:33]   [507/800] OK img_005290.png | bakery_snacks | ETA 214min
[03:10:17]   [508/800] OK img_005547.png | bakery_snacks | ETA 213min
[03:11:01]   [509/800] OK img_005674.png | bakery_snacks | ETA 212min
[03:11:45]   [510/800] OK img_005710.png | bakery_snacks | ETA 212min
[03:12:28]   [511/800] OK img_005730.png | bakery_snacks | ETA 211min
[03:13:12]   [512/800] OK img_006041.png | bakery_snacks | ETA 210min
[03:13:56]   [513/800] OK img_006164.png | bakery_snacks | ETA 210min
[03:14:40]   [514/800] OK img_006200.png | bakery_snacks | ETA 209min
[03:15:24]   [515/800] OK img_006245.png | bakery_snacks | ETA 208min
[03:16:07]   [516/800] OK img_006277.png | bakery_snacks | ETA 207min
[03:16:51]   [517/800] OK img_006508.png | bakery_snacks | ETA 207min
[03:17:35]   [518/800] OK img_006710.png | bakery_snacks | ETA 206min
[03:18:18]   [519/800] OK img_006830.png | bakery_snacks | ETA 205min
[03:19:02]   [520/800] OK img_006863.png | bakery_snacks | ETA 204min
[03:19:46]   [521/800] OK img_007090.png | bakery_snacks | ETA 204min
[03:20:29]   [522/800] OK img_007230.png | bakery_snacks | ETA 203min
[03:21:13]   [523/800] OK img_007360.png | bakery_snacks | ETA 202min
[03:21:57]   [524/800] OK img_007393.png | bakery_snacks | ETA 202min
[03:22:40]   [525/800] OK img_007423.png | bakery_snacks | ETA 201min
[03:23:24]   [526/800] OK img_007443.png | bakery_snacks | ETA 200min
[03:24:07]   [527/800] OK img_007688.png | bakery_snacks | ETA 199min
[03:24:51]   [528/800] OK img_007712.png | bakery_snacks | ETA 199min
[03:25:34]   [529/800] OK img_007755.png | bakery_snacks | ETA 198min
[03:26:18]   [530/800] OK img_007779.png | bakery_snacks | ETA 197min
[03:27:02]   [531/800] OK img_007876.png | bakery_snacks | ETA 196min
[03:27:45]   [532/800] OK img_008000.png | bakery_snacks | ETA 196min
[03:28:29]   [533/800] OK img_008029.png | bakery_snacks | ETA 195min
[03:29:12]   [534/800] OK img_008033.png | bakery_snacks | ETA 194min
[03:29:56]   [535/800] OK img_008125.png | bakery_snacks | ETA 193min
[03:30:39]   [536/800] OK img_000016.png | computer_accessories | ETA 193min
[03:31:23]   [537/800] OK img_000025.png | computer_accessories | ETA 192min
[03:32:06]   [538/800] OK img_000102.png | computer_accessories | ETA 191min
[03:32:50]   [539/800] OK img_000122.png | computer_accessories | ETA 191min
[03:33:33]   [540/800] OK img_000182.png | computer_accessories | ETA 190min
[03:34:17]   [541/800] OK img_000190.png | computer_accessories | ETA 189min
[03:35:01]   [542/800] OK img_000232.png | computer_accessories | ETA 188min
[03:35:45]   [543/800] OK img_000237.png | computer_accessories | ETA 188min
[03:36:28]   [544/800] OK img_000242.png | computer_accessories | ETA 187min
[03:37:12]   [545/800] OK img_000244.png | computer_accessories | ETA 186min
[03:37:55]   [546/800] OK img_000248.png | computer_accessories | ETA 185min
[03:38:39]   [547/800] OK img_000294.png | computer_accessories | ETA 185min
[03:39:22]   [548/800] OK img_000313.png | computer_accessories | ETA 184min
[03:40:06]   [549/800] OK img_000317.png | computer_accessories | ETA 183min
[03:40:50]   [550/800] OK img_000325.png | computer_accessories | ETA 182min
[03:41:34]   [551/800] OK img_000327.png | computer_accessories | ETA 182min
[03:42:17]   [552/800] OK img_000333.png | computer_accessories | ETA 181min
[03:43:01]   [553/800] OK img_000349.png | computer_accessories | ETA 180min
[03:43:45]   [554/800] OK img_000355.png | computer_accessories | ETA 180min
[03:44:29]   [555/800] OK img_000429.png | computer_accessories | ETA 179min
[03:45:13]   [556/800] OK img_000430.png | computer_accessories | ETA 178min
[03:45:56]   [557/800] OK img_000460.png | computer_accessories | ETA 177min
[03:46:39]   [558/800] OK img_000463.png | computer_accessories | ETA 177min
[03:47:23]   [559/800] OK img_000516.png | computer_accessories | ETA 176min
[03:48:06]   [560/800] OK img_000549.png | computer_accessories | ETA 175min
[03:48:50]   [561/800] OK img_000560.png | computer_accessories | ETA 174min
[03:49:34]   [562/800] OK img_000569.png | computer_accessories | ETA 174min
[03:50:17]   [563/800] OK img_000605.png | computer_accessories | ETA 173min
[03:51:01]   [564/800] OK img_000652.png | computer_accessories | ETA 172min
[03:51:45]   [565/800] OK img_000657.png | computer_accessories | ETA 172min
[03:52:28]   [566/800] OK img_000658.png | computer_accessories | ETA 171min
[03:53:11]   [567/800] OK img_000688.png | computer_accessories | ETA 170min
[03:53:55]   [568/800] OK img_000691.png | computer_accessories | ETA 169min
[03:54:38]   [569/800] OK img_000749.png | computer_accessories | ETA 169min
[03:55:22]   [570/800] OK img_000811.png | computer_accessories | ETA 168min
[03:56:05]   [571/800] OK img_000821.png | computer_accessories | ETA 167min
[03:56:49]   [572/800] OK img_000827.png | computer_accessories | ETA 166min
[03:57:32]   [573/800] OK img_000836.png | computer_accessories | ETA 166min
[03:58:16]   [574/800] OK img_000880.png | computer_accessories | ETA 165min
[03:58:59]   [575/800] OK img_000899.png | computer_accessories | ETA 164min
[03:59:43]   [576/800] OK img_000923.png | computer_accessories | ETA 163min
[04:00:26]   [577/800] OK img_000995.png | computer_accessories | ETA 163min
[04:01:10]   [578/800] OK img_001003.png | computer_accessories | ETA 162min
[04:01:53]   [579/800] OK img_001005.png | computer_accessories | ETA 161min
[04:02:37]   [580/800] OK img_001009.png | computer_accessories | ETA 161min
[04:03:21]   [581/800] OK img_001031.png | computer_accessories | ETA 160min
[04:04:04]   [582/800] OK img_001058.png | computer_accessories | ETA 159min
[04:04:48]   [583/800] OK img_001075.png | computer_accessories | ETA 158min
[04:05:31]   [584/800] OK img_001088.png | computer_accessories | ETA 158min
[04:06:15]   [585/800] OK img_001099.png | computer_accessories | ETA 157min
[04:06:59]   [586/800] OK img_001115.png | computer_accessories | ETA 156min
[04:07:42]   [587/800] OK img_001127.png | computer_accessories | ETA 155min
[04:08:26]   [588/800] OK img_001136.png | computer_accessories | ETA 155min
[04:09:10]   [589/800] OK img_001183.png | computer_accessories | ETA 154min
[04:09:53]   [590/800] OK img_001195.png | computer_accessories | ETA 153min
[04:10:37]   [591/800] OK img_001202.png | computer_accessories | ETA 153min
[04:11:21]   [592/800] OK img_001204.png | computer_accessories | ETA 152min
[04:12:04]   [593/800] OK img_001205.png | computer_accessories | ETA 151min
[04:12:47]   [594/800] OK img_001210.png | computer_accessories | ETA 150min
[04:13:31]   [595/800] OK img_001212.png | computer_accessories | ETA 150min
[04:14:14]   [596/800] OK img_001234.png | computer_accessories | ETA 149min
[04:14:58]   [597/800] OK img_001236.png | computer_accessories | ETA 148min
[04:15:41]   [598/800] OK img_001266.png | computer_accessories | ETA 147min
[04:16:25]   [599/800] OK img_001289.png | computer_accessories | ETA 147min
[04:17:08]   [600/800] OK img_001295.png | computer_accessories | ETA 146min
[04:17:52]   [601/800] OK img_001312.png | computer_accessories | ETA 145min
[04:18:35]   [602/800] OK img_001333.png | computer_accessories | ETA 144min
[04:19:19]   [603/800] OK img_001337.png | computer_accessories | ETA 144min
[04:20:02]   [604/800] OK img_001346.png | computer_accessories | ETA 143min
[04:20:46]   [605/800] OK img_001383.png | computer_accessories | ETA 142min
[04:21:29]   [606/800] OK img_001402.png | computer_accessories | ETA 142min
[04:22:13]   [607/800] OK img_001403.png | computer_accessories | ETA 141min
[04:22:56]   [608/800] OK img_001410.png | computer_accessories | ETA 140min
[04:23:40]   [609/800] OK img_001459.png | computer_accessories | ETA 139min
[04:24:23]   [610/800] OK img_001461.png | computer_accessories | ETA 139min
[04:25:07]   [611/800] OK img_001494.png | computer_accessories | ETA 138min
[04:25:50]   [612/800] OK img_001495.png | computer_accessories | ETA 137min
[04:26:34]   [613/800] OK img_001502.png | computer_accessories | ETA 136min
[04:27:17]   [614/800] OK img_001517.png | computer_accessories | ETA 136min
[04:28:01]   [615/800] OK img_001518.png | computer_accessories | ETA 135min
[04:28:44]   [616/800] OK img_001530.png | computer_accessories | ETA 134min
[04:29:27]   [617/800] OK img_001538.png | computer_accessories | ETA 133min
[04:30:11]   [618/800] OK img_001553.png | computer_accessories | ETA 133min
[04:30:54]   [619/800] OK img_001582.png | computer_accessories | ETA 132min
[04:31:38]   [620/800] OK img_001611.png | computer_accessories | ETA 131min
[04:32:22]   [621/800] OK img_001613.png | computer_accessories | ETA 131min
[04:33:05]   [622/800] OK img_001615.png | computer_accessories | ETA 130min
[04:33:49]   [623/800] OK img_001621.png | computer_accessories | ETA 129min
[04:34:33]   [624/800] OK img_001628.png | computer_accessories | ETA 128min
[04:35:16]   [625/800] OK img_001629.png | computer_accessories | ETA 128min
[04:35:59]   [626/800] OK img_001652.png | computer_accessories | ETA 127min
[04:36:43]   [627/800] OK img_001718.png | computer_accessories | ETA 126min
[04:37:26]   [628/800] OK img_001760.png | computer_accessories | ETA 125min
[04:38:10]   [629/800] OK img_001826.png | computer_accessories | ETA 125min
[04:38:53]   [630/800] OK img_001830.png | computer_accessories | ETA 124min
[04:39:37]   [631/800] OK img_001858.png | computer_accessories | ETA 123min
[04:40:20]   [632/800] OK img_001872.png | computer_accessories | ETA 123min
[04:41:04]   [633/800] OK img_001884.png | computer_accessories | ETA 122min
[04:41:47]   [634/800] OK img_001893.png | computer_accessories | ETA 121min
[04:42:31]   [635/800] OK img_001897.png | computer_accessories | ETA 120min
[04:43:14]   [636/800] OK img_001957.png | computer_accessories | ETA 120min
[04:43:58]   [637/800] OK img_001964.png | computer_accessories | ETA 119min
[04:44:42]   [638/800] OK img_001972.png | computer_accessories | ETA 118min
[04:45:25]   [639/800] OK img_002010.png | computer_accessories | ETA 117min
[04:46:09]   [640/800] OK img_002019.png | computer_accessories | ETA 117min
[04:46:53]   [641/800] OK img_002090.png | computer_accessories | ETA 116min
[04:47:36]   [642/800] OK img_002153.png | computer_accessories | ETA 115min
[04:48:20]   [643/800] OK img_002160.png | computer_accessories | ETA 115min
[04:49:03]   [644/800] OK img_002172.png | computer_accessories | ETA 114min
[04:49:47]   [645/800] OK img_002185.png | computer_accessories | ETA 113min
[04:50:31]   [646/800] OK img_002188.png | computer_accessories | ETA 112min
[04:51:14]   [647/800] OK img_002191.png | computer_accessories | ETA 112min
[04:51:58]   [648/800] OK img_002194.png | computer_accessories | ETA 111min
[04:52:42]   [649/800] OK img_002219.png | computer_accessories | ETA 110min
[04:53:26]   [650/800] OK img_002257.png | computer_accessories | ETA 109min
[04:54:09]   [651/800] OK img_002268.png | computer_accessories | ETA 109min
[04:54:53]   [652/800] OK img_002293.png | computer_accessories | ETA 108min
[04:55:36]   [653/800] OK img_002342.png | computer_accessories | ETA 107min
[04:56:20]   [654/800] OK img_002371.png | computer_accessories | ETA 106min
[04:57:03]   [655/800] OK img_002398.png | computer_accessories | ETA 106min
[04:57:46]   [656/800] OK img_002435.png | computer_accessories | ETA 105min
[04:58:29]   [657/800] OK img_002441.png | computer_accessories | ETA 104min
[04:59:13]   [658/800] OK img_002465.png | computer_accessories | ETA 104min
[04:59:56]   [659/800] OK img_002466.png | computer_accessories | ETA 103min
[05:00:39]   [660/800] OK img_002467.png | computer_accessories | ETA 102min
[05:01:23]   [661/800] OK img_002494.png | computer_accessories | ETA 101min
[05:02:06]   [662/800] OK img_002508.png | computer_accessories | ETA 101min
[05:02:50]   [663/800] OK img_002512.png | computer_accessories | ETA 100min
[05:03:33]   [664/800] OK img_002525.png | computer_accessories | ETA 99min
[05:04:17]   [665/800] OK img_002531.png | computer_accessories | ETA 98min
[05:05:00]   [666/800] OK img_002534.png | computer_accessories | ETA 98min
[05:05:44]   [667/800] OK img_002570.png | computer_accessories | ETA 97min
[05:06:27]   [668/800] OK img_002631.png | computer_accessories | ETA 96min
[05:07:11]   [669/800] OK img_002645.png | computer_accessories | ETA 96min
[05:07:54]   [670/800] OK img_002653.png | computer_accessories | ETA 95min
[05:08:37]   [671/800] OK img_002676.png | computer_accessories | ETA 94min
[05:09:21]   [672/800] OK img_002685.png | computer_accessories | ETA 93min
[05:10:05]   [673/800] OK img_002720.png | computer_accessories | ETA 93min
[05:10:48]   [674/800] OK img_002723.png | computer_accessories | ETA 92min
[05:11:32]   [675/800] OK img_002731.png | computer_accessories | ETA 91min
[05:12:15]   [676/800] OK img_002739.png | computer_accessories | ETA 90min
[05:12:58]   [677/800] OK img_002740.png | computer_accessories | ETA 90min
[05:13:42]   [678/800] OK img_002743.png | computer_accessories | ETA 89min
[05:14:25]   [679/800] OK img_002752.png | computer_accessories | ETA 88min
[05:15:09]   [680/800] OK img_002765.png | computer_accessories | ETA 87min
[05:15:52]   [681/800] OK img_002766.png | computer_accessories | ETA 87min
[05:16:36]   [682/800] OK img_002775.png | computer_accessories | ETA 86min
[05:17:19]   [683/800] OK img_002822.png | computer_accessories | ETA 85min
[05:18:03]   [684/800] OK img_002823.png | computer_accessories | ETA 85min
[05:18:46]   [685/800] OK img_002831.png | computer_accessories | ETA 84min
[05:19:30]   [686/800] OK img_002853.png | computer_accessories | ETA 83min
[05:20:13]   [687/800] OK img_002854.png | computer_accessories | ETA 82min
[05:20:56]   [688/800] OK img_002862.png | computer_accessories | ETA 82min
[05:21:40]   [689/800] OK img_002899.png | computer_accessories | ETA 81min
[05:22:23]   [690/800] OK img_002926.png | computer_accessories | ETA 80min
[05:23:07]   [691/800] OK img_002967.png | computer_accessories | ETA 79min
[05:23:50]   [692/800] OK img_002969.png | computer_accessories | ETA 79min
[05:24:34]   [693/800] OK img_002975.png | computer_accessories | ETA 78min
[05:25:17]   [694/800] OK img_003019.png | computer_accessories | ETA 77min
[05:26:00]   [695/800] OK img_003024.png | computer_accessories | ETA 77min
[05:26:44]   [696/800] OK img_003030.png | computer_accessories | ETA 76min
[05:27:27]   [697/800] OK img_003031.png | computer_accessories | ETA 75min
[05:28:11]   [698/800] OK img_003038.png | computer_accessories | ETA 74min
[05:28:54]   [699/800] OK img_003062.png | computer_accessories | ETA 74min
[05:29:38]   [700/800] OK img_003064.png | computer_accessories | ETA 73min
[05:30:21]   [701/800] OK img_003081.png | computer_accessories | ETA 72min
[05:31:05]   [702/800] OK img_003120.png | computer_accessories | ETA 71min
[05:31:48]   [703/800] OK img_003166.png | computer_accessories | ETA 71min
[05:32:31]   [704/800] OK img_003171.png | computer_accessories | ETA 70min
[05:33:15]   [705/800] OK img_003178.png | computer_accessories | ETA 69min
[05:33:58]   [706/800] OK img_003216.png | computer_accessories | ETA 69min
[05:34:41]   [707/800] OK img_003218.png | computer_accessories | ETA 68min
[05:35:25]   [708/800] OK img_003220.png | computer_accessories | ETA 67min
[05:36:08]   [709/800] OK img_003227.png | computer_accessories | ETA 66min
[05:36:52]   [710/800] OK img_003232.png | computer_accessories | ETA 66min
[05:37:35]   [711/800] OK img_003246.png | computer_accessories | ETA 65min
[05:38:19]   [712/800] OK img_003280.png | computer_accessories | ETA 64min
[05:39:02]   [713/800] OK img_003301.png | computer_accessories | ETA 63min
[05:39:46]   [714/800] OK img_003316.png | computer_accessories | ETA 63min
[05:40:29]   [715/800] OK img_003369.png | computer_accessories | ETA 62min
[05:41:13]   [716/800] OK img_003379.png | computer_accessories | ETA 61min
[05:41:56]   [717/800] OK img_003405.png | computer_accessories | ETA 60min
[05:42:39]   [718/800] OK img_003466.png | computer_accessories | ETA 60min
[05:43:23]   [719/800] OK img_003506.png | computer_accessories | ETA 59min
[05:44:06]   [720/800] OK img_003511.png | computer_accessories | ETA 58min
[05:44:49]   [721/800] OK img_003524.png | computer_accessories | ETA 58min
[05:45:33]   [722/800] OK img_003538.png | computer_accessories | ETA 57min
[05:46:16]   [723/800] OK img_003543.png | computer_accessories | ETA 56min
[05:47:00]   [724/800] OK img_003599.png | computer_accessories | ETA 55min
[05:47:43]   [725/800] OK img_003622.png | computer_accessories | ETA 55min
[05:48:27]   [726/800] OK img_003623.png | computer_accessories | ETA 54min
[05:49:10]   [727/800] OK img_003658.png | computer_accessories | ETA 53min
[05:49:53]   [728/800] OK img_003659.png | computer_accessories | ETA 52min
[05:50:37]   [729/800] OK img_003674.png | computer_accessories | ETA 52min
[05:51:20]   [730/800] OK img_003691.png | computer_accessories | ETA 51min
[05:52:04]   [731/800] OK img_003697.png | computer_accessories | ETA 50min
[05:52:47]   [732/800] OK img_003705.png | computer_accessories | ETA 50min
[05:53:31]   [733/800] OK img_003712.png | computer_accessories | ETA 49min
[05:54:15]   [734/800] OK img_003784.png | computer_accessories | ETA 48min
[05:54:58]   [735/800] OK img_003794.png | computer_accessories | ETA 47min
[05:55:41]   [736/800] OK img_003829.png | computer_accessories | ETA 47min
[05:56:25]   [737/800] OK img_003844.png | computer_accessories | ETA 46min
[05:57:08]   [738/800] OK img_003853.png | computer_accessories | ETA 45min
[05:57:52]   [739/800] OK img_003866.png | computer_accessories | ETA 44min
[05:58:35]   [740/800] OK img_003869.png | computer_accessories | ETA 44min
[05:59:18]   [741/800] OK img_003904.png | computer_accessories | ETA 43min
[06:00:02]   [742/800] OK img_003907.png | computer_accessories | ETA 42min
[06:00:45]   [743/800] OK img_003911.png | computer_accessories | ETA 42min
[06:01:29]   [744/800] OK img_003932.png | computer_accessories | ETA 41min
[06:02:12]   [745/800] OK img_003935.png | computer_accessories | ETA 40min
[06:02:56]   [746/800] OK img_004055.png | computer_accessories | ETA 39min
[06:03:39]   [747/800] OK img_004089.png | computer_accessories | ETA 39min
[06:04:23]   [748/800] OK img_004133.png | computer_accessories | ETA 38min
[06:05:06]   [749/800] OK img_004147.png | computer_accessories | ETA 37min
[06:05:50]   [750/800] OK img_004154.png | computer_accessories | ETA 36min
[06:06:33]   [751/800] OK img_004155.png | computer_accessories | ETA 36min
[06:07:16]   [752/800] OK img_004170.png | computer_accessories | ETA 35min
[06:08:00]   [753/800] OK img_004186.png | computer_accessories | ETA 34min
[06:08:43]   [754/800] OK img_004219.png | computer_accessories | ETA 34min
[06:09:27]   [755/800] OK img_004224.png | computer_accessories | ETA 33min
[06:10:10]   [756/800] OK img_004240.png | computer_accessories | ETA 32min
[06:10:53]   [757/800] OK img_004263.png | computer_accessories | ETA 31min
[06:11:37]   [758/800] OK img_004264.png | computer_accessories | ETA 31min
[06:12:20]   [759/800] OK img_004278.png | computer_accessories | ETA 30min
[06:13:03]   [760/800] OK img_004286.png | computer_accessories | ETA 29min
[06:13:47]   [761/800] OK img_004302.png | computer_accessories | ETA 28min
[06:14:30]   [762/800] OK img_004312.png | computer_accessories | ETA 28min
[06:15:14]   [763/800] OK img_004334.png | computer_accessories | ETA 27min
[06:15:57]   [764/800] OK img_004339.png | computer_accessories | ETA 26min
[06:16:40]   [765/800] OK img_004363.png | computer_accessories | ETA 25min
[06:17:23]   [766/800] OK img_004392.png | computer_accessories | ETA 25min
[06:18:07]   [767/800] OK img_004414.png | computer_accessories | ETA 24min
[06:18:50]   [768/800] OK img_004438.png | computer_accessories | ETA 23min
[06:19:33]   [769/800] OK img_004463.png | computer_accessories | ETA 23min
[06:20:17]   [770/800] OK img_004465.png | computer_accessories | ETA 22min
[06:21:00]   [771/800] OK img_004478.png | computer_accessories | ETA 21min
[06:21:44]   [772/800] OK img_004502.png | computer_accessories | ETA 20min
[06:22:27]   [773/800] OK img_004508.png | computer_accessories | ETA 20min
[06:23:11]   [774/800] OK img_004522.png | computer_accessories | ETA 19min
[06:23:54]   [775/800] OK img_004547.png | computer_accessories | ETA 18min
[06:24:37]   [776/800] OK img_004566.png | computer_accessories | ETA 17min
[06:25:21]   [777/800] OK img_004580.png | computer_accessories | ETA 17min
[06:26:04]   [778/800] OK img_004601.png | computer_accessories | ETA 16min
[06:26:48]   [779/800] OK img_004608.png | computer_accessories | ETA 15min
[06:27:31]   [780/800] OK img_004640.png | computer_accessories | ETA 15min
[06:28:14]   [781/800] OK img_004681.png | computer_accessories | ETA 14min
[06:28:57]   [782/800] OK img_004700.png | computer_accessories | ETA 13min
[06:29:41]   [783/800] OK img_004704.png | computer_accessories | ETA 12min
[06:30:24]   [784/800] OK img_004737.png | computer_accessories | ETA 12min
[06:31:07]   [785/800] OK img_004756.png | computer_accessories | ETA 11min
[06:31:51]   [786/800] OK img_004790.png | computer_accessories | ETA 10min
[06:32:34]   [787/800] OK img_004793.png | computer_accessories | ETA 9min
[06:33:17]   [788/800] OK img_004835.png | computer_accessories | ETA 9min
[06:34:01]   [789/800] OK img_004849.png | computer_accessories | ETA 8min
[06:34:44]   [790/800] OK img_004850.png | computer_accessories | ETA 7min
[06:35:27]   [791/800] OK img_004892.png | computer_accessories | ETA 7min
[06:36:11]   [792/800] OK img_004919.png | computer_accessories | ETA 6min
[06:36:54]   [793/800] OK img_004929.png | computer_accessories | ETA 5min
[06:37:37]   [794/800] OK img_004950.png | computer_accessories | ETA 4min
[06:38:21]   [795/800] OK img_004953.png | computer_accessories | ETA 4min
[06:39:04]   [796/800] OK img_004958.png | computer_accessories | ETA 3min
[06:39:47]   [797/800] OK img_004959.png | computer_accessories | ETA 2min
[06:40:30]   [798/800] OK img_004987.png | computer_accessories | ETA 1min
[06:41:14]   [799/800] OK img_004990.png | computer_accessories | ETA 1min
[06:41:57]   [800/800] OK img_005006.png | computer_accessories | ETA 0min
[06:41:57] 
  Deleting FLUX.2 -> freeing VRAM + disk cache...
[06:41:58]   GPU used: 0.0GB
[06:41:59]   Deleted FLUX cache: models--black-forest-labs--FLUX.2-klein-4B
[06:41:59]   HF cache after cleanup: 0.0GB
[06:41:59]   Checkpoint saved: phase1_generated (800 items)
[06:41:59] PHASE 1 DONE — Generated: 800 | Skipped: 0

[06:41:59] ========================================================
[06:41:59] PHASE 2: (SKIPPED) Filter + SEO removed from Section 1 workflow
[06:41:59] ========================================================
[06:42:01] ========================================================
[06:42:01] PHASE 3: BiRefNet_HR — 2048x2048 FP16 — Background Removal (GPU)
[06:42:01]   Loading from HuggingFace: ZhengPeng7/BiRefNet_HR
[06:42:01] ========================================================
[06:42:13]   BiRefNet_HR loaded on CUDA | FP16 | 2048x2048

[06:42:58]   BG done: 20/800 | 0.44/s
[06:43:43]   BG done: 40/800 | 0.45/s
[06:44:27]   BG done: 60/800 | 0.45/s
[06:45:11]   BG done: 80/800 | 0.45/s
[06:45:55]   BG done: 100/800 | 0.45/s
[06:46:40]   BG done: 120/800 | 0.45/s
[06:47:24]   BG done: 140/800 | 0.45/s
[06:48:08]   BG done: 160/800 | 0.45/s
[06:48:53]   BG done: 180/800 | 0.45/s
[06:49:37]   BG done: 200/800 | 0.45/s
[06:50:21]   BG done: 220/800 | 0.45/s
[06:51:05]   BG done: 240/800 | 0.45/s
[06:51:49]   BG done: 260/800 | 0.45/s
[06:52:34]   BG done: 280/800 | 0.45/s
[06:53:18]   BG done: 300/800 | 0.45/s
[06:54:02]   BG done: 320/800 | 0.45/s
[06:54:46]   BG done: 340/800 | 0.45/s
[06:55:30]   BG done: 360/800 | 0.45/s
[06:56:14]   BG done: 380/800 | 0.45/s
[06:56:58]   BG done: 400/800 | 0.45/s
[06:57:43]   BG done: 420/800 | 0.45/s
[06:58:27]   BG done: 440/800 | 0.45/s
[06:59:11]   BG done: 460/800 | 0.45/s
[06:59:55]   BG done: 480/800 | 0.45/s
[07:00:39]   BG done: 500/800 | 0.45/s
[07:01:23]   BG done: 520/800 | 0.45/s
[07:02:08]   BG done: 540/800 | 0.45/s
[07:02:51]   BG done: 560/800 | 0.45/s
[07:03:35]   BG done: 580/800 | 0.45/s
[07:04:19]   BG done: 600/800 | 0.45/s
[07:05:03]   BG done: 620/800 | 0.45/s
[07:05:47]   BG done: 640/800 | 0.45/s
[07:06:31]   BG done: 660/800 | 0.45/s
[07:07:15]   BG done: 680/800 | 0.45/s
[07:07:59]   BG done: 700/800 | 0.45/s
[07:08:43]   BG done: 720/800 | 0.45/s
[07:09:27]   BG done: 740/800 | 0.45/s
[07:10:11]   BG done: 760/800 | 0.45/s
[07:10:55]   BG done: 780/800 | 0.45/s
[07:11:39]   BG done: 800/800 | 0.45/s
[07:11:39] 
  Deleting RMBG-2.0 → freeing VRAM + disk cache...
[07:11:40]   GPU used: 0.0GB
[07:11:40]   Deleted BiRefNet cache: models--ZhengPeng7--BiRefNet_HR
[07:11:40]   Deleted approved/ images (transparent/ copies kept)
[07:11:40]   HF cache after cleanup: 0.0GB
[07:11:40]   Checkpoint saved: phase3_transparent (800 items)
[07:11:40] PHASE 3 DONE — Transparent PNGs: 800

[07:11:40] ========================================================
[07:11:40] PHASE 4: Google Drive Upload + URL Capture (PNG + WEBP only)
[07:11:40] ========================================================
[07:11:41] Drive ready. Uploading 800 images...

[07:12:35]   Uploaded: 10/800 | 0.19/s
[07:13:24]   Uploaded: 20/800 | 0.19/s
[07:14:11]   Uploaded: 30/800 | 0.20/s
[07:14:59]   Uploaded: 40/800 | 0.20/s
[07:15:47]   Uploaded: 50/800 | 0.20/s
[07:16:35]   Uploaded: 60/800 | 0.20/s
[07:17:23]   Uploaded: 70/800 | 0.20/s
[07:18:11]   Uploaded: 80/800 | 0.21/s
[07:18:58]   Uploaded: 90/800 | 0.21/s
[07:19:47]   Uploaded: 100/800 | 0.21/s
[07:20:35]   Uploaded: 110/800 | 0.21/s
[07:21:24]   Uploaded: 120/800 | 0.21/s
[07:22:11]   Uploaded: 130/800 | 0.21/s
[07:22:58]   Uploaded: 140/800 | 0.21/s
[07:23:46]   Uploaded: 150/800 | 0.21/s
[07:24:32]   Uploaded: 160/800 | 0.21/s
[07:25:20]   Uploaded: 170/800 | 0.21/s
[07:26:08]   Uploaded: 180/800 | 0.21/s
[07:27:00]   Uploaded: 190/800 | 0.21/s
[07:27:47]   Uploaded: 200/800 | 0.21/s
[07:28:34]   Uploaded: 210/800 | 0.21/s
[07:29:21]   Uploaded: 220/800 | 0.21/s
[07:30:08]   Uploaded: 230/800 | 0.21/s
[07:30:55]   Uploaded: 240/800 | 0.21/s
[07:31:42]   Uploaded: 250/800 | 0.21/s
[07:32:29]   Uploaded: 260/800 | 0.21/s
[07:33:16]   Uploaded: 270/800 | 0.21/s
[07:34:04]   Uploaded: 280/800 | 0.21/s
[07:34:50]   Uploaded: 290/800 | 0.21/s
[07:35:36]   Uploaded: 300/800 | 0.21/s
[07:36:23]   Uploaded: 310/800 | 0.21/s
[07:37:09]   Uploaded: 320/800 | 0.21/s
[07:37:57]   Uploaded: 330/800 | 0.21/s
[07:38:42]   Uploaded: 340/800 | 0.21/s
[07:39:30]   Uploaded: 350/800 | 0.21/s
[07:40:17]   Uploaded: 360/800 | 0.21/s
[07:41:04]   Uploaded: 370/800 | 0.21/s
[07:41:51]   Uploaded: 380/800 | 0.21/s
[07:42:38]   Uploaded: 390/800 | 0.21/s
[07:43:25]   Uploaded: 400/800 | 0.21/s
[07:44:16]   Uploaded: 410/800 | 0.21/s
[07:45:04]   Uploaded: 420/800 | 0.21/s
[07:45:51]   Uploaded: 430/800 | 0.21/s
[07:46:37]   Uploaded: 440/800 | 0.21/s
[07:47:23]   Uploaded: 450/800 | 0.21/s
[07:48:09]   Uploaded: 460/800 | 0.21/s
[07:48:57]   Uploaded: 470/800 | 0.21/s
[07:49:44]   Uploaded: 480/800 | 0.21/s
[07:50:31]   Uploaded: 490/800 | 0.21/s
[07:51:19]   Uploaded: 500/800 | 0.21/s
[07:52:06]   Uploaded: 510/800 | 0.21/s
[07:52:53]   Uploaded: 520/800 | 0.21/s
[07:53:43]   Uploaded: 530/800 | 0.21/s
[07:54:35]   Uploaded: 540/800 | 0.21/s
[07:55:24]   Uploaded: 550/800 | 0.21/s
[07:56:13]   Uploaded: 560/800 | 0.21/s
[07:56:59]   Uploaded: 570/800 | 0.21/s
[07:57:47]   Uploaded: 580/800 | 0.21/s
[07:58:34]   Uploaded: 590/800 | 0.21/s
[07:59:20]   Uploaded: 600/800 | 0.21/s
[08:00:06]   Uploaded: 610/800 | 0.21/s
[08:00:53]   Uploaded: 620/800 | 0.21/s
[08:01:41]   Uploaded: 630/800 | 0.21/s
[08:02:28]   Uploaded: 640/800 | 0.21/s
[08:03:14]   Uploaded: 650/800 | 0.21/s
[08:04:01]   Uploaded: 660/800 | 0.21/s
[08:04:47]   Uploaded: 670/800 | 0.21/s
[08:05:34]   Uploaded: 680/800 | 0.21/s
[08:06:22]   Uploaded: 690/800 | 0.21/s
[08:07:09]   Uploaded: 700/800 | 0.21/s
[08:07:57]   Uploaded: 710/800 | 0.21/s
[08:08:44]   Uploaded: 720/800 | 0.21/s
[08:09:32]   Uploaded: 730/800 | 0.21/s
[08:10:20]   Uploaded: 740/800 | 0.21/s
[08:11:07]   Uploaded: 750/800 | 0.21/s
[08:11:55]   Uploaded: 760/800 | 0.21/s
[08:12:42]   Uploaded: 770/800 | 0.21/s
[08:13:30]   Uploaded: 780/800 | 0.21/s
[08:14:17]   Uploaded: 790/800 | 0.21/s
[08:15:05]   Uploaded: 800/800 | 0.21/s
[08:15:05]   Checkpoint saved: phase4_uploaded (800 items)
[08:15:05] PHASE 4 DONE — Uploaded: 800 in 63min
[08:15:06]   Deleted transparent/ images (uploaded to Drive)
[08:15:06] 
[08:15:07] ultradata.xlsx pushed: +800 rows
[08:15:07] ========================================================
[08:15:07] PHASE 6: Saving run logs to REPO1/logs/
[08:15:07] ========================================================