ULTRAPNG PIPELINE V7.0 — RUN REPORT
============================================================
Date       : 2026-03-29 05:15 IST
Batch      : 0 -> 10
Generated  : 5
Deleted    : 0
Approved   : 5
Transparent: 5
Uploaded   : 5
Posts      : 5
Duration   : 0.1h
Status     : SUCCESS
============================================================

FULL LOG
============================================================
[05:08:50] Manual drop: no PNG files found
[05:08:50] Loading prompts...
[05:08:50] Loaded 7972 prompts
[05:08:50] Batch: 10 prompts

[05:08:50] Building skip-set from REPO2 JSON files...
[05:08:51]   Skip-set (REPO2): 10 already-done filenames
[05:08:52]   Skip-set (ultradata): 787 already-generated filenames
[05:08:52]   Combined skip-set: 787 filenames total

[05:08:52] ========================================================
[05:08:52] PHASE 1: FLUX.2-Klein-4B — Image Generation
[05:08:52]   Loading from HuggingFace: black-forest-labs/FLUX.2-klein-4B
[05:08:52] ========================================================
[05:09:20]   Loading: black-forest-labs/FLUX.2-klein-4B
[05:09:20]   (First run: downloads ~8GB — ~5 min)
[05:10:15] FLUX.2 loaded | Batch: 10 | Skip: 787

[05:11:37]   [1/10] OK img_004767.png | animals | ETA 12min
[05:12:27]   [2/10] OK img_002865.png | animals | ETA 9min
[05:13:18]   [3/10] OK img_005019.png | animals | ETA 7min
[05:14:08]   [4/10] OK img_002235.png | animals | ETA 6min
[05:14:56]   [5/10] OK img_001834.png | animals | ETA 5min
[05:14:56]   SKIP [6/10] img_003341.png
[05:14:56]   SKIP [7/10] img_001389.png
[05:14:56]   SKIP [8/10] img_001401.png
[05:14:56] 
  Deleting FLUX.2 -> freeing VRAM + disk cache...
[05:14:57]   GPU used: 0.0GB
[05:14:58]   Deleted FLUX cache: models--black-forest-labs--FLUX.2-klein-4B
[05:14:58]   HF cache after cleanup: 0.0GB
[05:14:58]   Checkpoint saved: phase1_generated (5 items)
[05:14:58] PHASE 1 DONE — Generated: 5 | Skipped: 5

[05:14:58] ========================================================
[05:14:58] PHASE 2: (SKIPPED) Filter + SEO removed from Section 1 workflow
[05:14:58] ========================================================
[05:14:58] ========================================================
[05:14:58] PHASE 3: BiRefNet_HR — 2048x2048 FP16 — Background Removal (GPU)
[05:14:58]   Loading from HuggingFace: ZhengPeng7/BiRefNet_HR
[05:14:58] ========================================================
[05:15:07]   BiRefNet_HR loaded on CUDA | FP16 | 2048x2048

[05:15:19] 
  Deleting RMBG-2.0 → freeing VRAM + disk cache...
[05:15:19]   GPU used: 0.0GB
[05:15:20]   Deleted BiRefNet cache: models--ZhengPeng7--BiRefNet_HR
[05:15:20]   Deleted approved/ images (transparent/ copies kept)
[05:15:20]   HF cache after cleanup: 0.0GB
[05:15:20]   Checkpoint saved: phase3_transparent (5 items)
[05:15:20] PHASE 3 DONE — Transparent PNGs: 5

[05:15:20] ========================================================
[05:15:20] PHASE 4: Google Drive Upload + URL Capture (PNG + WEBP only)
[05:15:20] ========================================================
[05:15:20] Drive ready. Uploading 5 images...

[05:15:48]   Checkpoint saved: phase4_uploaded (5 items)
[05:15:48] PHASE 4 DONE — Uploaded: 5 in 0min
[05:15:48]   Deleted transparent/ images (uploaded to Drive)
[05:15:48] 
[05:15:49] ultradata.xlsx pushed: +5 rows
[05:15:49] ========================================================
[05:15:49] PHASE 6: Saving run logs to REPO1/logs/
[05:15:49] ========================================================