ULTRAPNG PIPELINE V7.0 — RUN REPORT
============================================================
Date       : 2026-04-05 14:35 IST
Batch      : 20 -> 30
Generated  : 10
Deleted    : 0
Approved   : 10
Transparent: 10
Uploaded   : 10
Posts      : 10
Duration   : 0.2h
Status     : SUCCESS
============================================================

FULL LOG
============================================================
[14:23:20] Manual drop: no PNG files found
[14:23:20] Loading prompts...
[14:23:21] Loaded 421 prompts
[14:23:21] Building skip-set from REPO2 JSON files...
[14:23:22]   Skip-set (REPO2): 10 already-done filenames
[14:23:24]   Skip-set (ultradata): 1122 already-generated filenames
[14:23:24]   Combined skip-set: 1122 filenames total

[14:23:24] Batch: 20 → 30 (10 prompts, 10 fresh)

[14:23:24] ========================================================
[14:23:24] PHASE 1: FLUX.2-Klein-4B — Image Generation
[14:23:24]   Loading from HuggingFace: black-forest-labs/FLUX.2-klein-4B
[14:23:24] ========================================================
[14:24:00]   Loading: black-forest-labs/FLUX.2-klein-4B
[14:24:00]   (First run: downloads ~8GB — ~5 min)
[14:25:02] FLUX.2 loaded | Batch: 10 | Skip: 1122

[14:26:18]   [1/10] OK almonds_grey_bg_20.png | DRY_FRUITS_NUTS | ETA 11min
[14:27:07]   [2/10] OK almonds_grey_bg_21.png | DRY_FRUITS_NUTS | ETA 8min
[14:27:54]   [3/10] OK almonds_grey_bg_22.png | DRY_FRUITS_NUTS | ETA 7min
[14:28:42]   [4/10] OK almonds_grey_bg_23.png | DRY_FRUITS_NUTS | ETA 5min
[14:29:29]   [5/10] OK almonds_grey_bg_24.png | DRY_FRUITS_NUTS | ETA 4min
[14:30:16]   [6/10] OK almonds_grey_bg_25.png | DRY_FRUITS_NUTS | ETA 3min
[14:31:02]   [7/10] OK almonds_grey_bg_26.png | DRY_FRUITS_NUTS | ETA 3min
[14:31:48]   [8/10] OK almonds_grey_bg_27.png | DRY_FRUITS_NUTS | ETA 2min
[14:32:33]   [9/10] OK almonds_grey_bg_28.png | DRY_FRUITS_NUTS | ETA 1min
[14:33:20]   [10/10] OK almonds_grey_bg_29.png | DRY_FRUITS_NUTS | ETA 0min
[14:33:20] 
  Deleting FLUX.2 -> freeing VRAM + disk cache...
[14:33:21]   GPU used: 0.0GB
[14:33:22]   Deleted FLUX cache: models--black-forest-labs--FLUX.2-klein-4B
[14:33:22]   HF cache after cleanup: 0.0GB
[14:33:22]   Checkpoint saved: phase1_generated (10 items)
[14:33:22] PHASE 1 DONE — Generated: 10 | Skipped: 0

[14:33:22] ========================================================
[14:33:22] PHASE 2: (SKIPPED) Filter + SEO removed from Section 1 workflow
[14:33:22] ========================================================
[14:33:22] ========================================================
[14:33:22] PHASE 3: BiRefNet_HR — 2048x2048 FP16 — Background Removal (GPU)
[14:33:22]   Loading from HuggingFace: ZhengPeng7/BiRefNet_HR
[14:33:22] ========================================================
[14:33:31]   BiRefNet_HR loaded on CUDA | FP16 | 2048x2048

[14:34:30] 
  Deleting RMBG-2.0 → freeing VRAM + disk cache...
[14:34:31]   GPU used: 0.0GB
[14:34:31]   Deleted BiRefNet cache: models--ZhengPeng7--BiRefNet_HR
[14:34:31]   Deleted approved/ images (transparent/ copies kept)
[14:34:31]   HF cache after cleanup: 0.0GB
[14:34:31]   Checkpoint saved: phase3_transparent (10 items)
[14:34:31] PHASE 3 DONE — Transparent PNGs: 10

[14:34:31] ========================================================
[14:34:31] PHASE 4: Google Drive Upload + URL Capture (PNG + WEBP only)
[14:34:31] ========================================================
[14:34:32] Drive ready. Uploading 10 images...

[14:34:36]   Drive folder 'DRY_FRUITS_NUTS/general': 0 existing PNGs
[14:34:44]   Drive folder 'DRY_FRUITS_NUTS/general': 1 existing PNGs
[14:34:52]   Drive folder 'DRY_FRUITS_NUTS/general': 2 existing PNGs
[14:34:59]   Drive folder 'DRY_FRUITS_NUTS/general': 3 existing PNGs
[14:35:06]   Drive folder 'DRY_FRUITS_NUTS/general': 4 existing PNGs
[14:35:14]   Drive folder 'DRY_FRUITS_NUTS/general': 5 existing PNGs
[14:35:21]   Drive folder 'DRY_FRUITS_NUTS/general': 6 existing PNGs
[14:35:28]   Drive folder 'DRY_FRUITS_NUTS/general': 7 existing PNGs
[14:35:35]   Drive folder 'DRY_FRUITS_NUTS/general': 8 existing PNGs
[14:35:42]   Drive folder 'DRY_FRUITS_NUTS/general': 9 existing PNGs
[14:35:47]   Uploaded: 10/10 | skip=0 | 0.13/s
[14:35:47]   Checkpoint saved: phase4_uploaded (10 items)
[14:35:47] PHASE 4 DONE — Uploaded: 10 | Drive-skipped: 0 | 1min
[14:35:47]   Deleted transparent/ images (uploaded to Drive)
[14:35:47] 
[14:35:50] ultradata.xlsx pushed: +10 rows
[14:35:50]   effective_end.txt written: 30 (batch_tracker will be set to this)
[14:35:50] ========================================================
[14:35:50] PHASE 6: Saving run logs to REPO1/logs/
[14:35:50] ========================================================