ULTRAPNG PIPELINE V7.0 — RUN REPORT
============================================================
Date       : 2026-04-11 06:37 IST
Batch      : 0 -> 20
Generated  : 0
Deleted    : 0
Approved   : 0
Transparent: 0
Uploaded   : 0
Posts      : 0
Duration   : 0.0h
Status     : FAILED: No prompts loaded!
============================================================

FULL LOG
============================================================
[06:37:24] Manual drop: no PNG files found
[06:37:24] Loading prompts...
[06:37:24] Prompt error: No module named 'prompts.prompt_engine'
[06:37:24] FATAL: No prompts!
[06:37:24] FATAL: No prompts loaded!
[06:37:24] ========================================================
[06:37:24] PHASE 6: Saving run logs to REPO1/logs/
[06:37:24] ========================================================