ULTRAPNG PIPELINE V6.0 — RUN REPORT
============================================================
Date       : 2026-03-26 15:36 IST
Batch      : 0 -> 10
Generated  : 5
Deleted    : 0
Approved   : 5
Transparent: 5
Uploaded   : 5
Posts      : 5
Duration   : 0.1h
Status     : SUCCESS
============================================================

FULL LOG
============================================================
[15:29:12] Manual drop: no PNG files found
[15:29:12] Loading prompts...
[15:29:13] Loaded 8132 prompts
[15:29:13] Batch: 10 prompts

[15:29:13] Building skip-set from REPO2 JSON files...
[15:29:16]   Skip-set (REPO2): 9 already-done filenames
[15:29:17]   Skip-set (ultradata): 5 already-generated filenames
[15:29:17]   Combined skip-set: 9 filenames total

[15:29:17] ========================================================
[15:29:17] PHASE 1: FLUX.2-Klein-4B — Image Generation
[15:29:17]   Loading from HuggingFace: black-forest-labs/FLUX.2-klein-4B
[15:29:17] ========================================================
[15:29:42]   Loading: black-forest-labs/FLUX.2-klein-4B
[15:29:42]   (First run: downloads ~8GB — ~5 min)
[15:30:40] FLUX.2 loaded | Batch: 10 | Skip: 9

[15:30:40]   SKIP [1/10] img_000000.png
[15:30:40]   SKIP [2/10] img_000056.png
[15:30:40]   SKIP [3/10] img_000090.png
[15:32:00]   [6/10] OK img_000170.png | fish_seafood | ETA 5min
[15:32:47]   [7/10] OK img_000176.png | fish_seafood | ETA 3min
[15:33:32]   [8/10] OK img_000180.png | fish_seafood | ETA 2min
[15:34:17]   [9/10] OK img_000195.png | fish_seafood | ETA 1min
[15:35:02]   [10/10] OK img_000216.png | fish_seafood | ETA 0min
[15:35:02] 
  Deleting FLUX.2 -> freeing VRAM + disk cache...
[15:35:03]   GPU used: 0.0GB
[15:35:04]   Deleted FLUX cache: models--black-forest-labs--FLUX.2-klein-4B
[15:35:04]   HF cache after cleanup: 0.0GB
[15:35:04]   Checkpoint saved: phase1_generated (5 items)
[15:35:04] PHASE 1 DONE — Generated: 5 | Skipped: 5

[15:35:04] ========================================================
[15:35:04] PHASE 2: (SKIPPED) Filter + SEO removed from Section 1 workflow
[15:35:04] ========================================================
[15:35:04] ========================================================
[15:35:04] PHASE 3: BiRefNet_HR — 2048x2048 FP16 — Background Removal (GPU)
[15:35:04]   Loading from HuggingFace: ZhengPeng7/BiRefNet_HR
[15:35:04] ========================================================
[15:35:18]   BiRefNet_HR loaded on CUDA | FP16 | 2048x2048

[15:35:29] 
  Deleting RMBG-2.0 → freeing VRAM + disk cache...
[15:35:30]   GPU used: 0.0GB
[15:35:30]   Deleted BiRefNet cache: models--ZhengPeng7--BiRefNet_HR
[15:35:30]   Deleted approved/ images (transparent/ copies kept)
[15:35:30]   HF cache after cleanup: 0.0GB
[15:35:30]   Checkpoint saved: phase3_transparent (5 items)
[15:35:30] PHASE 3 DONE — Transparent PNGs: 5

[15:35:30] ========================================================
[15:35:30] PHASE 4: Google Drive Upload + URL Capture (PNG + WEBP only)
[15:35:30] ========================================================
[15:35:33] Drive ready. Uploading 5 images...

[15:36:50]   Checkpoint saved: phase4_uploaded (5 items)
[15:36:50] PHASE 4 DONE — Uploaded: 5 in 1min
[15:36:50]   Deleted transparent/ images (uploaded to Drive)
[15:36:50] 
[15:36:52] ultradata.xlsx pushed: +5 rows
[15:36:52] ========================================================
[15:36:52] PHASE 6: Saving run logs to REPO1/logs/
[15:36:52] ========================================================