ULTRAPNG PIPELINE V7.0 — RUN REPORT
============================================================
Date       : 2026-03-29 14:19 IST
Batch      : 0 -> 10
Generated  : 0
Deleted    : 0
Approved   : 0
Transparent: 0
Uploaded   : 0
Posts      : 0
Duration   : ?
Status     : running
============================================================

FULL LOG
============================================================
[14:17:27] Manual drop: no PNG files found
[14:17:27] Loading prompts...
[14:17:27] Loaded 7972 prompts
[14:17:27] Batch: 10 prompts

[14:17:27] Building skip-set from REPO2 JSON files...
[14:17:28]   Skip-set (REPO2): 10 already-done filenames
[14:17:29]   Skip-set (ultradata): 792 already-generated filenames
[14:17:29]   Combined skip-set: 792 filenames total

[14:17:29] ========================================================
[14:17:29] PHASE 1: FLUX.2-Klein-4B — Image Generation
[14:17:29]   Loading from HuggingFace: black-forest-labs/FLUX.2-klein-4B
[14:17:29] ========================================================
[14:17:53]   Loading: black-forest-labs/FLUX.2-klein-4B
[14:17:53]   (First run: downloads ~8GB — ~5 min)
[14:18:48] FLUX.2 loaded | Batch: 10 | Skip: 792

[14:18:48]   SKIP [1/10] img_004767.png
[14:18:48]   SKIP [2/10] img_002865.png
[14:18:48]   SKIP [3/10] img_005019.png
[14:18:48] 
  Deleting FLUX.2 -> freeing VRAM + disk cache...
[14:18:49]   GPU used: 0.0GB
[14:18:51]   Deleted FLUX cache: models--black-forest-labs--FLUX.2-klein-4B
[14:18:51]   HF cache after cleanup: 0.0GB
[14:18:51]   Checkpoint saved: phase1_generated (0 items)
[14:18:51] PHASE 1 DONE — Generated: 0 | Skipped: 10

[14:18:51] No new images generated.
[14:18:51] ========================================================
[14:18:51] PHASE 6: Saving run logs to REPO1/logs/
[14:18:51] ========================================================