ULTRAPNG PIPELINE V7.0 — RUN REPORT
============================================================
Date       : 2026-04-05 07:02 IST
Batch      : 10 -> 20
Generated  : 10
Deleted    : 0
Approved   : 10
Transparent: 10
Uploaded   : 10
Posts      : 10
Duration   : 0.2h
Status     : SUCCESS
============================================================

FULL LOG
============================================================
[06:50:12] Manual drop: no PNG files found
[06:50:12] Loading prompts...
[06:50:13] Loaded 20 prompts
[06:50:13] Building skip-set from REPO2 JSON files...
[06:50:14]   Skip-set (REPO2): 10 already-done filenames
[06:50:16]   Skip-set (ultradata): 1112 already-generated filenames
[06:50:16]   Combined skip-set: 1112 filenames total

[06:50:16] Batch: 10 → 20 (10 prompts, 10 fresh)

[06:50:16] ========================================================
[06:50:16] PHASE 1: FLUX.2-Klein-4B — Image Generation
[06:50:16]   Loading from HuggingFace: black-forest-labs/FLUX.2-klein-4B
[06:50:16] ========================================================
[06:50:54]   Loading: black-forest-labs/FLUX.2-klein-4B
[06:50:54]   (First run: downloads ~8GB — ~5 min)
[06:51:49] FLUX.2 loaded | Batch: 10 | Skip: 1112

[06:53:07]   [1/10] OK banana_01.png | FRUITS | ETA 12min
[06:53:55]   [2/10] OK banana_02.png | FRUITS | ETA 8min
[06:54:43]   [3/10] OK banana_03.png | FRUITS | ETA 7min
[06:55:30]   [4/10] OK banana_04.png | FRUITS | ETA 6min
[06:56:17]   [5/10] OK banana_05.png | FRUITS | ETA 4min
[06:57:04]   [6/10] OK banana_06.png | FRUITS | ETA 4min
[06:57:50]   [7/10] OK banana_07.png | FRUITS | ETA 3min
[06:58:36]   [8/10] OK banana_08.png | FRUITS | ETA 2min
[06:59:23]   [9/10] OK banana_09.png | FRUITS | ETA 1min
[07:00:10]   [10/10] OK banana_10.png | FRUITS | ETA 0min
[07:00:10] 
  Deleting FLUX.2 -> freeing VRAM + disk cache...
[07:00:11]   GPU used: 0.0GB
[07:00:12]   Deleted FLUX cache: models--black-forest-labs--FLUX.2-klein-4B
[07:00:12]   HF cache after cleanup: 0.0GB
[07:00:12]   Checkpoint saved: phase1_generated (10 items)
[07:00:12] PHASE 1 DONE — Generated: 10 | Skipped: 0

[07:00:12] ========================================================
[07:00:12] PHASE 2: (SKIPPED) Filter + SEO removed from Section 1 workflow
[07:00:12] ========================================================
[07:00:12] ========================================================
[07:00:12] PHASE 3: BiRefNet_HR — 2048x2048 FP16 — Background Removal (GPU)
[07:00:12]   Loading from HuggingFace: ZhengPeng7/BiRefNet_HR
[07:00:12] ========================================================
[07:00:21]   BiRefNet_HR loaded on CUDA | FP16 | 2048x2048

[07:01:23] 
  Deleting RMBG-2.0 → freeing VRAM + disk cache...
[07:01:23]   GPU used: 0.0GB
[07:01:23]   Deleted BiRefNet cache: models--ZhengPeng7--BiRefNet_HR
[07:01:23]   Deleted approved/ images (transparent/ copies kept)
[07:01:23]   HF cache after cleanup: 0.0GB
[07:01:23]   Checkpoint saved: phase3_transparent (10 items)
[07:01:23] PHASE 3 DONE — Transparent PNGs: 10

[07:01:23] ========================================================
[07:01:23] PHASE 4: Google Drive Upload + URL Capture (PNG + WEBP only)
[07:01:23] ========================================================
[07:01:24] Drive ready. Uploading 10 images...

[07:01:28]   Drive folder 'FRUITS/general': 0 existing PNGs
[07:01:37]   Drive folder 'FRUITS/general': 1 existing PNGs
[07:01:45]   Drive folder 'FRUITS/general': 2 existing PNGs
[07:01:53]   Drive folder 'FRUITS/general': 3 existing PNGs
[07:02:00]   Drive folder 'FRUITS/general': 4 existing PNGs
[07:02:07]   Drive folder 'FRUITS/general': 5 existing PNGs
[07:02:14]   Drive folder 'FRUITS/general': 6 existing PNGs
[07:02:22]   Drive folder 'FRUITS/general': 7 existing PNGs
[07:02:29]   Drive folder 'FRUITS/general': 8 existing PNGs
[07:02:36]   Drive folder 'FRUITS/general': 9 existing PNGs
[07:02:42]   Uploaded: 10/10 | skip=0 | 0.13/s
[07:02:42]   Checkpoint saved: phase4_uploaded (10 items)
[07:02:42] PHASE 4 DONE — Uploaded: 10 | Drive-skipped: 0 | 1min
[07:02:42]   Deleted transparent/ images (uploaded to Drive)
[07:02:42] 
[07:02:44] ultradata.xlsx pushed: +10 rows
[07:02:44]   effective_end.txt written: 20 (batch_tracker will be set to this)
[07:02:44] ========================================================
[07:02:44] PHASE 6: Saving run logs to REPO1/logs/
[07:02:44] ========================================================