========================================================
LOGO LoRA PIPELINE — RUN SUMMARY
  Date      : 2026-03-29 22:38
  Status    : FAILED: 401 Client Error. (Request ID: Root=1-69c9a9e8-500f897c0af2197327856a49;10ab42da-560c-4db5-8695-6db63f197a70)

Cannot access gated repo for url https://huggingface.co/black-forest-labs/FLUX.1-dev/resolve/main/model_index.json.
Access to model black-forest-labs/FLUX.1-dev is restricted. You must have access to it and be authenticated to access it. Please log in.
  Duration  : ?
  Generated : 0
  Transparent: 0
  Uploaded  : 0
  Trigger   : wablogo, logo, 
  Model     : black-forest-labs/FLUX.1-dev
  LoRA      : Shakker-Labs/FLUX.1-dev-LoRA-Logo-Design
========================================================

[22:38:01] Loading logo prompts...
[22:38:02]   Total prompts: 6840 | Logo filtered: 1900
[22:38:02] Building skip-set from REPO2 JSON files...
[22:38:03]   Skip-set (REPO2): 10 already-done filenames
[22:38:04]   Skip-set (ultradata): 802 already-generated filenames
[22:38:04]   Combined skip-set: 802 filenames

[22:38:04] Batch: 0 → 200 | 190 fresh

[22:38:04] ========================================================
[22:38:04] PHASE 1B: FLUX.1-dev + Logo LoRA — Logo Generation
[22:38:04]   Base model : black-forest-labs/FLUX.1-dev
[22:38:04]   LoRA       : Shakker-Labs/FLUX.1-dev-LoRA-Logo-Design
[22:38:04]   Trigger    : 'wablogo, logo, '
[22:38:04]   Steps      : 24
[22:38:04]   Guidance   : 3.5
[22:38:04] ========================================================
[22:38:32]   GPU       : Tesla P100-PCIE-16GB
[22:38:32]   VRAM      : 17.1 GB
[22:38:32]   CUDA cap  : sm_60
[22:38:32]   Strategy  : float16 + sequential CPU offload (P100/sm_60)
[22:38:32] FATAL: 401 Client Error. (Request ID: Root=1-69c9a9e8-500f897c0af2197327856a49;10ab42da-560c-4db5-8695-6db63f197a70)

Cannot access gated repo for url https://huggingface.co/black-forest-labs/FLUX.1-dev/resolve/main/model_index.json.
Access to model black-forest-labs/FLUX.1-dev is restricted. You must have access to it and be authenticated to access it. Please log in.