========================================================
Z-IMAGE LOGO PIPELINE V2.0 — RUN SUMMARY
  Date       : 2026-03-30 19:41
  Status     : FAILED: Token error: {'error': 'invalid_grant', 'error_description': 'Token has been expired or revoked.'}
  Duration   : ?
  Generated  : 5
  Transparent: 5
  Uploaded   : 0
  Style pfx  : professional vector logo design, sharp clean lines, bold typography, isolated on white background, 
  Model      : Tongyi-MAI/Z-Image-Turbo
  Steps      : 9
  Guidance   : 0.0
  MaxSeqLen  : 1024
========================================================

[19:19:47] Loading logo prompts...
[19:19:48]   Total prompts: 6840 | Logo filtered: 1900
[19:19:48] Building skip-set from REPO2 JSON files...
[19:19:50]   Skip-set (REPO2): 10 already-done filenames
[19:19:51]   Skip-set (ultradata): 1102 already-generated filenames
[19:19:51]   Combined skip-set: 1102 filenames

[19:19:51]   AUTO-ADVANCE: 0 → 310
[19:19:51] Batch: 310 → 315 | 5 fresh

[19:19:51] ========================================================
[19:19:51] PHASE 1B: Z-Image-Turbo — Logo Generation (No LoRA)
[19:19:51]   Model      : Tongyi-MAI/Z-Image-Turbo
[19:19:51]   Steps      : 9  (= 8 actual DiT forwards)
[19:19:51]   Guidance   : 0.0  (0.0 = required for distilled Turbo)
[19:19:51]   MaxSeqLen  : 1024  (1024 avoids prompt truncation)
[19:19:51]   Style pfx  : 'professional vector logo design, sharp clean lines, bold typography, isolated on white background, '
[19:19:51] ========================================================
[19:20:11]   GPU        : Tesla P100-PCIE-16GB
[19:20:11]   VRAM       : 17.1 GB
[19:20:11]   CUDA cap   : sm_60
[19:20:11]   Strategy   : float16 + enable_model_cpu_offload (P100 sm_60, 16GB)
[19:20:11]   NOTE: P100 does not support bfloat16 → using float16
[19:20:11]         text encoder (~7GB) offloads to CPU after encoding
[19:20:11]         transformer (~12GB) on GPU → peak VRAM ~12GB ✓
[19:20:11]   Downloading Tongyi-MAI/Z-Image-Turbo (attempt 1)...
[19:22:12]   Download complete ✓
[19:24:25]   enable_model_cpu_offload() applied ✓
[19:24:25]   Ready! Batch: 5 | Skip: 1102

[19:26:07]   Retry (blank): important_notice_11.png
[19:27:47]   [1/5] OK important_notice_11.png | ANNOUNCEMENTS | ETA 13min
[19:29:25]   Retry (blank): important_notice_12.png
[19:31:03]   [2/5] OK important_notice_12.png | ANNOUNCEMENTS | ETA 10min
[19:32:41]   Retry (blank): important_notice_13.png
[19:34:18]   [3/5] OK important_notice_13.png | ANNOUNCEMENTS | ETA 7min
[19:35:56]   Retry (blank): important_notice_14.png
[19:37:34]   [4/5] OK important_notice_14.png | ANNOUNCEMENTS | ETA 3min
[19:39:12]   Retry (blank): important_notice_15.png
[19:40:50]   [5/5] OK important_notice_15.png | ANNOUNCEMENTS | ETA 0min
[19:40:50] 
  Deleting Z-Image-Turbo → freeing VRAM + disk cache...
[19:40:51]   GPU used: 0.0GB
[19:40:52]   Deleted cache: models--Tongyi-MAI--Z-Image-Turbo
[19:40:52]   HF cache after cleanup: 0.0GB
[19:40:52]   Checkpoint saved: phase1b_logo_generated (5 items)
[19:40:52] PHASE 1B DONE — Generated: 5 | Skipped: 0

[19:40:52] ========================================================
[19:40:52] PHASE 3: BiRefNet_HR — Background Removal (GPU)
[19:40:52]   Loading: ZhengPeng7/BiRefNet_HR
[19:40:52] ========================================================
[19:41:05]   BiRefNet_HR loaded on CUDA | FP16 | 2048x2048

[19:41:16] 
  Deleting BiRefNet_HR → freeing VRAM...
[19:41:16]   GPU used: 0.0GB
[19:41:17]   Deleted BiRefNet cache: models--ZhengPeng7--BiRefNet_HR
[19:41:17]   Deleted lora_approved/ images (transparent copies kept)
[19:41:17]   Checkpoint saved: phase3_lora_transparent (5 items)
[19:41:17] PHASE 3 DONE — Transparent PNGs: 5

[19:41:17] ========================================================
[19:41:17] PHASE 4: Google Drive Upload (PNG + WebP)
[19:41:17] ========================================================
[19:41:17] FATAL: Token error: {'error': 'invalid_grant', 'error_description': 'Token has been expired or revoked.'}