========================================================
LOGO LoRA PIPELINE — RUN SUMMARY
  Date      : 2026-03-29 19:57
  Status    : FAILED: 401 Client Error. (Request ID: Root=1-69c98444-28986f2a262218833f195ab8;6c9ae80a-b6fa-4675-8294-d0c5cd5cd2db)

Cannot access gated repo for url https://huggingface.co/black-forest-labs/FLUX.1-dev/resolve/main/model_index.json.
Access to model black-forest-labs/FLUX.1-dev is restricted. You must have access to it and be authenticated to access it. Please log in.
  Duration  : ?
  Generated : 0
  Transparent: 0
  Uploaded  : 0
  Trigger   : wablogo, logo, 
  Model     : black-forest-labs/FLUX.1-dev
  LoRA      : Shakker-Labs/FLUX.1-dev-LoRA-Logo-Design
========================================================

[19:57:30] Loading logo prompts...
[19:57:30]   Total prompts: 6840 | Logo filtered: 1900
[19:57:30] Building skip-set from REPO2 JSON files...
[19:57:32]   Skip-set (REPO2): 10 already-done filenames
[19:57:33]   Skip-set (ultradata): 802 already-generated filenames
[19:57:33]   Combined skip-set: 802 filenames

[19:57:33]   AUTO-ADVANCE: 0 → 10
[19:57:33] Batch: 10 → 15 | 5 fresh

[19:57:33] ========================================================
[19:57:33] PHASE 1B: FLUX.1-dev + Logo LoRA — Logo Generation
[19:57:33]   Base model : black-forest-labs/FLUX.1-dev
[19:57:33]   LoRA       : Shakker-Labs/FLUX.1-dev-LoRA-Logo-Design
[19:57:33]   Trigger    : 'wablogo, logo, '
[19:57:33]   Steps      : 24
[19:57:33]   Guidance   : 3.5
[19:57:33] ========================================================
[19:57:55]   GPU       : Tesla P100-PCIE-16GB
[19:57:55]   VRAM      : 17.1 GB
[19:57:55]   CUDA cap  : sm_60
[19:57:55]   Strategy  : float16 + sequential CPU offload (P100/sm_60)
[19:57:56] FATAL: 401 Client Error. (Request ID: Root=1-69c98444-28986f2a262218833f195ab8;6c9ae80a-b6fa-4675-8294-d0c5cd5cd2db)

Cannot access gated repo for url https://huggingface.co/black-forest-labs/FLUX.1-dev/resolve/main/model_index.json.
Access to model black-forest-labs/FLUX.1-dev is restricted. You must have access to it and be authenticated to access it. Please log in.