========================================================
Z-IMAGE LOGO PIPELINE V2.0 — RUN SUMMARY
  Date       : 2026-03-30 19:03
  Status     : FAILED: The read operation timed out
  Duration   : ?
  Generated  : 0
  Transparent: 0
  Uploaded   : 0
  Style pfx  : professional vector logo design, sharp clean lines, bold typography, isolated on white background, 
  Model      : Tongyi-MAI/Z-Image-Turbo
  Steps      : 9
  Guidance   : 0.0
  MaxSeqLen  : 1024
========================================================

[19:01:06] Loading logo prompts...
[19:01:07]   Total prompts: 6840 | Logo filtered: 1900
[19:01:07] Building skip-set from REPO2 JSON files...
[19:01:10]   Skip-set (REPO2): 10 already-done filenames
[19:01:12]   Skip-set (ultradata): 1102 already-generated filenames
[19:01:12]   Combined skip-set: 1102 filenames

[19:01:12]   AUTO-ADVANCE: 0 → 310
[19:01:12] Batch: 310 → 315 | 5 fresh

[19:01:12] ========================================================
[19:01:12] PHASE 1B: Z-Image-Turbo — Logo Generation (No LoRA)
[19:01:12]   Model      : Tongyi-MAI/Z-Image-Turbo
[19:01:12]   Steps      : 9  (= 8 actual DiT forwards)
[19:01:12]   Guidance   : 0.0  (0.0 = required for distilled Turbo)
[19:01:12]   MaxSeqLen  : 1024  (1024 avoids prompt truncation)
[19:01:12]   Style pfx  : 'professional vector logo design, sharp clean lines, bold typography, isolated on white background, '
[19:01:12] ========================================================
[19:01:28]   GPU        : Tesla P100-PCIE-16GB
[19:01:28]   VRAM       : 17.1 GB
[19:01:28]   CUDA cap   : sm_60
[19:01:28]   Strategy   : float16 + enable_model_cpu_offload (P100 sm_60, 16GB)
[19:01:28]   NOTE: P100 does not support bfloat16 → using float16
[19:01:28]         text encoder (~7GB) offloads to CPU after encoding
[19:01:28]         transformer (~12GB) on GPU → peak VRAM ~12GB ✓
[19:03:29] FATAL: The read operation timed out