========================================================
Z-IMAGE LOGO PIPELINE V2.1 (T4x2 FIXED) — RUN SUMMARY
  Date       : 2026-03-31 18:41
  Status     : SUCCESS
  Duration   : 0.3h
  Generated  : 5
  Transparent: 5
  Uploaded   : 5
  Style pfx  : professional vector logo design, sharp clean lines, bold typography, isolated on white background, 
  Model      : Tongyi-MAI/Z-Image-Turbo
  Steps      : 9
  Guidance   : 0.0
  MaxSeqLen  : 256
========================================================

[18:24:22] Loading logo prompts...
[18:24:22]   Total prompts: 6840 | Logo filtered: 1900
[18:24:22] Building skip-set from REPO2 JSON files...
[18:24:23]   Skip-set (REPO2): 10 already-done filenames
[18:24:25]   Skip-set (ultradata): 1107 already-generated filenames
[18:24:25]   Combined skip-set: 1107 filenames

[18:24:25]   AUTO-ADVANCE: 5 → 315
[18:24:25] Batch: 315 → 320 | 5 fresh

[18:24:25] ========================================================
[18:24:25] PHASE 1B: Z-Image-Turbo — Logo Generation (No LoRA)
[18:24:25]   Model      : Tongyi-MAI/Z-Image-Turbo
[18:24:25]   Steps      : 9  (= 8 actual DiT forwards)
[18:24:25]   Guidance   : 0.0  (0.0 = required for distilled Turbo)
[18:24:25]   MaxSeqLen  : 256  (256 = sufficient for logo prompts <80 tokens)
[18:24:25]   Style pfx  : 'professional vector logo design, sharp clean lines, bold typography, isolated on white background, '
[18:24:25] ========================================================
[18:25:08]   GPU count  : 2
[18:25:08]   GPU[0]     : Tesla T4 | VRAM: 15.6GB
[18:25:08]   GPU[1]     : Tesla T4 | VRAM: 15.6GB
[18:25:08]   CUDA cap   : sm_75
[18:25:08]   Strategy   : T4 x2 MULTI-GPU (V2.4 FIXED) — split across 2 GPUs
[18:25:08]   Total VRAM : 31GB (2×16GB)
[18:25:08]   [T4X2-FIX 1] max_memory: GPU:0=10GB, GPU:1=15GB
[18:25:08]                → Transformer splits across both GPUs
[18:25:08]                → GPU:0 gets ~5.6GB free for 1024×1024 activations ✓
[18:25:08]                → Eliminates OOM retry → each image runs ONCE ✓
[18:25:08]   Downloading Tongyi-MAI/Z-Image-Turbo (attempt 1)...
[18:27:13]   Download complete ✓
[18:27:13]   Loading Z-Image-Turbo — T4 x2 MULTI-GPU (V2.4 FIXED)...
[18:27:13]   [T4X2-FIX 1] max_memory={0:'10GB', 1:'15GB'}
[18:27:13]                Transformer splits → GPU:0 gets 5.6GB free for activations
[18:29:08]   Device map : {'transformer': 1, 'text_encoder': 0, 'vae': 0}
[18:29:08]   GPU[0] VRAM: 8.2GB / 16GB (free: 7.4GB)
[18:29:08]   GPU[1] VRAM: 12.3GB / 16GB (free: 3.3GB)
[18:29:08]   [T4X2-FIX 2] VAE moved to cuda:0 ✓ — no cross-GPU decode overhead
[18:29:08]                GPU[0] VRAM now: 8.2GB / 16GB (free: 7.4GB)
[18:29:08]   [T4X2-FIX 3] Attention slicing (size=1) enabled ✓ — ~30% less activation VRAM
[18:29:08]   [T4X2-FIX 4] VAE slicing warning (non-fatal): 'ZImagePipeline' object has no attribute 'enable_vae_slicing'
[18:29:08]   GPU[0] final VRAM: 8.2GB used | 7.4GB free
[18:29:08]   GPU[1] final VRAM: 12.3GB used | 3.3GB free
[18:29:08]   T4x2 load complete — ready for 1024×1024 inference ✓

[18:29:08]   Ready! Batch: 5 | Skip: 1107

[18:29:11]   OOM at 1024×1024 → retrying at 768×768: important_notice_16.png
[18:31:17]   [1/5] OK important_notice_16.png | ANNOUNCEMENTS [768→1024] | ETA 9min
[18:31:18]   OOM at 1024×1024 → retrying at 768×768: important_notice_17.png
[18:33:29]   [2/5] OK important_notice_17.png | ANNOUNCEMENTS [768→1024] | ETA 7min
[18:33:31]   OOM at 1024×1024 → retrying at 768×768: important_notice_18.png
[18:35:43]   [3/5] OK important_notice_18.png | ANNOUNCEMENTS [768→1024] | ETA 4min
[18:35:44]   OOM at 1024×1024 → retrying at 768×768: important_notice_19.png
[18:37:56]   [4/5] OK important_notice_19.png | ANNOUNCEMENTS [768→1024] | ETA 2min
[18:37:58]   OOM at 1024×1024 → retrying at 768×768: important_notice_20.png
[18:40:10]   [5/5] OK important_notice_20.png | ANNOUNCEMENTS [768→1024] | ETA 0min
[18:40:10] 
  Deleting Z-Image-Turbo → freeing VRAM + disk cache...
[18:40:11]   GPU used: 0.0GB
[18:40:13]   Deleted cache: models--Tongyi-MAI--Z-Image-Turbo
[18:40:13]   HF cache after cleanup: 0.0GB
[18:40:13]   Checkpoint saved: phase1b_logo_generated (5 items)
[18:40:13] PHASE 1B DONE — Generated: 5 | Skipped: 0

[18:40:13] ========================================================
[18:40:13] PHASE 3+4: BiRefNet_HR BG Removal → Drive Upload
[18:40:13]   Model      : ZhengPeng7/BiRefNet_HR
[18:40:13]   Total      : 5 images
[18:40:13]   Batch size : 50 (Drive push every 50 images)
[18:40:13] ========================================================
[18:40:24]   BiRefNet_HR on CUDA | FP16 | 1024x1024

[18:40:35]   [1/5] ✓ important_notice_16.png | ETA 1min
[18:40:40]   [2/5] ✓ important_notice_17.png | ETA 0min
[18:40:45]   [3/5] ✓ important_notice_18.png | ETA 0min
[18:40:51]   [4/5] ✓ important_notice_19.png | ETA 0min
[18:40:56]   [5/5] ✓ important_notice_20.png | ETA 0min
[18:40:56]   Checkpoint saved: phase3_4_uploaded (5 items)
[18:40:56] 
  ── FINAL BATCH CHECKPOINT: 5 total uploaded ──
[18:40:56]   Appending final 5 rows to ultradata.xlsx...
[18:40:58] ultradata.xlsx pushed: +5 rows
[18:40:58]   xlsx final batch push OK ✓

[18:40:58]   Deleting BiRefNet_HR → freeing VRAM...
[18:40:59]   GPU used: 0.0GB
[18:40:59]   Deleted BiRefNet cache: models--ZhengPeng7--BiRefNet_HR
[18:40:59]   Deleted lora_approved/ images (transparent copies kept)
[18:40:59] PHASE 3+4 DONE — BG removed + Uploaded: 5

[18:41:00] ultradata.xlsx pushed: +5 rows
[18:41:00]   effective_end.txt written: 320