========================================================
LOGO LoRA PIPELINE — RUN SUMMARY
  Date      : 2026-03-29 20:13
  Status    : FAILED: 401 Client Error. (Request ID: Root=1-69c987d5-3cac995c28f902661c503488;2a4a6473-c469-49d6-91e9-8acbc6fbdd2c)

Cannot access gated repo for url https://huggingface.co/black-forest-labs/FLUX.1-dev/resolve/main/model_index.json.
Access to model black-forest-labs/FLUX.1-dev is restricted. You must have access to it and be authenticated to access it. Please log in.
  Duration  : ?
  Generated : 0
  Transparent: 0
  Uploaded  : 0
  Trigger   : wablogo, logo, 
  Model     : black-forest-labs/FLUX.1-dev
  LoRA      : Shakker-Labs/FLUX.1-dev-LoRA-Logo-Design
========================================================

[20:12:38] Loading logo prompts...
[20:12:39]   Total prompts: 6840 | Logo filtered: 1900
[20:12:39] Building skip-set from REPO2 JSON files...
[20:12:42]   Skip-set (REPO2): 10 already-done filenames
[20:12:45]   Skip-set (ultradata): 802 already-generated filenames
[20:12:45]   Combined skip-set: 802 filenames

[20:12:45]   AUTO-ADVANCE: 0 → 10
[20:12:45] Batch: 10 → 15 | 5 fresh

[20:12:45] ========================================================
[20:12:45] PHASE 1B: FLUX.1-dev + Logo LoRA — Logo Generation
[20:12:45]   Base model : black-forest-labs/FLUX.1-dev
[20:12:45]   LoRA       : Shakker-Labs/FLUX.1-dev-LoRA-Logo-Design
[20:12:45]   Trigger    : 'wablogo, logo, '
[20:12:45]   Steps      : 24
[20:12:45]   Guidance   : 3.5
[20:12:45] ========================================================
[20:13:08]   GPU       : Tesla P100-PCIE-16GB
[20:13:08]   VRAM      : 17.1 GB
[20:13:08]   CUDA cap  : sm_60
[20:13:08]   Strategy  : float16 + sequential CPU offload (P100/sm_60)
[20:13:09] FATAL: 401 Client Error. (Request ID: Root=1-69c987d5-3cac995c28f902661c503488;2a4a6473-c469-49d6-91e9-8acbc6fbdd2c)

Cannot access gated repo for url https://huggingface.co/black-forest-labs/FLUX.1-dev/resolve/main/model_index.json.
Access to model black-forest-labs/FLUX.1-dev is restricted. You must have access to it and be authenticated to access it. Please log in.